[  3%] Built target mocap4r2_robot_gt_msgs__cpp
[ 12%] Built target mocap4r2_robot_gt_msgs__rosidl_generator_c
[ 35%] Built target mocap4r2_robot_gt_msgs__rosidl_typesupport_cpp
[ 38%] Built target mocap4r2_robot_gt_msgs__rosidl_typesupport_introspection_cpp
[ 41%] Built target mocap4r2_robot_gt_msgs__rosidl_typesupport_c
[ 51%] Built target mocap4r2_robot_gt_msgs__rosidl_typesupport_introspection_c
[ 61%] Built target mocap4r2_robot_gt_msgs__rosidl_typesupport_fastrtps_cpp
[ 70%] Built target mocap4r2_robot_gt_msgs__rosidl_typesupport_fastrtps_c
[ 70%] Built target mocap4r2_robot_gt_msgs
[ 74%] Built target mocap4r2_robot_gt_msgs__py
[ 80%] Built target mocap4r2_robot_gt_msgs__python
[ 87%] Built target mocap4r2_robot_gt_msgs__rosidl_typesupport_fastrtps_c__pyext
[ 93%] Built target mocap4r2_robot_gt_msgs__rosidl_typesupport_introspection_c__pyext
[100%] Built target mocap4r2_robot_gt_msgs__rosidl_typesupport_c__pyext
-- Install configuration: ""
-- Execute custom install script
-- Up-to-date symlink: /home/sofia/mocap4r2_ws/install/mocap4r2_robot_gt_msgs/share/ament_index/resource_index/rosidl_interfaces/mocap4r2_robot_gt_msgs
-- Up-to-date symlink: /home/sofia/mocap4r2_ws/install/mocap4r2_robot_gt_msgs/include/mocap4r2_robot_gt_msgs/msg/rosidl_generator_c__visibility_control.h
-- Up-to-date symlink: /home/sofia/mocap4r2_ws/install/mocap4r2_robot_gt_msgs/include/mocap4r2_robot_gt_msgs/srv/detail/set_gt_origin__functions.h
-- Up-to-date symlink: /home/sofia/mocap4r2_ws/install/mocap4r2_robot_gt_msgs/include/mocap4r2_robot_gt_msgs/srv/detail/set_gt_origin__struct.h
-- Up-to-date symlink: /home/sofia/mocap4r2_ws/install/mocap4r2_robot_gt_msgs/include/mocap4r2_robot_gt_msgs/srv/detail/set_gt_origin__type_support.h
-- Up-to-date symlink: /home/sofia/mocap4r2_ws/install/mocap4r2_robot_gt_msgs/include/mocap4r2_robot_gt_msgs/srv/set_gt_origin.h
-- Up-to-date symlink: /home/sofia/mocap4r2_ws/install/mocap4r2_robot_gt_msgs/share/mocap4r2_robot_gt_msgs/environment/library_path.sh
-- Up-to-date symlink: /home/sofia/mocap4r2_ws/install/mocap4r2_robot_gt_msgs/share/mocap4r2_robot_gt_msgs/environment/library_path.dsv
-- Up-to-date symlink: /home/sofia/mocap4r2_ws/install/mocap4r2_robot_gt_msgs/include/mocap4r2_robot_gt_msgs/msg/rosidl_typesupport_fastrtps_c__visibility_control.h
-- Up-to-date symlink: /home/sofia/mocap4r2_ws/install/mocap4r2_robot_gt_msgs/include/mocap4r2_robot_gt_msgs/srv/detail/set_gt_origin__rosidl_typesupport_fastrtps_c.h
-- Up-to-date symlink: /home/sofia/mocap4r2_ws/install/mocap4r2_robot_gt_msgs/lib/libmocap4r2_robot_gt_msgs__rosidl_typesupport_fastrtps_c.so
-- Up-to-date symlink: /home/sofia/mocap4r2_ws/install/mocap4r2_robot_gt_msgs/include/mocap4r2_robot_gt_msgs/msg/rosidl_typesupport_fastrtps_cpp__visibility_control.h
-- Up-to-date symlink: /home/sofia/mocap4r2_ws/install/mocap4r2_robot_gt_msgs/include/mocap4r2_robot_gt_msgs/srv/detail/set_gt_origin__rosidl_typesupport_fastrtps_cpp.hpp
-- Up-to-date symlink: /home/sofia/mocap4r2_ws/install/mocap4r2_robot_gt_msgs/lib/libmocap4r2_robot_gt_msgs__rosidl_typesupport_fastrtps_cpp.so
-- Up-to-date symlink: /home/sofia/mocap4r2_ws/install/mocap4r2_robot_gt_msgs/include/mocap4r2_robot_gt_msgs/msg/rosidl_typesupport_introspection_c__visibility_control.h
-- Up-to-date symlink: /home/sofia/mocap4r2_ws/install/mocap4r2_robot_gt_msgs/include/mocap4r2_robot_gt_msgs/srv/detail/set_gt_origin__rosidl_typesupport_introspection_c.h
-- Up-to-date symlink: /home/sofia/mocap4r2_ws/install/mocap4r2_robot_gt_msgs/include/mocap4r2_robot_gt_msgs/msg/rosidl_generator_cpp__visibility_control.hpp
-- Up-to-date symlink: /home/sofia/mocap4r2_ws/install/mocap4r2_robot_gt_msgs/include/mocap4r2_robot_gt_msgs/srv/detail/set_gt_origin__builder.hpp
-- Up-to-date symlink: /home/sofia/mocap4r2_ws/install/mocap4r2_robot_gt_msgs/include/mocap4r2_robot_gt_msgs/srv/detail/set_gt_origin__struct.hpp
-- Up-to-date symlink: /home/sofia/mocap4r2_ws/install/mocap4r2_robot_gt_msgs/include/mocap4r2_robot_gt_msgs/srv/detail/set_gt_origin__traits.hpp
-- Up-to-date symlink: /home/sofia/mocap4r2_ws/install/mocap4r2_robot_gt_msgs/include/mocap4r2_robot_gt_msgs/srv/detail/set_gt_origin__type_support.hpp
-- Up-to-date symlink: /home/sofia/mocap4r2_ws/install/mocap4r2_robot_gt_msgs/include/mocap4r2_robot_gt_msgs/srv/set_gt_origin.hpp
-- Up-to-date symlink: /home/sofia/mocap4r2_ws/install/mocap4r2_robot_gt_msgs/include/mocap4r2_robot_gt_msgs/srv/detail/set_gt_origin__rosidl_typesupport_introspection_cpp.hpp
-- Up-to-date symlink: /home/sofia/mocap4r2_ws/install/mocap4r2_robot_gt_msgs/share/mocap4r2_robot_gt_msgs/environment/pythonpath.sh
-- Up-to-date symlink: /home/sofia/mocap4r2_ws/install/mocap4r2_robot_gt_msgs/share/mocap4r2_robot_gt_msgs/environment/pythonpath.dsv
-- Up-to-date symlink: /home/sofia/mocap4r2_ws/install/mocap4r2_robot_gt_msgs/lib/python3.8/site-packages/mocap4r2_robot_gt_msgs/__init__.py
-- Up-to-date symlink: /home/sofia/mocap4r2_ws/install/mocap4r2_robot_gt_msgs/lib/python3.8/site-packages/mocap4r2_robot_gt_msgs/srv/__init__.py
-- Up-to-date symlink: /home/sofia/mocap4r2_ws/install/mocap4r2_robot_gt_msgs/lib/python3.8/site-packages/mocap4r2_robot_gt_msgs/srv/_set_gt_origin.py
-- Up-to-date symlink: /home/sofia/mocap4r2_ws/install/mocap4r2_robot_gt_msgs/lib/python3.8/site-packages/mocap4r2_robot_gt_msgs/mocap4r2_robot_gt_msgs_s__rosidl_typesupport_fastrtps_c.cpython-38-x86_64-linux-gnu.so
-- Up-to-date symlink: /home/sofia/mocap4r2_ws/install/mocap4r2_robot_gt_msgs/lib/python3.8/site-packages/mocap4r2_robot_gt_msgs/mocap4r2_robot_gt_msgs_s__rosidl_typesupport_introspection_c.cpython-38-x86_64-linux-gnu.so
-- Up-to-date symlink: /home/sofia/mocap4r2_ws/install/mocap4r2_robot_gt_msgs/lib/python3.8/site-packages/mocap4r2_robot_gt_msgs/mocap4r2_robot_gt_msgs_s__rosidl_typesupport_c.cpython-38-x86_64-linux-gnu.so
-- Up-to-date symlink: /home/sofia/mocap4r2_ws/install/mocap4r2_robot_gt_msgs/lib/libmocap4r2_robot_gt_msgs__python.so
-- Up-to-date symlink: /home/sofia/mocap4r2_ws/install/mocap4r2_robot_gt_msgs/share/mocap4r2_robot_gt_msgs/srv/SetGTOrigin.idl
-- Up-to-date symlink: /home/sofia/mocap4r2_ws/install/mocap4r2_robot_gt_msgs/share/mocap4r2_robot_gt_msgs/srv/SetGTOrigin.srv
-- Up-to-date symlink: /home/sofia/mocap4r2_ws/install/mocap4r2_robot_gt_msgs/share/mocap4r2_robot_gt_msgs/srv/SetGTOrigin_Request.msg
-- Up-to-date symlink: /home/sofia/mocap4r2_ws/install/mocap4r2_robot_gt_msgs/share/mocap4r2_robot_gt_msgs/srv/SetGTOrigin_Response.msg
-- Up-to-date symlink: /home/sofia/mocap4r2_ws/install/mocap4r2_robot_gt_msgs/share/ament_index/resource_index/package_run_dependencies/mocap4r2_robot_gt_msgs
-- Up-to-date symlink: /home/sofia/mocap4r2_ws/install/mocap4r2_robot_gt_msgs/share/ament_index/resource_index/parent_prefix_path/mocap4r2_robot_gt_msgs
-- Up-to-date symlink: /home/sofia/mocap4r2_ws/install/mocap4r2_robot_gt_msgs/share/mocap4r2_robot_gt_msgs/environment/ament_prefix_path.sh
-- Up-to-date symlink: /home/sofia/mocap4r2_ws/install/mocap4r2_robot_gt_msgs/share/mocap4r2_robot_gt_msgs/environment/ament_prefix_path.dsv
-- Up-to-date symlink: /home/sofia/mocap4r2_ws/install/mocap4r2_robot_gt_msgs/share/mocap4r2_robot_gt_msgs/environment/path.sh
-- Up-to-date symlink: /home/sofia/mocap4r2_ws/install/mocap4r2_robot_gt_msgs/share/mocap4r2_robot_gt_msgs/environment/path.dsv
-- Up-to-date symlink: /home/sofia/mocap4r2_ws/install/mocap4r2_robot_gt_msgs/share/mocap4r2_robot_gt_msgs/local_setup.bash
-- Up-to-date symlink: /home/sofia/mocap4r2_ws/install/mocap4r2_robot_gt_msgs/share/mocap4r2_robot_gt_msgs/local_setup.sh
-- Up-to-date symlink: /home/sofia/mocap4r2_ws/install/mocap4r2_robot_gt_msgs/share/mocap4r2_robot_gt_msgs/local_setup.zsh
-- Up-to-date symlink: /home/sofia/mocap4r2_ws/install/mocap4r2_robot_gt_msgs/share/mocap4r2_robot_gt_msgs/local_setup.dsv
-- Symlinking: /home/sofia/mocap4r2_ws/install/mocap4r2_robot_gt_msgs/share/mocap4r2_robot_gt_msgs/package.dsv
-- Up-to-date symlink: /home/sofia/mocap4r2_ws/install/mocap4r2_robot_gt_msgs/share/ament_index/resource_index/packages/mocap4r2_robot_gt_msgs
-- Up-to-date symlink: /home/sofia/mocap4r2_ws/install/mocap4r2_robot_gt_msgs/share/mocap4r2_robot_gt_msgs/cmake/rosidl_cmake-extras.cmake
-- Up-to-date symlink: /home/sofia/mocap4r2_ws/install/mocap4r2_robot_gt_msgs/share/mocap4r2_robot_gt_msgs/cmake/ament_cmake_export_dependencies-extras.cmake
-- Up-to-date symlink: /home/sofia/mocap4r2_ws/install/mocap4r2_robot_gt_msgs/share/mocap4r2_robot_gt_msgs/cmake/ament_cmake_export_libraries-extras.cmake
-- Up-to-date symlink: /home/sofia/mocap4r2_ws/install/mocap4r2_robot_gt_msgs/share/mocap4r2_robot_gt_msgs/cmake/ament_cmake_export_targets-extras.cmake
-- Up-to-date symlink: /home/sofia/mocap4r2_ws/install/mocap4r2_robot_gt_msgs/share/mocap4r2_robot_gt_msgs/cmake/ament_cmake_export_include_directories-extras.cmake
-- Up-to-date symlink: /home/sofia/mocap4r2_ws/install/mocap4r2_robot_gt_msgs/share/mocap4r2_robot_gt_msgs/cmake/rosidl_cmake_export_typesupport_libraries-extras.cmake
-- Up-to-date symlink: /home/sofia/mocap4r2_ws/install/mocap4r2_robot_gt_msgs/share/mocap4r2_robot_gt_msgs/cmake/rosidl_cmake_export_typesupport_targets-extras.cmake
-- Up-to-date symlink: /home/sofia/mocap4r2_ws/install/mocap4r2_robot_gt_msgs/share/mocap4r2_robot_gt_msgs/cmake/mocap4r2_robot_gt_msgsConfig.cmake
-- Up-to-date symlink: /home/sofia/mocap4r2_ws/install/mocap4r2_robot_gt_msgs/share/mocap4r2_robot_gt_msgs/cmake/mocap4r2_robot_gt_msgsConfig-version.cmake
-- Up-to-date symlink: /home/sofia/mocap4r2_ws/install/mocap4r2_robot_gt_msgs/share/mocap4r2_robot_gt_msgs/package.xml
-- Up-to-date: /home/sofia/mocap4r2_ws/install/mocap4r2_robot_gt_msgs/lib/libmocap4r2_robot_gt_msgs__rosidl_generator_c.so
-- Up-to-date: /home/sofia/mocap4r2_ws/install/mocap4r2_robot_gt_msgs/lib/libmocap4r2_robot_gt_msgs__rosidl_typesupport_introspection_c.so
-- Up-to-date: /home/sofia/mocap4r2_ws/install/mocap4r2_robot_gt_msgs/lib/libmocap4r2_robot_gt_msgs__rosidl_typesupport_c.so
-- Up-to-date: /home/sofia/mocap4r2_ws/install/mocap4r2_robot_gt_msgs/lib/libmocap4r2_robot_gt_msgs__rosidl_typesupport_introspection_cpp.so
-- Up-to-date: /home/sofia/mocap4r2_ws/install/mocap4r2_robot_gt_msgs/lib/libmocap4r2_robot_gt_msgs__rosidl_typesupport_cpp.so
-- Up-to-date: /home/sofia/mocap4r2_ws/install/mocap4r2_robot_gt_msgs/share/mocap4r2_robot_gt_msgs/cmake/mocap4r2_robot_gt_msgs__rosidl_generator_cExport.cmake
-- Up-to-date: /home/sofia/mocap4r2_ws/install/mocap4r2_robot_gt_msgs/share/mocap4r2_robot_gt_msgs/cmake/mocap4r2_robot_gt_msgs__rosidl_generator_cExport-noconfig.cmake
-- Up-to-date: /home/sofia/mocap4r2_ws/install/mocap4r2_robot_gt_msgs/share/mocap4r2_robot_gt_msgs/cmake/mocap4r2_robot_gt_msgs__rosidl_typesupport_introspection_cExport.cmake
-- Up-to-date: /home/sofia/mocap4r2_ws/install/mocap4r2_robot_gt_msgs/share/mocap4r2_robot_gt_msgs/cmake/mocap4r2_robot_gt_msgs__rosidl_typesupport_introspection_cExport-noconfig.cmake
-- Up-to-date: /home/sofia/mocap4r2_ws/install/mocap4r2_robot_gt_msgs/share/mocap4r2_robot_gt_msgs/cmake/mocap4r2_robot_gt_msgs__rosidl_typesupport_cExport.cmake
-- Up-to-date: /home/sofia/mocap4r2_ws/install/mocap4r2_robot_gt_msgs/share/mocap4r2_robot_gt_msgs/cmake/mocap4r2_robot_gt_msgs__rosidl_typesupport_cExport-noconfig.cmake
-- Up-to-date: /home/sofia/mocap4r2_ws/install/mocap4r2_robot_gt_msgs/share/mocap4r2_robot_gt_msgs/cmake/mocap4r2_robot_gt_msgs__rosidl_generator_cppExport.cmake
-- Up-to-date: /home/sofia/mocap4r2_ws/install/mocap4r2_robot_gt_msgs/share/mocap4r2_robot_gt_msgs/cmake/mocap4r2_robot_gt_msgs__rosidl_typesupport_introspection_cppExport.cmake
-- Up-to-date: /home/sofia/mocap4r2_ws/install/mocap4r2_robot_gt_msgs/share/mocap4r2_robot_gt_msgs/cmake/mocap4r2_robot_gt_msgs__rosidl_typesupport_introspection_cppExport-noconfig.cmake
-- Up-to-date: /home/sofia/mocap4r2_ws/install/mocap4r2_robot_gt_msgs/share/mocap4r2_robot_gt_msgs/cmake/mocap4r2_robot_gt_msgs__rosidl_typesupport_cppExport.cmake
-- Up-to-date: /home/sofia/mocap4r2_ws/install/mocap4r2_robot_gt_msgs/share/mocap4r2_robot_gt_msgs/cmake/mocap4r2_robot_gt_msgs__rosidl_typesupport_cppExport-noconfig.cmake
