[0.286s] Invoking command in '/home/sofia/mocap4r2_ws/build/mocap4r2_robot_gt_msgs': CMAKE_PREFIX_PATH=/home/sofia/bolt_hardware/workspace/install/reactive_planners:/home/sofia/bolt_hardware/workspace/install/mim_control:/home/sofia/bolt_hardware/workspace/install/bolt:/home/sofia/bolt_hardware/workspace/install/dynamic_graph_manager:/home/sofia/bolt_hardware/workspace/install/dg_tools:/home/sofia/bolt_hardware/workspace/install/yaml_utils:/home/sofia/bolt_hardware/workspace/install/dg_vicon_sdk:/home/sofia/bolt_hardware/workspace/install/vicon_sdk:/home/sofia/bolt_hardware/workspace/install/slider_box:/home/sofia/bolt_hardware/workspace/install/shared_memory:/home/sofia/bolt_hardware/workspace/install/serialization_utils:/home/sofia/bolt_hardware/workspace/install/real_time_tools:/home/sofia/bolt_hardware/workspace/install/robot_properties_solo:/home/sofia/bolt_hardware/workspace/install/robot_properties_bolt:/home/sofia/bolt_hardware/workspace/install/dg_demos:/opt/ros/foxy:/home/sofia/bolt_hardware/workspace/install/odri_control_interface:/home/sofia/bolt_hardware/workspace/install/pybind11:/home/sofia/bolt_hardware/workspace/install/mpi_cmake_modules:/home/sofia/bolt_hardware/workspace/install/mim_msgs:/home/sofia/bolt_hardware/workspace/install/master_board_sdk:/home/sofia/bolt_hardware/workspace/install/googletest-distribution:/opt/openrobots: /usr/bin/cmake /home/sofia/mocap4r2_ws/mocap4r2/mocap4r2_robot_gt/mocap4r2_robot_gt_msgs -DAMENT_CMAKE_SYMLINK_INSTALL=1 -DCMAKE_INSTALL_PREFIX=/home/sofia/mocap4r2_ws/install/mocap4r2_robot_gt_msgs
[0.332s] -- The C compiler identification is GNU 9.4.0
[0.382s] -- The CXX compiler identification is GNU 9.4.0
[0.387s] -- Check for working C compiler: /usr/bin/cc
[0.444s] -- Check for working C compiler: /usr/bin/cc -- works
[0.445s] -- Detecting C compiler ABI info
[0.510s] -- Detecting C compiler ABI info - done
[0.523s] -- Detecting C compile features
[0.524s] -- Detecting C compile features - done
[0.526s] -- Check for working CXX compiler: /usr/bin/c++
[0.589s] -- Check for working CXX compiler: /usr/bin/c++ -- works
[0.590s] -- Detecting CXX compiler ABI info
[0.661s] -- Detecting CXX compiler ABI info - done
[0.672s] -- Detecting CXX compile features
[0.673s] -- Detecting CXX compile features - done
[0.676s] -- Found ament_cmake: 0.9.12 (/opt/ros/foxy/share/ament_cmake/cmake)
[0.699s] -- Found PythonInterp: /usr/bin/python3 (found suitable version "3.8.10", minimum required is "3") 
[0.699s] -- Using PYTHON_EXECUTABLE: /usr/bin/python3
[0.829s] -- Override CMake install command with custom implementation using symlinks instead of copying resources
[0.857s] -- Found rosidl_default_generators: 1.0.1 (/opt/ros/foxy/share/rosidl_default_generators/cmake)
[0.861s] -- Using all available rosidl_typesupport_c: rosidl_typesupport_fastrtps_c;rosidl_typesupport_introspection_c
[0.868s] -- Found rosidl_adapter: 1.3.1 (/opt/ros/foxy/share/rosidl_adapter/cmake)
[0.958s] -- Found OpenSSL: /usr/lib/x86_64-linux-gnu/libcrypto.so (found version "1.1.1f")  
[0.982s] -- Found FastRTPS: /opt/ros/foxy/include  
[1.049s] -- Using all available rosidl_typesupport_cpp: rosidl_typesupport_fastrtps_cpp;rosidl_typesupport_introspection_cpp
[1.074s] -- Found builtin_interfaces: 1.0.0 (/opt/ros/foxy/share/builtin_interfaces/cmake)
[1.086s] -- Found std_msgs: 2.0.5 (/opt/ros/foxy/share/std_msgs/cmake)
[1.102s] -- Found geometry_msgs: 2.0.5 (/opt/ros/foxy/share/geometry_msgs/cmake)
[1.154s] -- Found PythonInterp: /usr/bin/python3 (found version "3.8.10") 
[1.334s] -- Found ament_cmake_ros: 0.9.2 (/opt/ros/foxy/share/ament_cmake_ros/cmake)
[1.545s] -- Using all available rosidl_typesupport_c: rosidl_typesupport_fastrtps_c;rosidl_typesupport_introspection_c
[1.642s] -- Using all available rosidl_typesupport_cpp: rosidl_typesupport_fastrtps_cpp;rosidl_typesupport_introspection_cpp
[1.667s] -- Found PythonInterp: /usr/bin/python3 (found suitable version "3.8.10", minimum required is "3.5") 
[1.669s] -- Found python_cmake_module: 0.8.1 (/opt/ros/foxy/share/python_cmake_module/cmake)
[1.695s] -- Found PythonLibs: /usr/lib/x86_64-linux-gnu/libpython3.8.so (found suitable version "3.8.10", minimum required is "3.5") 
[1.695s] -- Using PYTHON_EXECUTABLE: /usr/bin/python3
[1.695s] -- Using PYTHON_INCLUDE_DIRS: /usr/include/python3.8
[1.695s] -- Using PYTHON_LIBRARIES: /usr/lib/x86_64-linux-gnu/libpython3.8.so
[1.717s] -- Found PythonExtra: .so  
[1.805s] -- Configuring done
[1.846s] -- Generating done
[1.848s] -- Build files have been written to: /home/sofia/mocap4r2_ws/build/mocap4r2_robot_gt_msgs
[1.855s] Invoked command in '/home/sofia/mocap4r2_ws/build/mocap4r2_robot_gt_msgs' returned '0': CMAKE_PREFIX_PATH=/home/sofia/bolt_hardware/workspace/install/reactive_planners:/home/sofia/bolt_hardware/workspace/install/mim_control:/home/sofia/bolt_hardware/workspace/install/bolt:/home/sofia/bolt_hardware/workspace/install/dynamic_graph_manager:/home/sofia/bolt_hardware/workspace/install/dg_tools:/home/sofia/bolt_hardware/workspace/install/yaml_utils:/home/sofia/bolt_hardware/workspace/install/dg_vicon_sdk:/home/sofia/bolt_hardware/workspace/install/vicon_sdk:/home/sofia/bolt_hardware/workspace/install/slider_box:/home/sofia/bolt_hardware/workspace/install/shared_memory:/home/sofia/bolt_hardware/workspace/install/serialization_utils:/home/sofia/bolt_hardware/workspace/install/real_time_tools:/home/sofia/bolt_hardware/workspace/install/robot_properties_solo:/home/sofia/bolt_hardware/workspace/install/robot_properties_bolt:/home/sofia/bolt_hardware/workspace/install/dg_demos:/opt/ros/foxy:/home/sofia/bolt_hardware/workspace/install/odri_control_interface:/home/sofia/bolt_hardware/workspace/install/pybind11:/home/sofia/bolt_hardware/workspace/install/mpi_cmake_modules:/home/sofia/bolt_hardware/workspace/install/mim_msgs:/home/sofia/bolt_hardware/workspace/install/master_board_sdk:/home/sofia/bolt_hardware/workspace/install/googletest-distribution:/opt/openrobots: /usr/bin/cmake /home/sofia/mocap4r2_ws/mocap4r2/mocap4r2_robot_gt/mocap4r2_robot_gt_msgs -DAMENT_CMAKE_SYMLINK_INSTALL=1 -DCMAKE_INSTALL_PREFIX=/home/sofia/mocap4r2_ws/install/mocap4r2_robot_gt_msgs
[1.857s] Invoking command in '/home/sofia/mocap4r2_ws/build/mocap4r2_robot_gt_msgs': CMAKE_PREFIX_PATH=/home/sofia/bolt_hardware/workspace/install/reactive_planners:/home/sofia/bolt_hardware/workspace/install/mim_control:/home/sofia/bolt_hardware/workspace/install/bolt:/home/sofia/bolt_hardware/workspace/install/dynamic_graph_manager:/home/sofia/bolt_hardware/workspace/install/dg_tools:/home/sofia/bolt_hardware/workspace/install/yaml_utils:/home/sofia/bolt_hardware/workspace/install/dg_vicon_sdk:/home/sofia/bolt_hardware/workspace/install/vicon_sdk:/home/sofia/bolt_hardware/workspace/install/slider_box:/home/sofia/bolt_hardware/workspace/install/shared_memory:/home/sofia/bolt_hardware/workspace/install/serialization_utils:/home/sofia/bolt_hardware/workspace/install/real_time_tools:/home/sofia/bolt_hardware/workspace/install/robot_properties_solo:/home/sofia/bolt_hardware/workspace/install/robot_properties_bolt:/home/sofia/bolt_hardware/workspace/install/dg_demos:/opt/ros/foxy:/home/sofia/bolt_hardware/workspace/install/odri_control_interface:/home/sofia/bolt_hardware/workspace/install/pybind11:/home/sofia/bolt_hardware/workspace/install/mpi_cmake_modules:/home/sofia/bolt_hardware/workspace/install/mim_msgs:/home/sofia/bolt_hardware/workspace/install/master_board_sdk:/home/sofia/bolt_hardware/workspace/install/googletest-distribution:/opt/openrobots: /usr/bin/cmake --build /home/sofia/mocap4r2_ws/build/mocap4r2_robot_gt_msgs -- -j32 -l32
[1.893s] [  3%] [34m[1mGenerating C code for ROS interfaces[0m
[1.893s] [35m[1mScanning dependencies of target mocap4r2_robot_gt_msgs__cpp[0m
[1.903s] [  6%] [34m[1mGenerating C++ code for ROS interfaces[0m
[2.100s] [35m[1mScanning dependencies of target mocap4r2_robot_gt_msgs__rosidl_generator_c[0m
[2.107s] [  6%] Built target mocap4r2_robot_gt_msgs__cpp
[2.112s] [  9%] [32mBuilding C object CMakeFiles/mocap4r2_robot_gt_msgs__rosidl_generator_c.dir/rosidl_generator_c/mocap4r2_robot_gt_msgs/srv/detail/set_gt_origin__functions.c.o[0m
[2.116s] [ 16%] [34m[1mGenerating C++ type support dispatch for ROS interfaces[0m
[2.116s] [ 16%] [34m[1mGenerating C++ introspection for ROS interfaces[0m
[2.116s] [ 19%] [34m[1mGenerating C++ type support for eProsima Fast-RTPS[0m
[2.162s] [ 22%] [32m[1mLinking C shared library libmocap4r2_robot_gt_msgs__rosidl_generator_c.so[0m
[2.193s] [ 22%] Built target mocap4r2_robot_gt_msgs__rosidl_generator_c
[2.203s] [ 25%] [34m[1mGenerating C introspection for ROS interfaces[0m
[2.203s] [ 29%] [34m[1mGenerating C type support dispatch for ROS interfaces[0m
[2.308s] [35m[1mScanning dependencies of target mocap4r2_robot_gt_msgs__rosidl_typesupport_cpp[0m
[2.326s] [ 32%] [32mBuilding CXX object CMakeFiles/mocap4r2_robot_gt_msgs__rosidl_typesupport_cpp.dir/rosidl_typesupport_cpp/mocap4r2_robot_gt_msgs/srv/set_gt_origin__type_support.cpp.o[0m
[2.332s] [35m[1mScanning dependencies of target mocap4r2_robot_gt_msgs__rosidl_typesupport_introspection_cpp[0m
[2.347s] [ 35%] [32mBuilding CXX object CMakeFiles/mocap4r2_robot_gt_msgs__rosidl_typesupport_introspection_cpp.dir/rosidl_typesupport_introspection_cpp/mocap4r2_robot_gt_msgs/srv/detail/set_gt_origin__type_support.cpp.o[0m
[2.350s] [35m[1mScanning dependencies of target mocap4r2_robot_gt_msgs__rosidl_typesupport_fastrtps_cpp[0m
[2.368s] [ 38%] [32mBuilding CXX object CMakeFiles/mocap4r2_robot_gt_msgs__rosidl_typesupport_fastrtps_cpp.dir/rosidl_typesupport_fastrtps_cpp/mocap4r2_robot_gt_msgs/srv/detail/dds_fastrtps/set_gt_origin__type_support.cpp.o[0m
[2.419s] [35m[1mScanning dependencies of target mocap4r2_robot_gt_msgs__rosidl_typesupport_c[0m
[2.434s] [ 41%] [32mBuilding CXX object CMakeFiles/mocap4r2_robot_gt_msgs__rosidl_typesupport_c.dir/rosidl_typesupport_c/mocap4r2_robot_gt_msgs/srv/set_gt_origin__type_support.cpp.o[0m
[2.466s] [ 45%] [32m[1mLinking CXX shared library libmocap4r2_robot_gt_msgs__rosidl_typesupport_c.so[0m
[2.473s] [35m[1mScanning dependencies of target mocap4r2_robot_gt_msgs__rosidl_typesupport_introspection_c[0m
[2.492s] [ 48%] [32mBuilding C object CMakeFiles/mocap4r2_robot_gt_msgs__rosidl_typesupport_introspection_c.dir/rosidl_typesupport_introspection_c/mocap4r2_robot_gt_msgs/srv/detail/set_gt_origin__type_support.c.o[0m
[2.508s] [ 48%] Built target mocap4r2_robot_gt_msgs__rosidl_typesupport_c
[2.527s] [ 51%] [32m[1mLinking C shared library libmocap4r2_robot_gt_msgs__rosidl_typesupport_introspection_c.so[0m
[2.561s] [ 51%] Built target mocap4r2_robot_gt_msgs__rosidl_typesupport_introspection_c
[2.629s] [ 54%] [32m[1mLinking CXX shared library libmocap4r2_robot_gt_msgs__rosidl_typesupport_cpp.so[0m
[2.668s] [ 58%] [32m[1mLinking CXX shared library libmocap4r2_robot_gt_msgs__rosidl_typesupport_introspection_cpp.so[0m
[2.676s] [ 58%] Built target mocap4r2_robot_gt_msgs__rosidl_typesupport_cpp
[2.738s] [ 58%] Built target mocap4r2_robot_gt_msgs__rosidl_typesupport_introspection_cpp
[2.843s] [ 61%] [32m[1mLinking CXX shared library libmocap4r2_robot_gt_msgs__rosidl_typesupport_fastrtps_cpp.so[0m
[2.908s] [ 61%] Built target mocap4r2_robot_gt_msgs__rosidl_typesupport_fastrtps_cpp
[2.919s] [ 64%] [34m[1mGenerating C type support for eProsima Fast-RTPS[0m
[3.115s] [35m[1mScanning dependencies of target mocap4r2_robot_gt_msgs__rosidl_typesupport_fastrtps_c[0m
[3.135s] [ 67%] [32mBuilding CXX object CMakeFiles/mocap4r2_robot_gt_msgs__rosidl_typesupport_fastrtps_c.dir/rosidl_typesupport_fastrtps_c/mocap4r2_robot_gt_msgs/srv/detail/set_gt_origin__type_support_c.cpp.o[0m
[3.414s] [ 70%] [32m[1mLinking CXX shared library libmocap4r2_robot_gt_msgs__rosidl_typesupport_fastrtps_c.so[0m
[3.476s] [ 70%] Built target mocap4r2_robot_gt_msgs__rosidl_typesupport_fastrtps_c
[3.485s] [35m[1mScanning dependencies of target mocap4r2_robot_gt_msgs[0m
[3.495s] [ 70%] Built target mocap4r2_robot_gt_msgs
[3.504s] [35m[1mScanning dependencies of target mocap4r2_robot_gt_msgs__py[0m
[3.514s] [ 74%] [34m[1mGenerating Python code for ROS interfaces[0m
[3.895s] [ 74%] Built target mocap4r2_robot_gt_msgs__py
[3.905s] [35m[1mScanning dependencies of target mocap4r2_robot_gt_msgs__python[0m
[3.923s] [ 77%] [32mBuilding C object CMakeFiles/mocap4r2_robot_gt_msgs__python.dir/rosidl_generator_py/mocap4r2_robot_gt_msgs/srv/_set_gt_origin_s.c.o[0m
[4.002s] [ 80%] [32m[1mLinking C shared library rosidl_generator_py/mocap4r2_robot_gt_msgs/libmocap4r2_robot_gt_msgs__python.so[0m
[4.037s] [ 80%] Built target mocap4r2_robot_gt_msgs__python
[4.047s] [35m[1mScanning dependencies of target mocap4r2_robot_gt_msgs__rosidl_typesupport_c__pyext[0m
[4.047s] [35m[1mScanning dependencies of target mocap4r2_robot_gt_msgs__rosidl_typesupport_introspection_c__pyext[0m
[4.047s] [35m[1mScanning dependencies of target mocap4r2_robot_gt_msgs__rosidl_typesupport_fastrtps_c__pyext[0m
[4.063s] [ 83%] [32mBuilding C object CMakeFiles/mocap4r2_robot_gt_msgs__rosidl_typesupport_c__pyext.dir/rosidl_generator_py/mocap4r2_robot_gt_msgs/_mocap4r2_robot_gt_msgs_s.ep.rosidl_typesupport_c.c.o[0m
[4.064s] [ 87%] [32mBuilding C object CMakeFiles/mocap4r2_robot_gt_msgs__rosidl_typesupport_introspection_c__pyext.dir/rosidl_generator_py/mocap4r2_robot_gt_msgs/_mocap4r2_robot_gt_msgs_s.ep.rosidl_typesupport_introspection_c.c.o[0m
[4.064s] [ 90%] [32mBuilding C object CMakeFiles/mocap4r2_robot_gt_msgs__rosidl_typesupport_fastrtps_c__pyext.dir/rosidl_generator_py/mocap4r2_robot_gt_msgs/_mocap4r2_robot_gt_msgs_s.ep.rosidl_typesupport_fastrtps_c.c.o[0m
[4.151s] [ 96%] [32m[1mLinking C shared library rosidl_generator_py/mocap4r2_robot_gt_msgs/mocap4r2_robot_gt_msgs_s__rosidl_typesupport_c.cpython-38-x86_64-linux-gnu.so[0m
[4.151s] [ 96%] [32m[1mLinking CXX shared library rosidl_generator_py/mocap4r2_robot_gt_msgs/mocap4r2_robot_gt_msgs_s__rosidl_typesupport_fastrtps_c.cpython-38-x86_64-linux-gnu.so[0m
[4.153s] [100%] [32m[1mLinking C shared library rosidl_generator_py/mocap4r2_robot_gt_msgs/mocap4r2_robot_gt_msgs_s__rosidl_typesupport_introspection_c.cpython-38-x86_64-linux-gnu.so[0m
[4.181s] [100%] Built target mocap4r2_robot_gt_msgs__rosidl_typesupport_c__pyext
[4.188s] [100%] Built target mocap4r2_robot_gt_msgs__rosidl_typesupport_introspection_c__pyext
[4.202s] [100%] Built target mocap4r2_robot_gt_msgs__rosidl_typesupport_fastrtps_c__pyext
[4.212s] Invoked command in '/home/sofia/mocap4r2_ws/build/mocap4r2_robot_gt_msgs' returned '0': CMAKE_PREFIX_PATH=/home/sofia/bolt_hardware/workspace/install/reactive_planners:/home/sofia/bolt_hardware/workspace/install/mim_control:/home/sofia/bolt_hardware/workspace/install/bolt:/home/sofia/bolt_hardware/workspace/install/dynamic_graph_manager:/home/sofia/bolt_hardware/workspace/install/dg_tools:/home/sofia/bolt_hardware/workspace/install/yaml_utils:/home/sofia/bolt_hardware/workspace/install/dg_vicon_sdk:/home/sofia/bolt_hardware/workspace/install/vicon_sdk:/home/sofia/bolt_hardware/workspace/install/slider_box:/home/sofia/bolt_hardware/workspace/install/shared_memory:/home/sofia/bolt_hardware/workspace/install/serialization_utils:/home/sofia/bolt_hardware/workspace/install/real_time_tools:/home/sofia/bolt_hardware/workspace/install/robot_properties_solo:/home/sofia/bolt_hardware/workspace/install/robot_properties_bolt:/home/sofia/bolt_hardware/workspace/install/dg_demos:/opt/ros/foxy:/home/sofia/bolt_hardware/workspace/install/odri_control_interface:/home/sofia/bolt_hardware/workspace/install/pybind11:/home/sofia/bolt_hardware/workspace/install/mpi_cmake_modules:/home/sofia/bolt_hardware/workspace/install/mim_msgs:/home/sofia/bolt_hardware/workspace/install/master_board_sdk:/home/sofia/bolt_hardware/workspace/install/googletest-distribution:/opt/openrobots: /usr/bin/cmake --build /home/sofia/mocap4r2_ws/build/mocap4r2_robot_gt_msgs -- -j32 -l32
[4.269s] Invoking command in '/home/sofia/mocap4r2_ws/build/mocap4r2_robot_gt_msgs': CMAKE_PREFIX_PATH=/home/sofia/bolt_hardware/workspace/install/reactive_planners:/home/sofia/bolt_hardware/workspace/install/mim_control:/home/sofia/bolt_hardware/workspace/install/bolt:/home/sofia/bolt_hardware/workspace/install/dynamic_graph_manager:/home/sofia/bolt_hardware/workspace/install/dg_tools:/home/sofia/bolt_hardware/workspace/install/yaml_utils:/home/sofia/bolt_hardware/workspace/install/dg_vicon_sdk:/home/sofia/bolt_hardware/workspace/install/vicon_sdk:/home/sofia/bolt_hardware/workspace/install/slider_box:/home/sofia/bolt_hardware/workspace/install/shared_memory:/home/sofia/bolt_hardware/workspace/install/serialization_utils:/home/sofia/bolt_hardware/workspace/install/real_time_tools:/home/sofia/bolt_hardware/workspace/install/robot_properties_solo:/home/sofia/bolt_hardware/workspace/install/robot_properties_bolt:/home/sofia/bolt_hardware/workspace/install/dg_demos:/opt/ros/foxy:/home/sofia/bolt_hardware/workspace/install/odri_control_interface:/home/sofia/bolt_hardware/workspace/install/pybind11:/home/sofia/bolt_hardware/workspace/install/mpi_cmake_modules:/home/sofia/bolt_hardware/workspace/install/mim_msgs:/home/sofia/bolt_hardware/workspace/install/master_board_sdk:/home/sofia/bolt_hardware/workspace/install/googletest-distribution:/opt/openrobots: /usr/bin/cmake --install /home/sofia/mocap4r2_ws/build/mocap4r2_robot_gt_msgs
[4.278s] -- Install configuration: ""
[4.278s] -- Execute custom install script
[4.279s] -- Symlinking: /home/sofia/mocap4r2_ws/install/mocap4r2_robot_gt_msgs/share/ament_index/resource_index/rosidl_interfaces/mocap4r2_robot_gt_msgs
[4.286s] -- Symlinking: /home/sofia/mocap4r2_ws/install/mocap4r2_robot_gt_msgs/include/mocap4r2_robot_gt_msgs/msg/rosidl_generator_c__visibility_control.h
[4.293s] -- Symlinking: /home/sofia/mocap4r2_ws/install/mocap4r2_robot_gt_msgs/include/mocap4r2_robot_gt_msgs/srv/detail/set_gt_origin__functions.h
[4.301s] -- Symlinking: /home/sofia/mocap4r2_ws/install/mocap4r2_robot_gt_msgs/include/mocap4r2_robot_gt_msgs/srv/detail/set_gt_origin__struct.h
[4.309s] -- Symlinking: /home/sofia/mocap4r2_ws/install/mocap4r2_robot_gt_msgs/include/mocap4r2_robot_gt_msgs/srv/detail/set_gt_origin__type_support.h
[4.318s] -- Symlinking: /home/sofia/mocap4r2_ws/install/mocap4r2_robot_gt_msgs/include/mocap4r2_robot_gt_msgs/srv/set_gt_origin.h
[4.326s] -- Symlinking: /home/sofia/mocap4r2_ws/install/mocap4r2_robot_gt_msgs/share/mocap4r2_robot_gt_msgs/environment/library_path.sh
[4.334s] -- Symlinking: /home/sofia/mocap4r2_ws/install/mocap4r2_robot_gt_msgs/share/mocap4r2_robot_gt_msgs/environment/library_path.dsv
[4.343s] -- Symlinking: /home/sofia/mocap4r2_ws/install/mocap4r2_robot_gt_msgs/include/mocap4r2_robot_gt_msgs/msg/rosidl_typesupport_fastrtps_c__visibility_control.h
[4.349s] -- Symlinking: /home/sofia/mocap4r2_ws/install/mocap4r2_robot_gt_msgs/include/mocap4r2_robot_gt_msgs/srv/detail/set_gt_origin__rosidl_typesupport_fastrtps_c.h
[4.356s] -- Symlinking: /home/sofia/mocap4r2_ws/install/mocap4r2_robot_gt_msgs/lib/libmocap4r2_robot_gt_msgs__rosidl_typesupport_fastrtps_c.so
[4.365s] -- Symlinking: /home/sofia/mocap4r2_ws/install/mocap4r2_robot_gt_msgs/include/mocap4r2_robot_gt_msgs/msg/rosidl_typesupport_fastrtps_cpp__visibility_control.h
[4.372s] -- Symlinking: /home/sofia/mocap4r2_ws/install/mocap4r2_robot_gt_msgs/include/mocap4r2_robot_gt_msgs/srv/detail/set_gt_origin__rosidl_typesupport_fastrtps_cpp.hpp
[4.382s] -- Symlinking: /home/sofia/mocap4r2_ws/install/mocap4r2_robot_gt_msgs/lib/libmocap4r2_robot_gt_msgs__rosidl_typesupport_fastrtps_cpp.so
[4.389s] -- Symlinking: /home/sofia/mocap4r2_ws/install/mocap4r2_robot_gt_msgs/include/mocap4r2_robot_gt_msgs/msg/rosidl_typesupport_introspection_c__visibility_control.h
[4.399s] -- Symlinking: /home/sofia/mocap4r2_ws/install/mocap4r2_robot_gt_msgs/include/mocap4r2_robot_gt_msgs/srv/detail/set_gt_origin__rosidl_typesupport_introspection_c.h
[4.407s] -- Symlinking: /home/sofia/mocap4r2_ws/install/mocap4r2_robot_gt_msgs/include/mocap4r2_robot_gt_msgs/msg/rosidl_generator_cpp__visibility_control.hpp
[4.414s] -- Symlinking: /home/sofia/mocap4r2_ws/install/mocap4r2_robot_gt_msgs/include/mocap4r2_robot_gt_msgs/srv/detail/set_gt_origin__builder.hpp
[4.422s] -- Symlinking: /home/sofia/mocap4r2_ws/install/mocap4r2_robot_gt_msgs/include/mocap4r2_robot_gt_msgs/srv/detail/set_gt_origin__struct.hpp
[4.430s] -- Symlinking: /home/sofia/mocap4r2_ws/install/mocap4r2_robot_gt_msgs/include/mocap4r2_robot_gt_msgs/srv/detail/set_gt_origin__traits.hpp
[4.438s] -- Symlinking: /home/sofia/mocap4r2_ws/install/mocap4r2_robot_gt_msgs/include/mocap4r2_robot_gt_msgs/srv/detail/set_gt_origin__type_support.hpp
[4.445s] -- Symlinking: /home/sofia/mocap4r2_ws/install/mocap4r2_robot_gt_msgs/include/mocap4r2_robot_gt_msgs/srv/set_gt_origin.hpp
[4.452s] -- Symlinking: /home/sofia/mocap4r2_ws/install/mocap4r2_robot_gt_msgs/include/mocap4r2_robot_gt_msgs/srv/detail/set_gt_origin__rosidl_typesupport_introspection_cpp.hpp
[4.459s] -- Symlinking: /home/sofia/mocap4r2_ws/install/mocap4r2_robot_gt_msgs/share/mocap4r2_robot_gt_msgs/environment/pythonpath.sh
[4.467s] -- Symlinking: /home/sofia/mocap4r2_ws/install/mocap4r2_robot_gt_msgs/share/mocap4r2_robot_gt_msgs/environment/pythonpath.dsv
[4.474s] -- Symlinking: /home/sofia/mocap4r2_ws/install/mocap4r2_robot_gt_msgs/lib/python3.8/site-packages/mocap4r2_robot_gt_msgs/__init__.py
[4.482s] -- Symlinking: /home/sofia/mocap4r2_ws/install/mocap4r2_robot_gt_msgs/lib/python3.8/site-packages/mocap4r2_robot_gt_msgs/srv/__init__.py
[4.490s] -- Symlinking: /home/sofia/mocap4r2_ws/install/mocap4r2_robot_gt_msgs/lib/python3.8/site-packages/mocap4r2_robot_gt_msgs/srv/_set_gt_origin.py
[4.496s] -- Symlinking: /home/sofia/mocap4r2_ws/install/mocap4r2_robot_gt_msgs/lib/python3.8/site-packages/mocap4r2_robot_gt_msgs/mocap4r2_robot_gt_msgs_s__rosidl_typesupport_fastrtps_c.cpython-38-x86_64-linux-gnu.so
[4.503s] -- Symlinking: /home/sofia/mocap4r2_ws/install/mocap4r2_robot_gt_msgs/lib/python3.8/site-packages/mocap4r2_robot_gt_msgs/mocap4r2_robot_gt_msgs_s__rosidl_typesupport_introspection_c.cpython-38-x86_64-linux-gnu.so
[4.510s] -- Symlinking: /home/sofia/mocap4r2_ws/install/mocap4r2_robot_gt_msgs/lib/python3.8/site-packages/mocap4r2_robot_gt_msgs/mocap4r2_robot_gt_msgs_s__rosidl_typesupport_c.cpython-38-x86_64-linux-gnu.so
[4.519s] -- Symlinking: /home/sofia/mocap4r2_ws/install/mocap4r2_robot_gt_msgs/lib/libmocap4r2_robot_gt_msgs__python.so
[4.526s] -- Symlinking: /home/sofia/mocap4r2_ws/install/mocap4r2_robot_gt_msgs/share/mocap4r2_robot_gt_msgs/srv/SetGTOrigin.idl
[4.533s] -- Symlinking: /home/sofia/mocap4r2_ws/install/mocap4r2_robot_gt_msgs/share/mocap4r2_robot_gt_msgs/srv/SetGTOrigin.srv
[4.540s] -- Symlinking: /home/sofia/mocap4r2_ws/install/mocap4r2_robot_gt_msgs/share/mocap4r2_robot_gt_msgs/srv/SetGTOrigin_Request.msg
[4.549s] -- Symlinking: /home/sofia/mocap4r2_ws/install/mocap4r2_robot_gt_msgs/share/mocap4r2_robot_gt_msgs/srv/SetGTOrigin_Response.msg
[4.557s] -- Symlinking: /home/sofia/mocap4r2_ws/install/mocap4r2_robot_gt_msgs/share/ament_index/resource_index/package_run_dependencies/mocap4r2_robot_gt_msgs
[4.564s] -- Symlinking: /home/sofia/mocap4r2_ws/install/mocap4r2_robot_gt_msgs/share/ament_index/resource_index/parent_prefix_path/mocap4r2_robot_gt_msgs
[4.572s] -- Symlinking: /home/sofia/mocap4r2_ws/install/mocap4r2_robot_gt_msgs/share/mocap4r2_robot_gt_msgs/environment/ament_prefix_path.sh
[4.579s] -- Symlinking: /home/sofia/mocap4r2_ws/install/mocap4r2_robot_gt_msgs/share/mocap4r2_robot_gt_msgs/environment/ament_prefix_path.dsv
[4.586s] -- Symlinking: /home/sofia/mocap4r2_ws/install/mocap4r2_robot_gt_msgs/share/mocap4r2_robot_gt_msgs/environment/path.sh
[4.596s] -- Symlinking: /home/sofia/mocap4r2_ws/install/mocap4r2_robot_gt_msgs/share/mocap4r2_robot_gt_msgs/environment/path.dsv
[4.602s] -- Symlinking: /home/sofia/mocap4r2_ws/install/mocap4r2_robot_gt_msgs/share/mocap4r2_robot_gt_msgs/local_setup.bash
[4.609s] -- Symlinking: /home/sofia/mocap4r2_ws/install/mocap4r2_robot_gt_msgs/share/mocap4r2_robot_gt_msgs/local_setup.sh
[4.616s] -- Symlinking: /home/sofia/mocap4r2_ws/install/mocap4r2_robot_gt_msgs/share/mocap4r2_robot_gt_msgs/local_setup.zsh
[4.624s] -- Symlinking: /home/sofia/mocap4r2_ws/install/mocap4r2_robot_gt_msgs/share/mocap4r2_robot_gt_msgs/local_setup.dsv
[4.632s] -- Symlinking: /home/sofia/mocap4r2_ws/install/mocap4r2_robot_gt_msgs/share/mocap4r2_robot_gt_msgs/package.dsv
[4.640s] -- Symlinking: /home/sofia/mocap4r2_ws/install/mocap4r2_robot_gt_msgs/share/ament_index/resource_index/packages/mocap4r2_robot_gt_msgs
[4.647s] -- Symlinking: /home/sofia/mocap4r2_ws/install/mocap4r2_robot_gt_msgs/share/mocap4r2_robot_gt_msgs/cmake/rosidl_cmake-extras.cmake
[4.656s] -- Symlinking: /home/sofia/mocap4r2_ws/install/mocap4r2_robot_gt_msgs/share/mocap4r2_robot_gt_msgs/cmake/ament_cmake_export_dependencies-extras.cmake
[4.664s] -- Symlinking: /home/sofia/mocap4r2_ws/install/mocap4r2_robot_gt_msgs/share/mocap4r2_robot_gt_msgs/cmake/ament_cmake_export_libraries-extras.cmake
[4.673s] -- Symlinking: /home/sofia/mocap4r2_ws/install/mocap4r2_robot_gt_msgs/share/mocap4r2_robot_gt_msgs/cmake/ament_cmake_export_targets-extras.cmake
[4.681s] -- Symlinking: /home/sofia/mocap4r2_ws/install/mocap4r2_robot_gt_msgs/share/mocap4r2_robot_gt_msgs/cmake/ament_cmake_export_include_directories-extras.cmake
[4.689s] -- Symlinking: /home/sofia/mocap4r2_ws/install/mocap4r2_robot_gt_msgs/share/mocap4r2_robot_gt_msgs/cmake/rosidl_cmake_export_typesupport_libraries-extras.cmake
[4.697s] -- Symlinking: /home/sofia/mocap4r2_ws/install/mocap4r2_robot_gt_msgs/share/mocap4r2_robot_gt_msgs/cmake/rosidl_cmake_export_typesupport_targets-extras.cmake
[4.705s] -- Symlinking: /home/sofia/mocap4r2_ws/install/mocap4r2_robot_gt_msgs/share/mocap4r2_robot_gt_msgs/cmake/mocap4r2_robot_gt_msgsConfig.cmake
[4.713s] -- Symlinking: /home/sofia/mocap4r2_ws/install/mocap4r2_robot_gt_msgs/share/mocap4r2_robot_gt_msgs/cmake/mocap4r2_robot_gt_msgsConfig-version.cmake
[4.720s] -- Symlinking: /home/sofia/mocap4r2_ws/install/mocap4r2_robot_gt_msgs/share/mocap4r2_robot_gt_msgs/package.xml
[4.728s] -- Installing: /home/sofia/mocap4r2_ws/install/mocap4r2_robot_gt_msgs/lib/libmocap4r2_robot_gt_msgs__rosidl_generator_c.so
[4.728s] -- Set runtime path of "/home/sofia/mocap4r2_ws/install/mocap4r2_robot_gt_msgs/lib/libmocap4r2_robot_gt_msgs__rosidl_generator_c.so" to ""
[4.728s] -- Installing: /home/sofia/mocap4r2_ws/install/mocap4r2_robot_gt_msgs/lib/libmocap4r2_robot_gt_msgs__rosidl_typesupport_introspection_c.so
[4.729s] -- Set runtime path of "/home/sofia/mocap4r2_ws/install/mocap4r2_robot_gt_msgs/lib/libmocap4r2_robot_gt_msgs__rosidl_typesupport_introspection_c.so" to ""
[4.729s] -- Installing: /home/sofia/mocap4r2_ws/install/mocap4r2_robot_gt_msgs/lib/libmocap4r2_robot_gt_msgs__rosidl_typesupport_c.so
[4.729s] -- Set runtime path of "/home/sofia/mocap4r2_ws/install/mocap4r2_robot_gt_msgs/lib/libmocap4r2_robot_gt_msgs__rosidl_typesupport_c.so" to ""
[4.729s] -- Installing: /home/sofia/mocap4r2_ws/install/mocap4r2_robot_gt_msgs/lib/libmocap4r2_robot_gt_msgs__rosidl_typesupport_introspection_cpp.so
[4.729s] -- Set runtime path of "/home/sofia/mocap4r2_ws/install/mocap4r2_robot_gt_msgs/lib/libmocap4r2_robot_gt_msgs__rosidl_typesupport_introspection_cpp.so" to ""
[4.730s] -- Installing: /home/sofia/mocap4r2_ws/install/mocap4r2_robot_gt_msgs/lib/libmocap4r2_robot_gt_msgs__rosidl_typesupport_cpp.so
[4.730s] -- Set runtime path of "/home/sofia/mocap4r2_ws/install/mocap4r2_robot_gt_msgs/lib/libmocap4r2_robot_gt_msgs__rosidl_typesupport_cpp.so" to ""
[4.760s] Compiling '/home/sofia/mocap4r2_ws/install/mocap4r2_robot_gt_msgs/lib/python3.8/site-packages/mocap4r2_robot_gt_msgs/__init__.py'...
[4.763s] -- Installing: /home/sofia/mocap4r2_ws/install/mocap4r2_robot_gt_msgs/share/mocap4r2_robot_gt_msgs/cmake/mocap4r2_robot_gt_msgs__rosidl_generator_cExport.cmake
[4.763s] -- Installing: /home/sofia/mocap4r2_ws/install/mocap4r2_robot_gt_msgs/share/mocap4r2_robot_gt_msgs/cmake/mocap4r2_robot_gt_msgs__rosidl_generator_cExport-noconfig.cmake
[4.763s] -- Installing: /home/sofia/mocap4r2_ws/install/mocap4r2_robot_gt_msgs/share/mocap4r2_robot_gt_msgs/cmake/mocap4r2_robot_gt_msgs__rosidl_typesupport_introspection_cExport.cmake
[4.763s] -- Installing: /home/sofia/mocap4r2_ws/install/mocap4r2_robot_gt_msgs/share/mocap4r2_robot_gt_msgs/cmake/mocap4r2_robot_gt_msgs__rosidl_typesupport_introspection_cExport-noconfig.cmake
[4.763s] -- Installing: /home/sofia/mocap4r2_ws/install/mocap4r2_robot_gt_msgs/share/mocap4r2_robot_gt_msgs/cmake/mocap4r2_robot_gt_msgs__rosidl_typesupport_cExport.cmake
[4.763s] -- Installing: /home/sofia/mocap4r2_ws/install/mocap4r2_robot_gt_msgs/share/mocap4r2_robot_gt_msgs/cmake/mocap4r2_robot_gt_msgs__rosidl_typesupport_cExport-noconfig.cmake
[4.764s] -- Installing: /home/sofia/mocap4r2_ws/install/mocap4r2_robot_gt_msgs/share/mocap4r2_robot_gt_msgs/cmake/mocap4r2_robot_gt_msgs__rosidl_generator_cppExport.cmake
[4.764s] -- Installing: /home/sofia/mocap4r2_ws/install/mocap4r2_robot_gt_msgs/share/mocap4r2_robot_gt_msgs/cmake/mocap4r2_robot_gt_msgs__rosidl_typesupport_introspection_cppExport.cmake
[4.764s] -- Installing: /home/sofia/mocap4r2_ws/install/mocap4r2_robot_gt_msgs/share/mocap4r2_robot_gt_msgs/cmake/mocap4r2_robot_gt_msgs__rosidl_typesupport_introspection_cppExport-noconfig.cmake
[4.764s] -- Installing: /home/sofia/mocap4r2_ws/install/mocap4r2_robot_gt_msgs/share/mocap4r2_robot_gt_msgs/cmake/mocap4r2_robot_gt_msgs__rosidl_typesupport_cppExport.cmake
[4.764s] -- Installing: /home/sofia/mocap4r2_ws/install/mocap4r2_robot_gt_msgs/share/mocap4r2_robot_gt_msgs/cmake/mocap4r2_robot_gt_msgs__rosidl_typesupport_cppExport-noconfig.cmake
[4.766s] Invoked command in '/home/sofia/mocap4r2_ws/build/mocap4r2_robot_gt_msgs' returned '0': CMAKE_PREFIX_PATH=/home/sofia/bolt_hardware/workspace/install/reactive_planners:/home/sofia/bolt_hardware/workspace/install/mim_control:/home/sofia/bolt_hardware/workspace/install/bolt:/home/sofia/bolt_hardware/workspace/install/dynamic_graph_manager:/home/sofia/bolt_hardware/workspace/install/dg_tools:/home/sofia/bolt_hardware/workspace/install/yaml_utils:/home/sofia/bolt_hardware/workspace/install/dg_vicon_sdk:/home/sofia/bolt_hardware/workspace/install/vicon_sdk:/home/sofia/bolt_hardware/workspace/install/slider_box:/home/sofia/bolt_hardware/workspace/install/shared_memory:/home/sofia/bolt_hardware/workspace/install/serialization_utils:/home/sofia/bolt_hardware/workspace/install/real_time_tools:/home/sofia/bolt_hardware/workspace/install/robot_properties_solo:/home/sofia/bolt_hardware/workspace/install/robot_properties_bolt:/home/sofia/bolt_hardware/workspace/install/dg_demos:/opt/ros/foxy:/home/sofia/bolt_hardware/workspace/install/odri_control_interface:/home/sofia/bolt_hardware/workspace/install/pybind11:/home/sofia/bolt_hardware/workspace/install/mpi_cmake_modules:/home/sofia/bolt_hardware/workspace/install/mim_msgs:/home/sofia/bolt_hardware/workspace/install/master_board_sdk:/home/sofia/bolt_hardware/workspace/install/googletest-distribution:/opt/openrobots: /usr/bin/cmake --install /home/sofia/mocap4r2_ws/build/mocap4r2_robot_gt_msgs
