[0.816s] Invoking command in '/home/sofia/mocap4r2_ws/build/mocap4r2_msgs': CMAKE_PREFIX_PATH=/home/sofia/bolt_hardware/workspace/install/reactive_planners:/home/sofia/bolt_hardware/workspace/install/mim_control:/home/sofia/bolt_hardware/workspace/install/bolt:/home/sofia/bolt_hardware/workspace/install/dynamic_graph_manager:/home/sofia/bolt_hardware/workspace/install/dg_tools:/home/sofia/bolt_hardware/workspace/install/yaml_utils:/home/sofia/bolt_hardware/workspace/install/dg_vicon_sdk:/home/sofia/bolt_hardware/workspace/install/vicon_sdk:/home/sofia/bolt_hardware/workspace/install/slider_box:/home/sofia/bolt_hardware/workspace/install/shared_memory:/home/sofia/bolt_hardware/workspace/install/serialization_utils:/home/sofia/bolt_hardware/workspace/install/real_time_tools:/home/sofia/bolt_hardware/workspace/install/robot_properties_solo:/home/sofia/bolt_hardware/workspace/install/robot_properties_bolt:/home/sofia/bolt_hardware/workspace/install/dg_demos:/opt/ros/foxy:/home/sofia/bolt_hardware/workspace/install/odri_control_interface:/home/sofia/bolt_hardware/workspace/install/pybind11:/home/sofia/bolt_hardware/workspace/install/mpi_cmake_modules:/home/sofia/bolt_hardware/workspace/install/mim_msgs:/home/sofia/bolt_hardware/workspace/install/master_board_sdk:/home/sofia/bolt_hardware/workspace/install/googletest-distribution:/opt/openrobots: /usr/bin/cmake /home/sofia/mocap4r2_ws/mocap_msgs -DAMENT_CMAKE_SYMLINK_INSTALL=1 -DCMAKE_INSTALL_PREFIX=/home/sofia/mocap4r2_ws/install/mocap4r2_msgs
[0.871s] -- The C compiler identification is GNU 9.4.0
[0.919s] -- The CXX compiler identification is GNU 9.4.0
[0.924s] -- Check for working C compiler: /usr/bin/cc
[0.985s] -- Check for working C compiler: /usr/bin/cc -- works
[0.985s] -- Detecting C compiler ABI info
[1.045s] -- Detecting C compiler ABI info - done
[1.057s] -- Detecting C compile features
[1.057s] -- Detecting C compile features - done
[1.060s] -- Check for working CXX compiler: /usr/bin/c++
[1.129s] -- Check for working CXX compiler: /usr/bin/c++ -- works
[1.130s] -- Detecting CXX compiler ABI info
[1.195s] -- Detecting CXX compiler ABI info - done
[1.206s] -- Detecting CXX compile features
[1.206s] -- Detecting CXX compile features - done
[1.209s] -- Found ament_cmake: 0.9.12 (/opt/ros/foxy/share/ament_cmake/cmake)
[1.232s] -- Found PythonInterp: /usr/bin/python3 (found suitable version "3.8.10", minimum required is "3") 
[1.232s] -- Using PYTHON_EXECUTABLE: /usr/bin/python3
[1.364s] -- Override CMake install command with custom implementation using symlinks instead of copying resources
[1.392s] -- Found rosidl_default_generators: 1.0.1 (/opt/ros/foxy/share/rosidl_default_generators/cmake)
[1.396s] -- Using all available rosidl_typesupport_c: rosidl_typesupport_fastrtps_c;rosidl_typesupport_introspection_c
[1.404s] -- Found rosidl_adapter: 1.3.1 (/opt/ros/foxy/share/rosidl_adapter/cmake)
[1.496s] -- Found OpenSSL: /usr/lib/x86_64-linux-gnu/libcrypto.so (found version "1.1.1f")  
[1.521s] -- Found FastRTPS: /opt/ros/foxy/include  
[1.588s] -- Using all available rosidl_typesupport_cpp: rosidl_typesupport_fastrtps_cpp;rosidl_typesupport_introspection_cpp
[1.613s] -- Found builtin_interfaces: 1.0.0 (/opt/ros/foxy/share/builtin_interfaces/cmake)
[1.625s] -- Found std_msgs: 2.0.5 (/opt/ros/foxy/share/std_msgs/cmake)
[1.641s] -- Found geometry_msgs: 2.0.5 (/opt/ros/foxy/share/geometry_msgs/cmake)
[1.693s] -- Found PythonInterp: /usr/bin/python3 (found version "3.8.10") 
[1.884s] -- Found ament_cmake_ros: 0.9.2 (/opt/ros/foxy/share/ament_cmake_ros/cmake)
[2.095s] -- Using all available rosidl_typesupport_c: rosidl_typesupport_fastrtps_c;rosidl_typesupport_introspection_c
[2.194s] -- Using all available rosidl_typesupport_cpp: rosidl_typesupport_fastrtps_cpp;rosidl_typesupport_introspection_cpp
[2.219s] -- Found PythonInterp: /usr/bin/python3 (found suitable version "3.8.10", minimum required is "3.5") 
[2.221s] -- Found python_cmake_module: 0.8.1 (/opt/ros/foxy/share/python_cmake_module/cmake)
[2.247s] -- Found PythonLibs: /usr/lib/x86_64-linux-gnu/libpython3.8.so (found suitable version "3.8.10", minimum required is "3.5") 
[2.247s] -- Using PYTHON_EXECUTABLE: /usr/bin/python3
[2.247s] -- Using PYTHON_INCLUDE_DIRS: /usr/include/python3.8
[2.247s] -- Using PYTHON_LIBRARIES: /usr/lib/x86_64-linux-gnu/libpython3.8.so
[2.267s] -- Found PythonExtra: .so  
[2.354s] -- Configuring done
[2.400s] -- Generating done
[2.402s] -- Build files have been written to: /home/sofia/mocap4r2_ws/build/mocap4r2_msgs
[2.408s] Invoked command in '/home/sofia/mocap4r2_ws/build/mocap4r2_msgs' returned '0': CMAKE_PREFIX_PATH=/home/sofia/bolt_hardware/workspace/install/reactive_planners:/home/sofia/bolt_hardware/workspace/install/mim_control:/home/sofia/bolt_hardware/workspace/install/bolt:/home/sofia/bolt_hardware/workspace/install/dynamic_graph_manager:/home/sofia/bolt_hardware/workspace/install/dg_tools:/home/sofia/bolt_hardware/workspace/install/yaml_utils:/home/sofia/bolt_hardware/workspace/install/dg_vicon_sdk:/home/sofia/bolt_hardware/workspace/install/vicon_sdk:/home/sofia/bolt_hardware/workspace/install/slider_box:/home/sofia/bolt_hardware/workspace/install/shared_memory:/home/sofia/bolt_hardware/workspace/install/serialization_utils:/home/sofia/bolt_hardware/workspace/install/real_time_tools:/home/sofia/bolt_hardware/workspace/install/robot_properties_solo:/home/sofia/bolt_hardware/workspace/install/robot_properties_bolt:/home/sofia/bolt_hardware/workspace/install/dg_demos:/opt/ros/foxy:/home/sofia/bolt_hardware/workspace/install/odri_control_interface:/home/sofia/bolt_hardware/workspace/install/pybind11:/home/sofia/bolt_hardware/workspace/install/mpi_cmake_modules:/home/sofia/bolt_hardware/workspace/install/mim_msgs:/home/sofia/bolt_hardware/workspace/install/master_board_sdk:/home/sofia/bolt_hardware/workspace/install/googletest-distribution:/opt/openrobots: /usr/bin/cmake /home/sofia/mocap4r2_ws/mocap_msgs -DAMENT_CMAKE_SYMLINK_INSTALL=1 -DCMAKE_INSTALL_PREFIX=/home/sofia/mocap4r2_ws/install/mocap4r2_msgs
[2.411s] Invoking command in '/home/sofia/mocap4r2_ws/build/mocap4r2_msgs': CMAKE_PREFIX_PATH=/home/sofia/bolt_hardware/workspace/install/reactive_planners:/home/sofia/bolt_hardware/workspace/install/mim_control:/home/sofia/bolt_hardware/workspace/install/bolt:/home/sofia/bolt_hardware/workspace/install/dynamic_graph_manager:/home/sofia/bolt_hardware/workspace/install/dg_tools:/home/sofia/bolt_hardware/workspace/install/yaml_utils:/home/sofia/bolt_hardware/workspace/install/dg_vicon_sdk:/home/sofia/bolt_hardware/workspace/install/vicon_sdk:/home/sofia/bolt_hardware/workspace/install/slider_box:/home/sofia/bolt_hardware/workspace/install/shared_memory:/home/sofia/bolt_hardware/workspace/install/serialization_utils:/home/sofia/bolt_hardware/workspace/install/real_time_tools:/home/sofia/bolt_hardware/workspace/install/robot_properties_solo:/home/sofia/bolt_hardware/workspace/install/robot_properties_bolt:/home/sofia/bolt_hardware/workspace/install/dg_demos:/opt/ros/foxy:/home/sofia/bolt_hardware/workspace/install/odri_control_interface:/home/sofia/bolt_hardware/workspace/install/pybind11:/home/sofia/bolt_hardware/workspace/install/mpi_cmake_modules:/home/sofia/bolt_hardware/workspace/install/mim_msgs:/home/sofia/bolt_hardware/workspace/install/master_board_sdk:/home/sofia/bolt_hardware/workspace/install/googletest-distribution:/opt/openrobots: /usr/bin/cmake --build /home/sofia/mocap4r2_ws/build/mocap4r2_msgs -- -j32 -l32
[2.450s] [35m[1mScanning dependencies of target mocap4r2_msgs__cpp[0m
[2.450s] [  1%] [34m[1mGenerating C code for ROS interfaces[0m
[2.459s] [  3%] [34m[1mGenerating C++ code for ROS interfaces[0m
[2.783s] [  3%] Built target mocap4r2_msgs__cpp
[2.799s] [  7%] [34m[1mGenerating C++ type support dispatch for ROS interfaces[0m
[2.799s] [  7%] [34m[1mGenerating C++ introspection for ROS interfaces[0m
[2.800s] [  7%] [34m[1mGenerating C++ type support for eProsima Fast-RTPS[0m
[2.804s] [35m[1mScanning dependencies of target mocap4r2_msgs__rosidl_generator_c[0m
[2.822s] [ 12%] [32mBuilding C object CMakeFiles/mocap4r2_msgs__rosidl_generator_c.dir/rosidl_generator_c/mocap4r2_msgs/msg/detail/marker__functions.c.o[0m
[2.822s] [ 12%] [32mBuilding C object CMakeFiles/mocap4r2_msgs__rosidl_generator_c.dir/rosidl_generator_c/mocap4r2_msgs/msg/detail/imus_info__functions.c.o[0m
[2.823s] [ 12%] [32mBuilding C object CMakeFiles/mocap4r2_msgs__rosidl_generator_c.dir/rosidl_generator_c/mocap4r2_msgs/msg/detail/markers__functions.c.o[0m
[2.823s] [ 14%] [32mBuilding C object CMakeFiles/mocap4r2_msgs__rosidl_generator_c.dir/rosidl_generator_c/mocap4r2_msgs/msg/detail/rigid_body__functions.c.o[0m
[2.823s] [ 15%] [32mBuilding C object CMakeFiles/mocap4r2_msgs__rosidl_generator_c.dir/rosidl_generator_c/mocap4r2_msgs/msg/detail/rigid_bodies__functions.c.o[0m
[2.879s] [ 17%] [32m[1mLinking C shared library libmocap4r2_msgs__rosidl_generator_c.so[0m
[2.923s] [ 17%] Built target mocap4r2_msgs__rosidl_generator_c
[2.935s] [ 19%] [34m[1mGenerating C introspection for ROS interfaces[0m
[2.935s] [ 20%] [34m[1mGenerating C type support dispatch for ROS interfaces[0m
[3.133s] [35m[1mScanning dependencies of target mocap4r2_msgs__rosidl_typesupport_cpp[0m
[3.149s] [ 23%] [32mBuilding CXX object CMakeFiles/mocap4r2_msgs__rosidl_typesupport_cpp.dir/rosidl_typesupport_cpp/mocap4r2_msgs/msg/rigid_body__type_support.cpp.o[0m
[3.149s] [ 23%] [32mBuilding CXX object CMakeFiles/mocap4r2_msgs__rosidl_typesupport_cpp.dir/rosidl_typesupport_cpp/mocap4r2_msgs/msg/marker__type_support.cpp.o[0m
[3.149s] [ 25%] [32mBuilding CXX object CMakeFiles/mocap4r2_msgs__rosidl_typesupport_cpp.dir/rosidl_typesupport_cpp/mocap4r2_msgs/msg/markers__type_support.cpp.o[0m
[3.150s] [ 26%] [32mBuilding CXX object CMakeFiles/mocap4r2_msgs__rosidl_typesupport_cpp.dir/rosidl_typesupport_cpp/mocap4r2_msgs/msg/imus_info__type_support.cpp.o[0m
[3.150s] [ 28%] [32mBuilding CXX object CMakeFiles/mocap4r2_msgs__rosidl_typesupport_cpp.dir/rosidl_typesupport_cpp/mocap4r2_msgs/msg/rigid_bodies__type_support.cpp.o[0m
[3.164s] [35m[1mScanning dependencies of target mocap4r2_msgs__rosidl_typesupport_introspection_cpp[0m
[3.180s] [ 30%] [32mBuilding CXX object CMakeFiles/mocap4r2_msgs__rosidl_typesupport_introspection_cpp.dir/rosidl_typesupport_introspection_cpp/mocap4r2_msgs/msg/detail/imus_info__type_support.cpp.o[0m
[3.181s] [ 33%] [32mBuilding CXX object CMakeFiles/mocap4r2_msgs__rosidl_typesupport_introspection_cpp.dir/rosidl_typesupport_introspection_cpp/mocap4r2_msgs/msg/detail/rigid_bodies__type_support.cpp.o[0m
[3.181s] [ 33%] [32mBuilding CXX object CMakeFiles/mocap4r2_msgs__rosidl_typesupport_introspection_cpp.dir/rosidl_typesupport_introspection_cpp/mocap4r2_msgs/msg/detail/markers__type_support.cpp.o[0m
[3.181s] [ 34%] [32mBuilding CXX object CMakeFiles/mocap4r2_msgs__rosidl_typesupport_introspection_cpp.dir/rosidl_typesupport_introspection_cpp/mocap4r2_msgs/msg/detail/marker__type_support.cpp.o[0m
[3.181s] [ 36%] [32mBuilding CXX object CMakeFiles/mocap4r2_msgs__rosidl_typesupport_introspection_cpp.dir/rosidl_typesupport_introspection_cpp/mocap4r2_msgs/msg/detail/rigid_body__type_support.cpp.o[0m
[3.216s] [35m[1mScanning dependencies of target mocap4r2_msgs__rosidl_typesupport_fastrtps_cpp[0m
[3.237s] [ 39%] [32mBuilding CXX object CMakeFiles/mocap4r2_msgs__rosidl_typesupport_fastrtps_cpp.dir/rosidl_typesupport_fastrtps_cpp/mocap4r2_msgs/msg/detail/dds_fastrtps/marker__type_support.cpp.o[0m
[3.237s] [ 39%] [32mBuilding CXX object CMakeFiles/mocap4r2_msgs__rosidl_typesupport_fastrtps_cpp.dir/rosidl_typesupport_fastrtps_cpp/mocap4r2_msgs/msg/detail/dds_fastrtps/imus_info__type_support.cpp.o[0m
[3.237s] [ 41%] [32mBuilding CXX object CMakeFiles/mocap4r2_msgs__rosidl_typesupport_fastrtps_cpp.dir/rosidl_typesupport_fastrtps_cpp/mocap4r2_msgs/msg/detail/dds_fastrtps/rigid_bodies__type_support.cpp.o[0m
[3.238s] [ 44%] [32mBuilding CXX object CMakeFiles/mocap4r2_msgs__rosidl_typesupport_fastrtps_cpp.dir/rosidl_typesupport_fastrtps_cpp/mocap4r2_msgs/msg/detail/dds_fastrtps/rigid_body__type_support.cpp.o[0m
[3.238s] [ 44%] [32mBuilding CXX object CMakeFiles/mocap4r2_msgs__rosidl_typesupport_fastrtps_cpp.dir/rosidl_typesupport_fastrtps_cpp/mocap4r2_msgs/msg/detail/dds_fastrtps/markers__type_support.cpp.o[0m
[3.272s] [35m[1mScanning dependencies of target mocap4r2_msgs__rosidl_typesupport_introspection_c[0m
[3.283s] [35m[1mScanning dependencies of target mocap4r2_msgs__rosidl_typesupport_c[0m
[3.293s] [ 47%] [32mBuilding C object CMakeFiles/mocap4r2_msgs__rosidl_typesupport_introspection_c.dir/rosidl_typesupport_introspection_c/mocap4r2_msgs/msg/detail/marker__type_support.c.o[0m
[3.293s] [ 47%] [32mBuilding C object CMakeFiles/mocap4r2_msgs__rosidl_typesupport_introspection_c.dir/rosidl_typesupport_introspection_c/mocap4r2_msgs/msg/detail/imus_info__type_support.c.o[0m
[3.294s] [ 49%] [32mBuilding C object CMakeFiles/mocap4r2_msgs__rosidl_typesupport_introspection_c.dir/rosidl_typesupport_introspection_c/mocap4r2_msgs/msg/detail/rigid_bodies__type_support.c.o[0m
[3.295s] [ 50%] [32mBuilding C object CMakeFiles/mocap4r2_msgs__rosidl_typesupport_introspection_c.dir/rosidl_typesupport_introspection_c/mocap4r2_msgs/msg/detail/rigid_body__type_support.c.o[0m
[3.296s] [ 52%] [32mBuilding C object CMakeFiles/mocap4r2_msgs__rosidl_typesupport_introspection_c.dir/rosidl_typesupport_introspection_c/mocap4r2_msgs/msg/detail/markers__type_support.c.o[0m
[3.301s] [ 55%] [32mBuilding CXX object CMakeFiles/mocap4r2_msgs__rosidl_typesupport_c.dir/rosidl_typesupport_c/mocap4r2_msgs/msg/marker__type_support.cpp.o[0m
[3.301s] [ 53%] [32mBuilding CXX object CMakeFiles/mocap4r2_msgs__rosidl_typesupport_c.dir/rosidl_typesupport_c/mocap4r2_msgs/msg/rigid_bodies__type_support.cpp.o[0m
[3.301s] [ 57%] [32mBuilding CXX object CMakeFiles/mocap4r2_msgs__rosidl_typesupport_c.dir/rosidl_typesupport_c/mocap4r2_msgs/msg/markers__type_support.cpp.o[0m
[3.302s] [ 58%] [32mBuilding CXX object CMakeFiles/mocap4r2_msgs__rosidl_typesupport_c.dir/rosidl_typesupport_c/mocap4r2_msgs/msg/imus_info__type_support.cpp.o[0m
[3.302s] [ 60%] [32mBuilding CXX object CMakeFiles/mocap4r2_msgs__rosidl_typesupport_c.dir/rosidl_typesupport_c/mocap4r2_msgs/msg/rigid_body__type_support.cpp.o[0m
[3.336s] [ 61%] [32m[1mLinking C shared library libmocap4r2_msgs__rosidl_typesupport_introspection_c.so[0m
[3.341s] [ 63%] [32m[1mLinking CXX shared library libmocap4r2_msgs__rosidl_typesupport_c.so[0m
[3.367s] [ 63%] Built target mocap4r2_msgs__rosidl_typesupport_introspection_c
[3.382s] [ 63%] Built target mocap4r2_msgs__rosidl_typesupport_c
[3.453s] [ 65%] [32m[1mLinking CXX shared library libmocap4r2_msgs__rosidl_typesupport_cpp.so[0m
[3.492s] [ 65%] Built target mocap4r2_msgs__rosidl_typesupport_cpp
[3.518s] [ 66%] [32m[1mLinking CXX shared library libmocap4r2_msgs__rosidl_typesupport_introspection_cpp.so[0m
[3.578s] [ 66%] Built target mocap4r2_msgs__rosidl_typesupport_introspection_cpp
[3.663s] [ 68%] [32m[1mLinking CXX shared library libmocap4r2_msgs__rosidl_typesupport_fastrtps_cpp.so[0m
[3.734s] [ 68%] Built target mocap4r2_msgs__rosidl_typesupport_fastrtps_cpp
[3.744s] [ 69%] [34m[1mGenerating C type support for eProsima Fast-RTPS[0m
[4.021s] [35m[1mScanning dependencies of target mocap4r2_msgs__rosidl_typesupport_fastrtps_c[0m
[4.037s] [ 71%] [32mBuilding CXX object CMakeFiles/mocap4r2_msgs__rosidl_typesupport_fastrtps_c.dir/rosidl_typesupport_fastrtps_c/mocap4r2_msgs/msg/detail/marker__type_support_c.cpp.o[0m
[4.039s] [ 73%] [32mBuilding CXX object CMakeFiles/mocap4r2_msgs__rosidl_typesupport_fastrtps_c.dir/rosidl_typesupport_fastrtps_c/mocap4r2_msgs/msg/detail/markers__type_support_c.cpp.o[0m
[4.039s] [ 76%] [32mBuilding CXX object CMakeFiles/mocap4r2_msgs__rosidl_typesupport_fastrtps_c.dir/rosidl_typesupport_fastrtps_c/mocap4r2_msgs/msg/detail/imus_info__type_support_c.cpp.o[0m
[4.039s] [ 76%] [32mBuilding CXX object CMakeFiles/mocap4r2_msgs__rosidl_typesupport_fastrtps_c.dir/rosidl_typesupport_fastrtps_c/mocap4r2_msgs/msg/detail/rigid_body__type_support_c.cpp.o[0m
[4.039s] [ 77%] [32mBuilding CXX object CMakeFiles/mocap4r2_msgs__rosidl_typesupport_fastrtps_c.dir/rosidl_typesupport_fastrtps_c/mocap4r2_msgs/msg/detail/rigid_bodies__type_support_c.cpp.o[0m
[4.357s] [ 79%] [32m[1mLinking CXX shared library libmocap4r2_msgs__rosidl_typesupport_fastrtps_c.so[0m
[4.422s] [ 79%] Built target mocap4r2_msgs__rosidl_typesupport_fastrtps_c
[4.430s] [35m[1mScanning dependencies of target mocap4r2_msgs[0m
[4.439s] [ 79%] Built target mocap4r2_msgs
[4.450s] [35m[1mScanning dependencies of target mocap4r2_msgs__py[0m
[4.459s] [ 80%] [34m[1mGenerating Python code for ROS interfaces[0m
[5.001s] [ 80%] Built target mocap4r2_msgs__py
[5.011s] [35m[1mScanning dependencies of target mocap4r2_msgs__python[0m
[5.033s] [ 82%] [32mBuilding C object CMakeFiles/mocap4r2_msgs__python.dir/rosidl_generator_py/mocap4r2_msgs/msg/_marker_s.c.o[0m
[5.034s] [ 84%] [32mBuilding C object CMakeFiles/mocap4r2_msgs__python.dir/rosidl_generator_py/mocap4r2_msgs/msg/_imus_info_s.c.o[0m
[5.034s] [ 85%] [32mBuilding C object CMakeFiles/mocap4r2_msgs__python.dir/rosidl_generator_py/mocap4r2_msgs/msg/_markers_s.c.o[0m
[5.034s] [ 87%] [32mBuilding C object CMakeFiles/mocap4r2_msgs__python.dir/rosidl_generator_py/mocap4r2_msgs/msg/_rigid_body_s.c.o[0m
[5.034s] [ 88%] [32mBuilding C object CMakeFiles/mocap4r2_msgs__python.dir/rosidl_generator_py/mocap4r2_msgs/msg/_rigid_bodies_s.c.o[0m
[5.110s] [ 90%] [32m[1mLinking C shared library rosidl_generator_py/mocap4r2_msgs/libmocap4r2_msgs__python.so[0m
[5.148s] [ 90%] Built target mocap4r2_msgs__python
[5.159s] [35m[1mScanning dependencies of target mocap4r2_msgs__rosidl_typesupport_fastrtps_c__pyext[0m
[5.159s] [35m[1mScanning dependencies of target mocap4r2_msgs__rosidl_typesupport_introspection_c__pyext[0m
[5.159s] [35m[1mScanning dependencies of target mocap4r2_msgs__rosidl_typesupport_c__pyext[0m
[5.175s] [ 92%] [32mBuilding C object CMakeFiles/mocap4r2_msgs__rosidl_typesupport_c__pyext.dir/rosidl_generator_py/mocap4r2_msgs/_mocap4r2_msgs_s.ep.rosidl_typesupport_c.c.o[0m
[5.176s] [ 93%] [32mBuilding C object CMakeFiles/mocap4r2_msgs__rosidl_typesupport_introspection_c__pyext.dir/rosidl_generator_py/mocap4r2_msgs/_mocap4r2_msgs_s.ep.rosidl_typesupport_introspection_c.c.o[0m
[5.177s] [ 95%] [32mBuilding C object CMakeFiles/mocap4r2_msgs__rosidl_typesupport_fastrtps_c__pyext.dir/rosidl_generator_py/mocap4r2_msgs/_mocap4r2_msgs_s.ep.rosidl_typesupport_fastrtps_c.c.o[0m
[5.247s] [ 96%] [32m[1mLinking C shared library rosidl_generator_py/mocap4r2_msgs/mocap4r2_msgs_s__rosidl_typesupport_c.cpython-38-x86_64-linux-gnu.so[0m
[5.252s] [ 98%] [32m[1mLinking CXX shared library rosidl_generator_py/mocap4r2_msgs/mocap4r2_msgs_s__rosidl_typesupport_fastrtps_c.cpython-38-x86_64-linux-gnu.so[0m
[5.255s] [100%] [32m[1mLinking C shared library rosidl_generator_py/mocap4r2_msgs/mocap4r2_msgs_s__rosidl_typesupport_introspection_c.cpython-38-x86_64-linux-gnu.so[0m
[5.280s] [100%] Built target mocap4r2_msgs__rosidl_typesupport_c__pyext
[5.287s] [100%] Built target mocap4r2_msgs__rosidl_typesupport_introspection_c__pyext
[5.306s] [100%] Built target mocap4r2_msgs__rosidl_typesupport_fastrtps_c__pyext
[5.674s] Invoked command in '/home/sofia/mocap4r2_ws/build/mocap4r2_msgs' returned '0': CMAKE_PREFIX_PATH=/home/sofia/bolt_hardware/workspace/install/reactive_planners:/home/sofia/bolt_hardware/workspace/install/mim_control:/home/sofia/bolt_hardware/workspace/install/bolt:/home/sofia/bolt_hardware/workspace/install/dynamic_graph_manager:/home/sofia/bolt_hardware/workspace/install/dg_tools:/home/sofia/bolt_hardware/workspace/install/yaml_utils:/home/sofia/bolt_hardware/workspace/install/dg_vicon_sdk:/home/sofia/bolt_hardware/workspace/install/vicon_sdk:/home/sofia/bolt_hardware/workspace/install/slider_box:/home/sofia/bolt_hardware/workspace/install/shared_memory:/home/sofia/bolt_hardware/workspace/install/serialization_utils:/home/sofia/bolt_hardware/workspace/install/real_time_tools:/home/sofia/bolt_hardware/workspace/install/robot_properties_solo:/home/sofia/bolt_hardware/workspace/install/robot_properties_bolt:/home/sofia/bolt_hardware/workspace/install/dg_demos:/opt/ros/foxy:/home/sofia/bolt_hardware/workspace/install/odri_control_interface:/home/sofia/bolt_hardware/workspace/install/pybind11:/home/sofia/bolt_hardware/workspace/install/mpi_cmake_modules:/home/sofia/bolt_hardware/workspace/install/mim_msgs:/home/sofia/bolt_hardware/workspace/install/master_board_sdk:/home/sofia/bolt_hardware/workspace/install/googletest-distribution:/opt/openrobots: /usr/bin/cmake --build /home/sofia/mocap4r2_ws/build/mocap4r2_msgs -- -j32 -l32
[6.765s] Invoking command in '/home/sofia/mocap4r2_ws/build/mocap4r2_msgs': CMAKE_PREFIX_PATH=/home/sofia/bolt_hardware/workspace/install/reactive_planners:/home/sofia/bolt_hardware/workspace/install/mim_control:/home/sofia/bolt_hardware/workspace/install/bolt:/home/sofia/bolt_hardware/workspace/install/dynamic_graph_manager:/home/sofia/bolt_hardware/workspace/install/dg_tools:/home/sofia/bolt_hardware/workspace/install/yaml_utils:/home/sofia/bolt_hardware/workspace/install/dg_vicon_sdk:/home/sofia/bolt_hardware/workspace/install/vicon_sdk:/home/sofia/bolt_hardware/workspace/install/slider_box:/home/sofia/bolt_hardware/workspace/install/shared_memory:/home/sofia/bolt_hardware/workspace/install/serialization_utils:/home/sofia/bolt_hardware/workspace/install/real_time_tools:/home/sofia/bolt_hardware/workspace/install/robot_properties_solo:/home/sofia/bolt_hardware/workspace/install/robot_properties_bolt:/home/sofia/bolt_hardware/workspace/install/dg_demos:/opt/ros/foxy:/home/sofia/bolt_hardware/workspace/install/odri_control_interface:/home/sofia/bolt_hardware/workspace/install/pybind11:/home/sofia/bolt_hardware/workspace/install/mpi_cmake_modules:/home/sofia/bolt_hardware/workspace/install/mim_msgs:/home/sofia/bolt_hardware/workspace/install/master_board_sdk:/home/sofia/bolt_hardware/workspace/install/googletest-distribution:/opt/openrobots: /usr/bin/cmake --install /home/sofia/mocap4r2_ws/build/mocap4r2_msgs
[7.171s] -- Install configuration: ""
[7.171s] -- Execute custom install script
[7.171s] -- Symlinking: /home/sofia/mocap4r2_ws/install/mocap4r2_msgs/share/ament_index/resource_index/rosidl_interfaces/mocap4r2_msgs
[7.171s] -- Symlinking: /home/sofia/mocap4r2_ws/install/mocap4r2_msgs/include/mocap4r2_msgs/msg/detail/imus_info__functions.h
[7.171s] -- Symlinking: /home/sofia/mocap4r2_ws/install/mocap4r2_msgs/include/mocap4r2_msgs/msg/detail/imus_info__struct.h
[7.171s] -- Symlinking: /home/sofia/mocap4r2_ws/install/mocap4r2_msgs/include/mocap4r2_msgs/msg/detail/imus_info__type_support.h
[7.172s] -- Symlinking: /home/sofia/mocap4r2_ws/install/mocap4r2_msgs/include/mocap4r2_msgs/msg/detail/marker__functions.h
[7.172s] -- Symlinking: /home/sofia/mocap4r2_ws/install/mocap4r2_msgs/include/mocap4r2_msgs/msg/detail/marker__struct.h
[7.172s] -- Symlinking: /home/sofia/mocap4r2_ws/install/mocap4r2_msgs/include/mocap4r2_msgs/msg/detail/marker__type_support.h
[7.172s] -- Symlinking: /home/sofia/mocap4r2_ws/install/mocap4r2_msgs/include/mocap4r2_msgs/msg/detail/markers__functions.h
[7.172s] -- Symlinking: /home/sofia/mocap4r2_ws/install/mocap4r2_msgs/include/mocap4r2_msgs/msg/detail/markers__struct.h
[7.172s] -- Symlinking: /home/sofia/mocap4r2_ws/install/mocap4r2_msgs/include/mocap4r2_msgs/msg/detail/markers__type_support.h
[7.172s] -- Symlinking: /home/sofia/mocap4r2_ws/install/mocap4r2_msgs/include/mocap4r2_msgs/msg/detail/rigid_bodies__functions.h
[7.173s] -- Symlinking: /home/sofia/mocap4r2_ws/install/mocap4r2_msgs/include/mocap4r2_msgs/msg/detail/rigid_bodies__struct.h
[7.173s] -- Symlinking: /home/sofia/mocap4r2_ws/install/mocap4r2_msgs/include/mocap4r2_msgs/msg/detail/rigid_bodies__type_support.h
[7.173s] -- Symlinking: /home/sofia/mocap4r2_ws/install/mocap4r2_msgs/include/mocap4r2_msgs/msg/detail/rigid_body__functions.h
[7.173s] -- Symlinking: /home/sofia/mocap4r2_ws/install/mocap4r2_msgs/include/mocap4r2_msgs/msg/detail/rigid_body__struct.h
[7.173s] -- Symlinking: /home/sofia/mocap4r2_ws/install/mocap4r2_msgs/include/mocap4r2_msgs/msg/detail/rigid_body__type_support.h
[7.173s] -- Symlinking: /home/sofia/mocap4r2_ws/install/mocap4r2_msgs/include/mocap4r2_msgs/msg/imus_info.h
[7.173s] -- Symlinking: /home/sofia/mocap4r2_ws/install/mocap4r2_msgs/include/mocap4r2_msgs/msg/marker.h
[7.173s] -- Symlinking: /home/sofia/mocap4r2_ws/install/mocap4r2_msgs/include/mocap4r2_msgs/msg/markers.h
[7.173s] -- Symlinking: /home/sofia/mocap4r2_ws/install/mocap4r2_msgs/include/mocap4r2_msgs/msg/rigid_bodies.h
[7.173s] -- Symlinking: /home/sofia/mocap4r2_ws/install/mocap4r2_msgs/include/mocap4r2_msgs/msg/rigid_body.h
[7.174s] -- Symlinking: /home/sofia/mocap4r2_ws/install/mocap4r2_msgs/include/mocap4r2_msgs/msg/rosidl_generator_c__visibility_control.h
[7.174s] -- Symlinking: /home/sofia/mocap4r2_ws/install/mocap4r2_msgs/share/mocap4r2_msgs/environment/library_path.sh
[7.174s] -- Symlinking: /home/sofia/mocap4r2_ws/install/mocap4r2_msgs/share/mocap4r2_msgs/environment/library_path.dsv
[7.174s] -- Symlinking: /home/sofia/mocap4r2_ws/install/mocap4r2_msgs/include/mocap4r2_msgs/msg/detail/imus_info__rosidl_typesupport_fastrtps_c.h
[7.174s] -- Symlinking: /home/sofia/mocap4r2_ws/install/mocap4r2_msgs/include/mocap4r2_msgs/msg/detail/marker__rosidl_typesupport_fastrtps_c.h
[7.174s] -- Symlinking: /home/sofia/mocap4r2_ws/install/mocap4r2_msgs/include/mocap4r2_msgs/msg/detail/markers__rosidl_typesupport_fastrtps_c.h
[7.174s] -- Symlinking: /home/sofia/mocap4r2_ws/install/mocap4r2_msgs/include/mocap4r2_msgs/msg/detail/rigid_bodies__rosidl_typesupport_fastrtps_c.h
[7.175s] -- Symlinking: /home/sofia/mocap4r2_ws/install/mocap4r2_msgs/include/mocap4r2_msgs/msg/detail/rigid_body__rosidl_typesupport_fastrtps_c.h
[7.175s] -- Symlinking: /home/sofia/mocap4r2_ws/install/mocap4r2_msgs/include/mocap4r2_msgs/msg/rosidl_typesupport_fastrtps_c__visibility_control.h
[7.175s] -- Symlinking: /home/sofia/mocap4r2_ws/install/mocap4r2_msgs/lib/libmocap4r2_msgs__rosidl_typesupport_fastrtps_c.so
[7.175s] -- Symlinking: /home/sofia/mocap4r2_ws/install/mocap4r2_msgs/include/mocap4r2_msgs/msg/detail/imus_info__rosidl_typesupport_fastrtps_cpp.hpp
[7.175s] -- Symlinking: /home/sofia/mocap4r2_ws/install/mocap4r2_msgs/include/mocap4r2_msgs/msg/detail/marker__rosidl_typesupport_fastrtps_cpp.hpp
[7.175s] -- Symlinking: /home/sofia/mocap4r2_ws/install/mocap4r2_msgs/include/mocap4r2_msgs/msg/detail/markers__rosidl_typesupport_fastrtps_cpp.hpp
[7.176s] -- Symlinking: /home/sofia/mocap4r2_ws/install/mocap4r2_msgs/include/mocap4r2_msgs/msg/detail/rigid_bodies__rosidl_typesupport_fastrtps_cpp.hpp
[7.176s] -- Symlinking: /home/sofia/mocap4r2_ws/install/mocap4r2_msgs/include/mocap4r2_msgs/msg/detail/rigid_body__rosidl_typesupport_fastrtps_cpp.hpp
[7.176s] -- Symlinking: /home/sofia/mocap4r2_ws/install/mocap4r2_msgs/include/mocap4r2_msgs/msg/rosidl_typesupport_fastrtps_cpp__visibility_control.h
[7.176s] -- Symlinking: /home/sofia/mocap4r2_ws/install/mocap4r2_msgs/lib/libmocap4r2_msgs__rosidl_typesupport_fastrtps_cpp.so
[7.176s] -- Symlinking: /home/sofia/mocap4r2_ws/install/mocap4r2_msgs/include/mocap4r2_msgs/msg/detail/imus_info__rosidl_typesupport_introspection_c.h
[7.177s] -- Symlinking: /home/sofia/mocap4r2_ws/install/mocap4r2_msgs/include/mocap4r2_msgs/msg/detail/marker__rosidl_typesupport_introspection_c.h
[7.177s] -- Symlinking: /home/sofia/mocap4r2_ws/install/mocap4r2_msgs/include/mocap4r2_msgs/msg/detail/markers__rosidl_typesupport_introspection_c.h
[7.177s] -- Symlinking: /home/sofia/mocap4r2_ws/install/mocap4r2_msgs/include/mocap4r2_msgs/msg/detail/rigid_bodies__rosidl_typesupport_introspection_c.h
[7.177s] -- Symlinking: /home/sofia/mocap4r2_ws/install/mocap4r2_msgs/include/mocap4r2_msgs/msg/detail/rigid_body__rosidl_typesupport_introspection_c.h
[7.177s] -- Symlinking: /home/sofia/mocap4r2_ws/install/mocap4r2_msgs/include/mocap4r2_msgs/msg/rosidl_typesupport_introspection_c__visibility_control.h
[7.178s] -- Symlinking: /home/sofia/mocap4r2_ws/install/mocap4r2_msgs/include/mocap4r2_msgs/msg/detail/imus_info__builder.hpp
[7.178s] -- Symlinking: /home/sofia/mocap4r2_ws/install/mocap4r2_msgs/include/mocap4r2_msgs/msg/detail/imus_info__struct.hpp
[7.178s] -- Symlinking: /home/sofia/mocap4r2_ws/install/mocap4r2_msgs/include/mocap4r2_msgs/msg/detail/imus_info__traits.hpp
[7.179s] -- Symlinking: /home/sofia/mocap4r2_ws/install/mocap4r2_msgs/include/mocap4r2_msgs/msg/detail/imus_info__type_support.hpp
[7.179s] -- Symlinking: /home/sofia/mocap4r2_ws/install/mocap4r2_msgs/include/mocap4r2_msgs/msg/detail/marker__builder.hpp
[7.179s] -- Symlinking: /home/sofia/mocap4r2_ws/install/mocap4r2_msgs/include/mocap4r2_msgs/msg/detail/marker__struct.hpp
[7.179s] -- Symlinking: /home/sofia/mocap4r2_ws/install/mocap4r2_msgs/include/mocap4r2_msgs/msg/detail/marker__traits.hpp
[7.180s] -- Symlinking: /home/sofia/mocap4r2_ws/install/mocap4r2_msgs/include/mocap4r2_msgs/msg/detail/marker__type_support.hpp
[7.180s] -- Symlinking: /home/sofia/mocap4r2_ws/install/mocap4r2_msgs/include/mocap4r2_msgs/msg/detail/markers__builder.hpp
[7.181s] -- Symlinking: /home/sofia/mocap4r2_ws/install/mocap4r2_msgs/include/mocap4r2_msgs/msg/detail/markers__struct.hpp
[7.181s] -- Symlinking: /home/sofia/mocap4r2_ws/install/mocap4r2_msgs/include/mocap4r2_msgs/msg/detail/markers__traits.hpp
[7.181s] -- Symlinking: /home/sofia/mocap4r2_ws/install/mocap4r2_msgs/include/mocap4r2_msgs/msg/detail/markers__type_support.hpp
[7.181s] -- Symlinking: /home/sofia/mocap4r2_ws/install/mocap4r2_msgs/include/mocap4r2_msgs/msg/detail/rigid_bodies__builder.hpp
[7.182s] -- Symlinking: /home/sofia/mocap4r2_ws/install/mocap4r2_msgs/include/mocap4r2_msgs/msg/detail/rigid_bodies__struct.hpp
[7.182s] -- Symlinking: /home/sofia/mocap4r2_ws/install/mocap4r2_msgs/include/mocap4r2_msgs/msg/detail/rigid_bodies__traits.hpp
[7.182s] -- Symlinking: /home/sofia/mocap4r2_ws/install/mocap4r2_msgs/include/mocap4r2_msgs/msg/detail/rigid_bodies__type_support.hpp
[7.188s] -- Symlinking: /home/sofia/mocap4r2_ws/install/mocap4r2_msgs/include/mocap4r2_msgs/msg/detail/rigid_body__builder.hpp
[7.197s] -- Symlinking: /home/sofia/mocap4r2_ws/install/mocap4r2_msgs/include/mocap4r2_msgs/msg/detail/rigid_body__struct.hpp
[7.204s] -- Symlinking: /home/sofia/mocap4r2_ws/install/mocap4r2_msgs/include/mocap4r2_msgs/msg/detail/rigid_body__traits.hpp
[7.211s] -- Symlinking: /home/sofia/mocap4r2_ws/install/mocap4r2_msgs/include/mocap4r2_msgs/msg/detail/rigid_body__type_support.hpp
[7.217s] -- Symlinking: /home/sofia/mocap4r2_ws/install/mocap4r2_msgs/include/mocap4r2_msgs/msg/imus_info.hpp
[7.226s] -- Symlinking: /home/sofia/mocap4r2_ws/install/mocap4r2_msgs/include/mocap4r2_msgs/msg/marker.hpp
[7.232s] -- Symlinking: /home/sofia/mocap4r2_ws/install/mocap4r2_msgs/include/mocap4r2_msgs/msg/markers.hpp
[7.238s] -- Symlinking: /home/sofia/mocap4r2_ws/install/mocap4r2_msgs/include/mocap4r2_msgs/msg/rigid_bodies.hpp
[7.244s] -- Symlinking: /home/sofia/mocap4r2_ws/install/mocap4r2_msgs/include/mocap4r2_msgs/msg/rigid_body.hpp
[7.251s] -- Symlinking: /home/sofia/mocap4r2_ws/install/mocap4r2_msgs/include/mocap4r2_msgs/msg/rosidl_generator_cpp__visibility_control.hpp
[7.257s] -- Symlinking: /home/sofia/mocap4r2_ws/install/mocap4r2_msgs/include/mocap4r2_msgs/msg/detail/imus_info__rosidl_typesupport_introspection_cpp.hpp
[7.266s] -- Symlinking: /home/sofia/mocap4r2_ws/install/mocap4r2_msgs/include/mocap4r2_msgs/msg/detail/marker__rosidl_typesupport_introspection_cpp.hpp
[7.272s] -- Symlinking: /home/sofia/mocap4r2_ws/install/mocap4r2_msgs/include/mocap4r2_msgs/msg/detail/markers__rosidl_typesupport_introspection_cpp.hpp
[7.278s] -- Symlinking: /home/sofia/mocap4r2_ws/install/mocap4r2_msgs/include/mocap4r2_msgs/msg/detail/rigid_bodies__rosidl_typesupport_introspection_cpp.hpp
[7.283s] -- Symlinking: /home/sofia/mocap4r2_ws/install/mocap4r2_msgs/include/mocap4r2_msgs/msg/detail/rigid_body__rosidl_typesupport_introspection_cpp.hpp
[7.289s] -- Symlinking: /home/sofia/mocap4r2_ws/install/mocap4r2_msgs/share/mocap4r2_msgs/environment/pythonpath.sh
[7.296s] -- Symlinking: /home/sofia/mocap4r2_ws/install/mocap4r2_msgs/share/mocap4r2_msgs/environment/pythonpath.dsv
[7.302s] -- Symlinking: /home/sofia/mocap4r2_ws/install/mocap4r2_msgs/lib/python3.8/site-packages/mocap4r2_msgs/__init__.py
[7.310s] -- Symlinking: /home/sofia/mocap4r2_ws/install/mocap4r2_msgs/lib/python3.8/site-packages/mocap4r2_msgs/msg/__init__.py
[7.315s] -- Symlinking: /home/sofia/mocap4r2_ws/install/mocap4r2_msgs/lib/python3.8/site-packages/mocap4r2_msgs/msg/_imus_info.py
[7.321s] -- Symlinking: /home/sofia/mocap4r2_ws/install/mocap4r2_msgs/lib/python3.8/site-packages/mocap4r2_msgs/msg/_marker.py
[7.327s] -- Symlinking: /home/sofia/mocap4r2_ws/install/mocap4r2_msgs/lib/python3.8/site-packages/mocap4r2_msgs/msg/_markers.py
[7.334s] -- Symlinking: /home/sofia/mocap4r2_ws/install/mocap4r2_msgs/lib/python3.8/site-packages/mocap4r2_msgs/msg/_rigid_bodies.py
[7.339s] -- Symlinking: /home/sofia/mocap4r2_ws/install/mocap4r2_msgs/lib/python3.8/site-packages/mocap4r2_msgs/msg/_rigid_body.py
[7.345s] -- Symlinking: /home/sofia/mocap4r2_ws/install/mocap4r2_msgs/lib/python3.8/site-packages/mocap4r2_msgs/mocap4r2_msgs_s__rosidl_typesupport_fastrtps_c.cpython-38-x86_64-linux-gnu.so
[7.353s] -- Symlinking: /home/sofia/mocap4r2_ws/install/mocap4r2_msgs/lib/python3.8/site-packages/mocap4r2_msgs/mocap4r2_msgs_s__rosidl_typesupport_introspection_c.cpython-38-x86_64-linux-gnu.so
[7.360s] -- Symlinking: /home/sofia/mocap4r2_ws/install/mocap4r2_msgs/lib/python3.8/site-packages/mocap4r2_msgs/mocap4r2_msgs_s__rosidl_typesupport_c.cpython-38-x86_64-linux-gnu.so
[7.370s] -- Symlinking: /home/sofia/mocap4r2_ws/install/mocap4r2_msgs/lib/libmocap4r2_msgs__python.so
[7.381s] -- Symlinking: /home/sofia/mocap4r2_ws/install/mocap4r2_msgs/share/mocap4r2_msgs/msg/Marker.idl
[7.389s] -- Symlinking: /home/sofia/mocap4r2_ws/install/mocap4r2_msgs/share/mocap4r2_msgs/msg/Markers.idl
[7.397s] -- Symlinking: /home/sofia/mocap4r2_ws/install/mocap4r2_msgs/share/mocap4r2_msgs/msg/ImusInfo.idl
[7.403s] -- Symlinking: /home/sofia/mocap4r2_ws/install/mocap4r2_msgs/share/mocap4r2_msgs/msg/RigidBody.idl
[7.409s] -- Symlinking: /home/sofia/mocap4r2_ws/install/mocap4r2_msgs/share/mocap4r2_msgs/msg/RigidBodies.idl
[7.415s] -- Symlinking: /home/sofia/mocap4r2_ws/install/mocap4r2_msgs/share/mocap4r2_msgs/msg/Marker.msg
[7.421s] -- Symlinking: /home/sofia/mocap4r2_ws/install/mocap4r2_msgs/share/mocap4r2_msgs/msg/Markers.msg
[7.428s] -- Symlinking: /home/sofia/mocap4r2_ws/install/mocap4r2_msgs/share/mocap4r2_msgs/msg/ImusInfo.msg
[7.433s] -- Symlinking: /home/sofia/mocap4r2_ws/install/mocap4r2_msgs/share/mocap4r2_msgs/msg/RigidBody.msg
[7.439s] -- Symlinking: /home/sofia/mocap4r2_ws/install/mocap4r2_msgs/share/mocap4r2_msgs/msg/RigidBodies.msg
[7.446s] -- Symlinking: /home/sofia/mocap4r2_ws/install/mocap4r2_msgs/share/mocap4r2_msgs/mocap4r2_bridge_mapping_rule.yaml
[7.452s] -- Symlinking: /home/sofia/mocap4r2_ws/install/mocap4r2_msgs/share/ament_index/resource_index/package_run_dependencies/mocap4r2_msgs
[7.458s] -- Symlinking: /home/sofia/mocap4r2_ws/install/mocap4r2_msgs/share/ament_index/resource_index/parent_prefix_path/mocap4r2_msgs
[7.465s] -- Symlinking: /home/sofia/mocap4r2_ws/install/mocap4r2_msgs/share/mocap4r2_msgs/environment/ament_prefix_path.sh
[7.472s] -- Symlinking: /home/sofia/mocap4r2_ws/install/mocap4r2_msgs/share/mocap4r2_msgs/environment/ament_prefix_path.dsv
[7.481s] -- Symlinking: /home/sofia/mocap4r2_ws/install/mocap4r2_msgs/share/mocap4r2_msgs/environment/path.sh
[7.489s] -- Symlinking: /home/sofia/mocap4r2_ws/install/mocap4r2_msgs/share/mocap4r2_msgs/environment/path.dsv
[7.494s] -- Symlinking: /home/sofia/mocap4r2_ws/install/mocap4r2_msgs/share/mocap4r2_msgs/local_setup.bash
[7.500s] -- Symlinking: /home/sofia/mocap4r2_ws/install/mocap4r2_msgs/share/mocap4r2_msgs/local_setup.sh
[7.506s] -- Symlinking: /home/sofia/mocap4r2_ws/install/mocap4r2_msgs/share/mocap4r2_msgs/local_setup.zsh
[7.513s] -- Symlinking: /home/sofia/mocap4r2_ws/install/mocap4r2_msgs/share/mocap4r2_msgs/local_setup.dsv
[7.518s] -- Symlinking: /home/sofia/mocap4r2_ws/install/mocap4r2_msgs/share/mocap4r2_msgs/package.dsv
[7.524s] -- Symlinking: /home/sofia/mocap4r2_ws/install/mocap4r2_msgs/share/ament_index/resource_index/packages/mocap4r2_msgs
[7.530s] -- Symlinking: /home/sofia/mocap4r2_ws/install/mocap4r2_msgs/share/mocap4r2_msgs/cmake/rosidl_cmake-extras.cmake
[7.537s] -- Symlinking: /home/sofia/mocap4r2_ws/install/mocap4r2_msgs/share/mocap4r2_msgs/cmake/ament_cmake_export_dependencies-extras.cmake
[7.543s] -- Symlinking: /home/sofia/mocap4r2_ws/install/mocap4r2_msgs/share/mocap4r2_msgs/cmake/ament_cmake_export_libraries-extras.cmake
[7.549s] -- Symlinking: /home/sofia/mocap4r2_ws/install/mocap4r2_msgs/share/mocap4r2_msgs/cmake/ament_cmake_export_targets-extras.cmake
[7.555s] -- Symlinking: /home/sofia/mocap4r2_ws/install/mocap4r2_msgs/share/mocap4r2_msgs/cmake/ament_cmake_export_include_directories-extras.cmake
[7.563s] -- Symlinking: /home/sofia/mocap4r2_ws/install/mocap4r2_msgs/share/mocap4r2_msgs/cmake/rosidl_cmake_export_typesupport_libraries-extras.cmake
[7.570s] -- Symlinking: /home/sofia/mocap4r2_ws/install/mocap4r2_msgs/share/mocap4r2_msgs/cmake/rosidl_cmake_export_typesupport_targets-extras.cmake
[7.582s] -- Symlinking: /home/sofia/mocap4r2_ws/install/mocap4r2_msgs/share/mocap4r2_msgs/cmake/mocap4r2_msgsConfig.cmake
[7.588s] -- Symlinking: /home/sofia/mocap4r2_ws/install/mocap4r2_msgs/share/mocap4r2_msgs/cmake/mocap4r2_msgsConfig-version.cmake
[7.593s] -- Symlinking: /home/sofia/mocap4r2_ws/install/mocap4r2_msgs/share/mocap4r2_msgs/package.xml
[7.601s] -- Installing: /home/sofia/mocap4r2_ws/install/mocap4r2_msgs/lib/libmocap4r2_msgs__rosidl_generator_c.so
[7.602s] -- Set runtime path of "/home/sofia/mocap4r2_ws/install/mocap4r2_msgs/lib/libmocap4r2_msgs__rosidl_generator_c.so" to ""
[7.602s] -- Installing: /home/sofia/mocap4r2_ws/install/mocap4r2_msgs/lib/libmocap4r2_msgs__rosidl_typesupport_introspection_c.so
[7.602s] -- Set runtime path of "/home/sofia/mocap4r2_ws/install/mocap4r2_msgs/lib/libmocap4r2_msgs__rosidl_typesupport_introspection_c.so" to ""
[7.602s] -- Installing: /home/sofia/mocap4r2_ws/install/mocap4r2_msgs/lib/libmocap4r2_msgs__rosidl_typesupport_c.so
[7.602s] -- Set runtime path of "/home/sofia/mocap4r2_ws/install/mocap4r2_msgs/lib/libmocap4r2_msgs__rosidl_typesupport_c.so" to ""
[7.603s] -- Installing: /home/sofia/mocap4r2_ws/install/mocap4r2_msgs/lib/libmocap4r2_msgs__rosidl_typesupport_introspection_cpp.so
[7.603s] -- Set runtime path of "/home/sofia/mocap4r2_ws/install/mocap4r2_msgs/lib/libmocap4r2_msgs__rosidl_typesupport_introspection_cpp.so" to ""
[7.603s] -- Installing: /home/sofia/mocap4r2_ws/install/mocap4r2_msgs/lib/libmocap4r2_msgs__rosidl_typesupport_cpp.so
[7.603s] -- Set runtime path of "/home/sofia/mocap4r2_ws/install/mocap4r2_msgs/lib/libmocap4r2_msgs__rosidl_typesupport_cpp.so" to ""
[7.635s] Compiling '/home/sofia/mocap4r2_ws/install/mocap4r2_msgs/lib/python3.8/site-packages/mocap4r2_msgs/__init__.py'...
[7.638s] -- Installing: /home/sofia/mocap4r2_ws/install/mocap4r2_msgs/share/mocap4r2_msgs/cmake/mocap4r2_msgs__rosidl_generator_cExport.cmake
[7.638s] -- Installing: /home/sofia/mocap4r2_ws/install/mocap4r2_msgs/share/mocap4r2_msgs/cmake/mocap4r2_msgs__rosidl_generator_cExport-noconfig.cmake
[7.639s] -- Installing: /home/sofia/mocap4r2_ws/install/mocap4r2_msgs/share/mocap4r2_msgs/cmake/mocap4r2_msgs__rosidl_typesupport_introspection_cExport.cmake
[7.639s] -- Installing: /home/sofia/mocap4r2_ws/install/mocap4r2_msgs/share/mocap4r2_msgs/cmake/mocap4r2_msgs__rosidl_typesupport_introspection_cExport-noconfig.cmake
[7.640s] -- Installing: /home/sofia/mocap4r2_ws/install/mocap4r2_msgs/share/mocap4r2_msgs/cmake/mocap4r2_msgs__rosidl_typesupport_cExport.cmake
[7.640s] -- Installing: /home/sofia/mocap4r2_ws/install/mocap4r2_msgs/share/mocap4r2_msgs/cmake/mocap4r2_msgs__rosidl_typesupport_cExport-noconfig.cmake
[7.640s] -- Installing: /home/sofia/mocap4r2_ws/install/mocap4r2_msgs/share/mocap4r2_msgs/cmake/mocap4r2_msgs__rosidl_generator_cppExport.cmake
[7.640s] -- Installing: /home/sofia/mocap4r2_ws/install/mocap4r2_msgs/share/mocap4r2_msgs/cmake/mocap4r2_msgs__rosidl_typesupport_introspection_cppExport.cmake
[7.641s] -- Installing: /home/sofia/mocap4r2_ws/install/mocap4r2_msgs/share/mocap4r2_msgs/cmake/mocap4r2_msgs__rosidl_typesupport_introspection_cppExport-noconfig.cmake
[7.641s] -- Installing: /home/sofia/mocap4r2_ws/install/mocap4r2_msgs/share/mocap4r2_msgs/cmake/mocap4r2_msgs__rosidl_typesupport_cppExport.cmake
[7.641s] -- Installing: /home/sofia/mocap4r2_ws/install/mocap4r2_msgs/share/mocap4r2_msgs/cmake/mocap4r2_msgs__rosidl_typesupport_cppExport-noconfig.cmake
[8.205s] Invoked command in '/home/sofia/mocap4r2_ws/build/mocap4r2_msgs' returned '0': CMAKE_PREFIX_PATH=/home/sofia/bolt_hardware/workspace/install/reactive_planners:/home/sofia/bolt_hardware/workspace/install/mim_control:/home/sofia/bolt_hardware/workspace/install/bolt:/home/sofia/bolt_hardware/workspace/install/dynamic_graph_manager:/home/sofia/bolt_hardware/workspace/install/dg_tools:/home/sofia/bolt_hardware/workspace/install/yaml_utils:/home/sofia/bolt_hardware/workspace/install/dg_vicon_sdk:/home/sofia/bolt_hardware/workspace/install/vicon_sdk:/home/sofia/bolt_hardware/workspace/install/slider_box:/home/sofia/bolt_hardware/workspace/install/shared_memory:/home/sofia/bolt_hardware/workspace/install/serialization_utils:/home/sofia/bolt_hardware/workspace/install/real_time_tools:/home/sofia/bolt_hardware/workspace/install/robot_properties_solo:/home/sofia/bolt_hardware/workspace/install/robot_properties_bolt:/home/sofia/bolt_hardware/workspace/install/dg_demos:/opt/ros/foxy:/home/sofia/bolt_hardware/workspace/install/odri_control_interface:/home/sofia/bolt_hardware/workspace/install/pybind11:/home/sofia/bolt_hardware/workspace/install/mpi_cmake_modules:/home/sofia/bolt_hardware/workspace/install/mim_msgs:/home/sofia/bolt_hardware/workspace/install/master_board_sdk:/home/sofia/bolt_hardware/workspace/install/googletest-distribution:/opt/openrobots: /usr/bin/cmake --install /home/sofia/mocap4r2_ws/build/mocap4r2_msgs
