[0.723s] Invoking command in '/home/sofia/mocap4r2_ws/build/mocap4r2_control': AMENT_PREFIX_PATH=/home/sofia/mocap4r2_ws/install/mocap4r2_control_msgs CMAKE_PREFIX_PATH=/home/sofia/mocap4r2_ws/install/mocap4r2_control_msgs:/opt/openrobots LD_LIBRARY_PATH=/home/sofia/mocap4r2_ws/install/mocap4r2_control_msgs/lib:/opt/openrobots/lib PYTHONPATH=/home/sofia/mocap4r2_ws/install/mocap4r2_control_msgs/lib/python3.8/site-packages:/opt/openrobots/lib/python3.8/site-packages /usr/bin/cmake --build /home/sofia/mocap4r2_ws/build/mocap4r2_control -- -j32 -l32
[0.940s] [ 14%] Built target gtest_main
[0.940s] [ 28%] Built target gtest
[0.940s] [ 57%] Built target mocap4r2_control
[0.940s] [ 71%] Built target auxiliar_main
[0.940s] [ 85%] Built target test_auxiliar
[0.940s] [100%] Built target test_control
[0.950s] Invoked command in '/home/sofia/mocap4r2_ws/build/mocap4r2_control' returned '0': AMENT_PREFIX_PATH=/home/sofia/mocap4r2_ws/install/mocap4r2_control_msgs CMAKE_PREFIX_PATH=/home/sofia/mocap4r2_ws/install/mocap4r2_control_msgs:/opt/openrobots LD_LIBRARY_PATH=/home/sofia/mocap4r2_ws/install/mocap4r2_control_msgs/lib:/opt/openrobots/lib PYTHONPATH=/home/sofia/mocap4r2_ws/install/mocap4r2_control_msgs/lib/python3.8/site-packages:/opt/openrobots/lib/python3.8/site-packages /usr/bin/cmake --build /home/sofia/mocap4r2_ws/build/mocap4r2_control -- -j32 -l32
[0.971s] Invoking command in '/home/sofia/mocap4r2_ws/build/mocap4r2_control': AMENT_PREFIX_PATH=/home/sofia/mocap4r2_ws/install/mocap4r2_control_msgs CMAKE_PREFIX_PATH=/home/sofia/mocap4r2_ws/install/mocap4r2_control_msgs:/opt/openrobots LD_LIBRARY_PATH=/home/sofia/mocap4r2_ws/install/mocap4r2_control_msgs/lib:/opt/openrobots/lib PYTHONPATH=/home/sofia/mocap4r2_ws/install/mocap4r2_control_msgs/lib/python3.8/site-packages:/opt/openrobots/lib/python3.8/site-packages /usr/bin/cmake --install /home/sofia/mocap4r2_ws/build/mocap4r2_control
[0.976s] -- Install configuration: ""
[0.976s] -- Execute custom install script
[0.977s] -- Up-to-date symlink: /home/sofia/mocap4r2_ws/install/mocap4r2_control/include//mocap4r2_control/AuxiliarNode.hpp
[0.977s] -- Up-to-date symlink: /home/sofia/mocap4r2_ws/install/mocap4r2_control/include//mocap4r2_control/ControlledLifecycleNode.hpp
[0.977s] -- Up-to-date symlink: /home/sofia/mocap4r2_ws/install/mocap4r2_control/include//mocap4r2_control/ControllerNode.hpp
[0.978s] -- Up-to-date symlink: /home/sofia/mocap4r2_ws/install/mocap4r2_control/share/mocap4r2_control/config/config_example.yaml
[0.978s] -- Up-to-date symlink: /home/sofia/mocap4r2_ws/install/mocap4r2_control/share/mocap4r2_control/launch/auxiliar.launch.py
[0.979s] -- Up-to-date symlink: /home/sofia/mocap4r2_ws/install/mocap4r2_control/lib/libmocap4r2_control.so
[0.979s] -- Up-to-date symlink: /home/sofia/mocap4r2_ws/install/mocap4r2_control/lib/mocap4r2_control/auxiliar_main
[0.979s] -- Up-to-date symlink: /home/sofia/mocap4r2_ws/install/mocap4r2_control/share/mocap4r2_control/environment/library_path.sh
[0.980s] -- Up-to-date symlink: /home/sofia/mocap4r2_ws/install/mocap4r2_control/share/mocap4r2_control/environment/library_path.dsv
[0.980s] -- Up-to-date symlink: /home/sofia/mocap4r2_ws/install/mocap4r2_control/share/ament_index/resource_index/package_run_dependencies/mocap4r2_control
[0.980s] -- Up-to-date symlink: /home/sofia/mocap4r2_ws/install/mocap4r2_control/share/ament_index/resource_index/parent_prefix_path/mocap4r2_control
[0.981s] -- Up-to-date symlink: /home/sofia/mocap4r2_ws/install/mocap4r2_control/share/mocap4r2_control/environment/ament_prefix_path.sh
[0.981s] -- Up-to-date symlink: /home/sofia/mocap4r2_ws/install/mocap4r2_control/share/mocap4r2_control/environment/ament_prefix_path.dsv
[0.981s] -- Up-to-date symlink: /home/sofia/mocap4r2_ws/install/mocap4r2_control/share/mocap4r2_control/environment/path.sh
[0.981s] -- Up-to-date symlink: /home/sofia/mocap4r2_ws/install/mocap4r2_control/share/mocap4r2_control/environment/path.dsv
[0.982s] -- Up-to-date symlink: /home/sofia/mocap4r2_ws/install/mocap4r2_control/share/mocap4r2_control/local_setup.bash
[0.982s] -- Up-to-date symlink: /home/sofia/mocap4r2_ws/install/mocap4r2_control/share/mocap4r2_control/local_setup.sh
[0.982s] -- Up-to-date symlink: /home/sofia/mocap4r2_ws/install/mocap4r2_control/share/mocap4r2_control/local_setup.zsh
[0.982s] -- Up-to-date symlink: /home/sofia/mocap4r2_ws/install/mocap4r2_control/share/mocap4r2_control/local_setup.dsv
[0.982s] -- Symlinking: /home/sofia/mocap4r2_ws/install/mocap4r2_control/share/mocap4r2_control/package.dsv
[0.988s] -- Up-to-date symlink: /home/sofia/mocap4r2_ws/install/mocap4r2_control/share/ament_index/resource_index/packages/mocap4r2_control
[0.988s] -- Up-to-date symlink: /home/sofia/mocap4r2_ws/install/mocap4r2_control/share/mocap4r2_control/cmake/ament_cmake_export_include_directories-extras.cmake
[0.989s] -- Up-to-date symlink: /home/sofia/mocap4r2_ws/install/mocap4r2_control/share/mocap4r2_control/cmake/ament_cmake_export_libraries-extras.cmake
[0.989s] -- Up-to-date symlink: /home/sofia/mocap4r2_ws/install/mocap4r2_control/share/mocap4r2_control/cmake/ament_cmake_export_dependencies-extras.cmake
[0.989s] -- Up-to-date symlink: /home/sofia/mocap4r2_ws/install/mocap4r2_control/share/mocap4r2_control/cmake/mocap4r2_controlConfig.cmake
[0.989s] -- Up-to-date symlink: /home/sofia/mocap4r2_ws/install/mocap4r2_control/share/mocap4r2_control/cmake/mocap4r2_controlConfig-version.cmake
[0.989s] -- Up-to-date symlink: /home/sofia/mocap4r2_ws/install/mocap4r2_control/share/mocap4r2_control/package.xml
[0.991s] Invoked command in '/home/sofia/mocap4r2_ws/build/mocap4r2_control' returned '0': AMENT_PREFIX_PATH=/home/sofia/mocap4r2_ws/install/mocap4r2_control_msgs CMAKE_PREFIX_PATH=/home/sofia/mocap4r2_ws/install/mocap4r2_control_msgs:/opt/openrobots LD_LIBRARY_PATH=/home/sofia/mocap4r2_ws/install/mocap4r2_control_msgs/lib:/opt/openrobots/lib PYTHONPATH=/home/sofia/mocap4r2_ws/install/mocap4r2_control_msgs/lib/python3.8/site-packages:/opt/openrobots/lib/python3.8/site-packages /usr/bin/cmake --install /home/sofia/mocap4r2_ws/build/mocap4r2_control
