[0.357s] Invoking command in '/home/sofia/mocap4r2_ws/build/mocap4r2_control_msgs': /usr/bin/cmake --build /home/sofia/mocap4r2_ws/build/mocap4r2_control_msgs -- -j32 -l32
[0.416s] [  2%] Built target mocap4r2_control_msgs__cpp
[0.416s] [ 12%] Built target mocap4r2_control_msgs__rosidl_generator_c
[0.435s] [ 35%] Built target mocap4r2_control_msgs__rosidl_typesupport_cpp
[0.435s] [ 35%] Built target mocap4r2_control_msgs__rosidl_typesupport_introspection_cpp
[0.435s] [ 43%] Built target mocap4r2_control_msgs__rosidl_typesupport_introspection_c
[0.435s] [ 53%] Built target mocap4r2_control_msgs__rosidl_typesupport_c
[0.436s] [ 64%] Built target mocap4r2_control_msgs__rosidl_typesupport_fastrtps_cpp
[0.453s] [ 74%] Built target mocap4r2_control_msgs__rosidl_typesupport_fastrtps_c
[0.470s] [ 74%] Built target mocap4r2_control_msgs
[0.486s] [ 76%] Built target mocap4r2_control_msgs__py
[0.505s] [ 84%] Built target mocap4r2_control_msgs__python
[0.525s] [ 89%] Built target mocap4r2_control_msgs__rosidl_typesupport_c__pyext
[0.525s] [ 94%] Built target mocap4r2_control_msgs__rosidl_typesupport_fastrtps_c__pyext
[0.525s] [100%] Built target mocap4r2_control_msgs__rosidl_typesupport_introspection_c__pyext
[0.532s] Invoked command in '/home/sofia/mocap4r2_ws/build/mocap4r2_control_msgs' returned '0': /usr/bin/cmake --build /home/sofia/mocap4r2_ws/build/mocap4r2_control_msgs -- -j32 -l32
[0.579s] Invoking command in '/home/sofia/mocap4r2_ws/build/mocap4r2_control_msgs': /usr/bin/cmake --install /home/sofia/mocap4r2_ws/build/mocap4r2_control_msgs
[0.583s] -- Install configuration: ""
[0.584s] -- Execute custom install script
[0.585s] -- Up-to-date symlink: /home/sofia/mocap4r2_ws/install/mocap4r2_control_msgs/share/ament_index/resource_index/rosidl_interfaces/mocap4r2_control_msgs
[0.586s] -- Up-to-date symlink: /home/sofia/mocap4r2_ws/install/mocap4r2_control_msgs/include/mocap4r2_control_msgs/msg/control.h
[0.586s] -- Up-to-date symlink: /home/sofia/mocap4r2_ws/install/mocap4r2_control_msgs/include/mocap4r2_control_msgs/msg/detail/control__functions.h
[0.586s] -- Up-to-date symlink: /home/sofia/mocap4r2_ws/install/mocap4r2_control_msgs/include/mocap4r2_control_msgs/msg/detail/control__struct.h
[0.587s] -- Up-to-date symlink: /home/sofia/mocap4r2_ws/install/mocap4r2_control_msgs/include/mocap4r2_control_msgs/msg/detail/control__type_support.h
[0.587s] -- Up-to-date symlink: /home/sofia/mocap4r2_ws/install/mocap4r2_control_msgs/include/mocap4r2_control_msgs/msg/detail/mocap_info__functions.h
[0.587s] -- Up-to-date symlink: /home/sofia/mocap4r2_ws/install/mocap4r2_control_msgs/include/mocap4r2_control_msgs/msg/detail/mocap_info__struct.h
[0.588s] -- Up-to-date symlink: /home/sofia/mocap4r2_ws/install/mocap4r2_control_msgs/include/mocap4r2_control_msgs/msg/detail/mocap_info__type_support.h
[0.588s] -- Up-to-date symlink: /home/sofia/mocap4r2_ws/install/mocap4r2_control_msgs/include/mocap4r2_control_msgs/msg/mocap_info.h
[0.588s] -- Up-to-date symlink: /home/sofia/mocap4r2_ws/install/mocap4r2_control_msgs/include/mocap4r2_control_msgs/msg/rosidl_generator_c__visibility_control.h
[0.589s] -- Up-to-date symlink: /home/sofia/mocap4r2_ws/install/mocap4r2_control_msgs/share/mocap4r2_control_msgs/environment/library_path.sh
[0.589s] -- Up-to-date symlink: /home/sofia/mocap4r2_ws/install/mocap4r2_control_msgs/share/mocap4r2_control_msgs/environment/library_path.dsv
[0.591s] -- Up-to-date symlink: /home/sofia/mocap4r2_ws/install/mocap4r2_control_msgs/include/mocap4r2_control_msgs/msg/detail/control__rosidl_typesupport_fastrtps_c.h
[0.593s] -- Up-to-date symlink: /home/sofia/mocap4r2_ws/install/mocap4r2_control_msgs/include/mocap4r2_control_msgs/msg/detail/mocap_info__rosidl_typesupport_fastrtps_c.h
[0.593s] -- Up-to-date symlink: /home/sofia/mocap4r2_ws/install/mocap4r2_control_msgs/include/mocap4r2_control_msgs/msg/rosidl_typesupport_fastrtps_c__visibility_control.h
[0.593s] -- Up-to-date symlink: /home/sofia/mocap4r2_ws/install/mocap4r2_control_msgs/lib/libmocap4r2_control_msgs__rosidl_typesupport_fastrtps_c.so
[0.593s] -- Up-to-date symlink: /home/sofia/mocap4r2_ws/install/mocap4r2_control_msgs/include/mocap4r2_control_msgs/msg/detail/control__rosidl_typesupport_fastrtps_cpp.hpp
[0.593s] -- Up-to-date symlink: /home/sofia/mocap4r2_ws/install/mocap4r2_control_msgs/include/mocap4r2_control_msgs/msg/detail/mocap_info__rosidl_typesupport_fastrtps_cpp.hpp
[0.593s] -- Up-to-date symlink: /home/sofia/mocap4r2_ws/install/mocap4r2_control_msgs/include/mocap4r2_control_msgs/msg/rosidl_typesupport_fastrtps_cpp__visibility_control.h
[0.594s] -- Up-to-date symlink: /home/sofia/mocap4r2_ws/install/mocap4r2_control_msgs/lib/libmocap4r2_control_msgs__rosidl_typesupport_fastrtps_cpp.so
[0.594s] -- Up-to-date symlink: /home/sofia/mocap4r2_ws/install/mocap4r2_control_msgs/include/mocap4r2_control_msgs/msg/detail/control__rosidl_typesupport_introspection_c.h
[0.594s] -- Up-to-date symlink: /home/sofia/mocap4r2_ws/install/mocap4r2_control_msgs/include/mocap4r2_control_msgs/msg/detail/mocap_info__rosidl_typesupport_introspection_c.h
[0.594s] -- Up-to-date symlink: /home/sofia/mocap4r2_ws/install/mocap4r2_control_msgs/include/mocap4r2_control_msgs/msg/rosidl_typesupport_introspection_c__visibility_control.h
[0.594s] -- Up-to-date symlink: /home/sofia/mocap4r2_ws/install/mocap4r2_control_msgs/include/mocap4r2_control_msgs/msg/control.hpp
[0.594s] -- Up-to-date symlink: /home/sofia/mocap4r2_ws/install/mocap4r2_control_msgs/include/mocap4r2_control_msgs/msg/detail/control__builder.hpp
[0.594s] -- Up-to-date symlink: /home/sofia/mocap4r2_ws/install/mocap4r2_control_msgs/include/mocap4r2_control_msgs/msg/detail/control__struct.hpp
[0.595s] -- Up-to-date symlink: /home/sofia/mocap4r2_ws/install/mocap4r2_control_msgs/include/mocap4r2_control_msgs/msg/detail/control__traits.hpp
[0.595s] -- Up-to-date symlink: /home/sofia/mocap4r2_ws/install/mocap4r2_control_msgs/include/mocap4r2_control_msgs/msg/detail/control__type_support.hpp
[0.595s] -- Up-to-date symlink: /home/sofia/mocap4r2_ws/install/mocap4r2_control_msgs/include/mocap4r2_control_msgs/msg/detail/mocap_info__builder.hpp
[0.595s] -- Up-to-date symlink: /home/sofia/mocap4r2_ws/install/mocap4r2_control_msgs/include/mocap4r2_control_msgs/msg/detail/mocap_info__struct.hpp
[0.596s] -- Up-to-date symlink: /home/sofia/mocap4r2_ws/install/mocap4r2_control_msgs/include/mocap4r2_control_msgs/msg/detail/mocap_info__traits.hpp
[0.596s] -- Up-to-date symlink: /home/sofia/mocap4r2_ws/install/mocap4r2_control_msgs/include/mocap4r2_control_msgs/msg/detail/mocap_info__type_support.hpp
[0.596s] -- Up-to-date symlink: /home/sofia/mocap4r2_ws/install/mocap4r2_control_msgs/include/mocap4r2_control_msgs/msg/mocap_info.hpp
[0.597s] -- Up-to-date symlink: /home/sofia/mocap4r2_ws/install/mocap4r2_control_msgs/include/mocap4r2_control_msgs/msg/rosidl_generator_cpp__visibility_control.hpp
[0.597s] -- Up-to-date symlink: /home/sofia/mocap4r2_ws/install/mocap4r2_control_msgs/include/mocap4r2_control_msgs/msg/detail/control__rosidl_typesupport_introspection_cpp.hpp
[0.597s] -- Up-to-date symlink: /home/sofia/mocap4r2_ws/install/mocap4r2_control_msgs/include/mocap4r2_control_msgs/msg/detail/mocap_info__rosidl_typesupport_introspection_cpp.hpp
[0.597s] -- Up-to-date symlink: /home/sofia/mocap4r2_ws/install/mocap4r2_control_msgs/share/mocap4r2_control_msgs/environment/pythonpath.sh
[0.598s] -- Up-to-date symlink: /home/sofia/mocap4r2_ws/install/mocap4r2_control_msgs/share/mocap4r2_control_msgs/environment/pythonpath.dsv
[0.598s] -- Up-to-date symlink: /home/sofia/mocap4r2_ws/install/mocap4r2_control_msgs/lib/python3.8/site-packages/mocap4r2_control_msgs/__init__.py
[0.599s] -- Up-to-date symlink: /home/sofia/mocap4r2_ws/install/mocap4r2_control_msgs/lib/python3.8/site-packages/mocap4r2_control_msgs/msg/__init__.py
[0.599s] -- Up-to-date symlink: /home/sofia/mocap4r2_ws/install/mocap4r2_control_msgs/lib/python3.8/site-packages/mocap4r2_control_msgs/msg/_control.py
[0.599s] -- Up-to-date symlink: /home/sofia/mocap4r2_ws/install/mocap4r2_control_msgs/lib/python3.8/site-packages/mocap4r2_control_msgs/msg/_mocap_info.py
[0.600s] -- Up-to-date symlink: /home/sofia/mocap4r2_ws/install/mocap4r2_control_msgs/lib/python3.8/site-packages/mocap4r2_control_msgs/mocap4r2_control_msgs_s__rosidl_typesupport_fastrtps_c.cpython-38-x86_64-linux-gnu.so
[0.600s] -- Up-to-date symlink: /home/sofia/mocap4r2_ws/install/mocap4r2_control_msgs/lib/python3.8/site-packages/mocap4r2_control_msgs/mocap4r2_control_msgs_s__rosidl_typesupport_introspection_c.cpython-38-x86_64-linux-gnu.so
[0.601s] -- Up-to-date symlink: /home/sofia/mocap4r2_ws/install/mocap4r2_control_msgs/lib/python3.8/site-packages/mocap4r2_control_msgs/mocap4r2_control_msgs_s__rosidl_typesupport_c.cpython-38-x86_64-linux-gnu.so
[0.601s] -- Up-to-date symlink: /home/sofia/mocap4r2_ws/install/mocap4r2_control_msgs/lib/libmocap4r2_control_msgs__python.so
[0.602s] -- Up-to-date symlink: /home/sofia/mocap4r2_ws/install/mocap4r2_control_msgs/share/mocap4r2_control_msgs/msg/Control.idl
[0.602s] -- Up-to-date symlink: /home/sofia/mocap4r2_ws/install/mocap4r2_control_msgs/share/mocap4r2_control_msgs/msg/MocapInfo.idl
[0.602s] -- Up-to-date symlink: /home/sofia/mocap4r2_ws/install/mocap4r2_control_msgs/share/mocap4r2_control_msgs/msg/Control.msg
[0.603s] -- Up-to-date symlink: /home/sofia/mocap4r2_ws/install/mocap4r2_control_msgs/share/mocap4r2_control_msgs/msg/MocapInfo.msg
[0.603s] -- Up-to-date symlink: /home/sofia/mocap4r2_ws/install/mocap4r2_control_msgs/share/mocap4r2_control_msgs/mocap4r2_control_bridge_mapping_rule.yaml
[0.603s] -- Up-to-date symlink: /home/sofia/mocap4r2_ws/install/mocap4r2_control_msgs/share/ament_index/resource_index/package_run_dependencies/mocap4r2_control_msgs
[0.604s] -- Up-to-date symlink: /home/sofia/mocap4r2_ws/install/mocap4r2_control_msgs/share/ament_index/resource_index/parent_prefix_path/mocap4r2_control_msgs
[0.604s] -- Up-to-date symlink: /home/sofia/mocap4r2_ws/install/mocap4r2_control_msgs/share/mocap4r2_control_msgs/environment/ament_prefix_path.sh
[0.604s] -- Up-to-date symlink: /home/sofia/mocap4r2_ws/install/mocap4r2_control_msgs/share/mocap4r2_control_msgs/environment/ament_prefix_path.dsv
[0.605s] -- Up-to-date symlink: /home/sofia/mocap4r2_ws/install/mocap4r2_control_msgs/share/mocap4r2_control_msgs/environment/path.sh
[0.605s] -- Up-to-date symlink: /home/sofia/mocap4r2_ws/install/mocap4r2_control_msgs/share/mocap4r2_control_msgs/environment/path.dsv
[0.605s] -- Up-to-date symlink: /home/sofia/mocap4r2_ws/install/mocap4r2_control_msgs/share/mocap4r2_control_msgs/local_setup.bash
[0.606s] -- Up-to-date symlink: /home/sofia/mocap4r2_ws/install/mocap4r2_control_msgs/share/mocap4r2_control_msgs/local_setup.sh
[0.606s] -- Up-to-date symlink: /home/sofia/mocap4r2_ws/install/mocap4r2_control_msgs/share/mocap4r2_control_msgs/local_setup.zsh
[0.606s] -- Up-to-date symlink: /home/sofia/mocap4r2_ws/install/mocap4r2_control_msgs/share/mocap4r2_control_msgs/local_setup.dsv
[0.607s] -- Symlinking: /home/sofia/mocap4r2_ws/install/mocap4r2_control_msgs/share/mocap4r2_control_msgs/package.dsv
[0.614s] -- Up-to-date symlink: /home/sofia/mocap4r2_ws/install/mocap4r2_control_msgs/share/ament_index/resource_index/packages/mocap4r2_control_msgs
[0.615s] -- Up-to-date symlink: /home/sofia/mocap4r2_ws/install/mocap4r2_control_msgs/share/mocap4r2_control_msgs/cmake/rosidl_cmake-extras.cmake
[0.615s] -- Up-to-date symlink: /home/sofia/mocap4r2_ws/install/mocap4r2_control_msgs/share/mocap4r2_control_msgs/cmake/ament_cmake_export_dependencies-extras.cmake
[0.616s] -- Up-to-date symlink: /home/sofia/mocap4r2_ws/install/mocap4r2_control_msgs/share/mocap4r2_control_msgs/cmake/ament_cmake_export_libraries-extras.cmake
[0.616s] -- Up-to-date symlink: /home/sofia/mocap4r2_ws/install/mocap4r2_control_msgs/share/mocap4r2_control_msgs/cmake/ament_cmake_export_targets-extras.cmake
[0.616s] -- Up-to-date symlink: /home/sofia/mocap4r2_ws/install/mocap4r2_control_msgs/share/mocap4r2_control_msgs/cmake/ament_cmake_export_include_directories-extras.cmake
[0.617s] -- Up-to-date symlink: /home/sofia/mocap4r2_ws/install/mocap4r2_control_msgs/share/mocap4r2_control_msgs/cmake/rosidl_cmake_export_typesupport_libraries-extras.cmake
[0.617s] -- Up-to-date symlink: /home/sofia/mocap4r2_ws/install/mocap4r2_control_msgs/share/mocap4r2_control_msgs/cmake/rosidl_cmake_export_typesupport_targets-extras.cmake
[0.617s] -- Up-to-date symlink: /home/sofia/mocap4r2_ws/install/mocap4r2_control_msgs/share/mocap4r2_control_msgs/cmake/mocap4r2_control_msgsConfig.cmake
[0.618s] -- Up-to-date symlink: /home/sofia/mocap4r2_ws/install/mocap4r2_control_msgs/share/mocap4r2_control_msgs/cmake/mocap4r2_control_msgsConfig-version.cmake
[0.618s] -- Up-to-date symlink: /home/sofia/mocap4r2_ws/install/mocap4r2_control_msgs/share/mocap4r2_control_msgs/package.xml
[0.619s] -- Up-to-date: /home/sofia/mocap4r2_ws/install/mocap4r2_control_msgs/lib/libmocap4r2_control_msgs__rosidl_generator_c.so
[0.620s] -- Up-to-date: /home/sofia/mocap4r2_ws/install/mocap4r2_control_msgs/lib/libmocap4r2_control_msgs__rosidl_typesupport_introspection_c.so
[0.621s] -- Up-to-date: /home/sofia/mocap4r2_ws/install/mocap4r2_control_msgs/lib/libmocap4r2_control_msgs__rosidl_typesupport_c.so
[0.621s] -- Up-to-date: /home/sofia/mocap4r2_ws/install/mocap4r2_control_msgs/lib/libmocap4r2_control_msgs__rosidl_typesupport_introspection_cpp.so
[0.622s] -- Up-to-date: /home/sofia/mocap4r2_ws/install/mocap4r2_control_msgs/lib/libmocap4r2_control_msgs__rosidl_typesupport_cpp.so
[0.647s] -- Up-to-date: /home/sofia/mocap4r2_ws/install/mocap4r2_control_msgs/share/mocap4r2_control_msgs/cmake/mocap4r2_control_msgs__rosidl_generator_cExport.cmake
[0.647s] -- Up-to-date: /home/sofia/mocap4r2_ws/install/mocap4r2_control_msgs/share/mocap4r2_control_msgs/cmake/mocap4r2_control_msgs__rosidl_generator_cExport-noconfig.cmake
[0.648s] -- Up-to-date: /home/sofia/mocap4r2_ws/install/mocap4r2_control_msgs/share/mocap4r2_control_msgs/cmake/mocap4r2_control_msgs__rosidl_typesupport_introspection_cExport.cmake
[0.648s] -- Up-to-date: /home/sofia/mocap4r2_ws/install/mocap4r2_control_msgs/share/mocap4r2_control_msgs/cmake/mocap4r2_control_msgs__rosidl_typesupport_introspection_cExport-noconfig.cmake
[0.648s] -- Up-to-date: /home/sofia/mocap4r2_ws/install/mocap4r2_control_msgs/share/mocap4r2_control_msgs/cmake/mocap4r2_control_msgs__rosidl_typesupport_cExport.cmake
[0.648s] -- Up-to-date: /home/sofia/mocap4r2_ws/install/mocap4r2_control_msgs/share/mocap4r2_control_msgs/cmake/mocap4r2_control_msgs__rosidl_typesupport_cExport-noconfig.cmake
[0.648s] -- Up-to-date: /home/sofia/mocap4r2_ws/install/mocap4r2_control_msgs/share/mocap4r2_control_msgs/cmake/mocap4r2_control_msgs__rosidl_generator_cppExport.cmake
[0.649s] -- Up-to-date: /home/sofia/mocap4r2_ws/install/mocap4r2_control_msgs/share/mocap4r2_control_msgs/cmake/mocap4r2_control_msgs__rosidl_typesupport_introspection_cppExport.cmake
[0.649s] -- Up-to-date: /home/sofia/mocap4r2_ws/install/mocap4r2_control_msgs/share/mocap4r2_control_msgs/cmake/mocap4r2_control_msgs__rosidl_typesupport_introspection_cppExport-noconfig.cmake
[0.649s] -- Up-to-date: /home/sofia/mocap4r2_ws/install/mocap4r2_control_msgs/share/mocap4r2_control_msgs/cmake/mocap4r2_control_msgs__rosidl_typesupport_cppExport.cmake
[0.649s] -- Up-to-date: /home/sofia/mocap4r2_ws/install/mocap4r2_control_msgs/share/mocap4r2_control_msgs/cmake/mocap4r2_control_msgs__rosidl_typesupport_cppExport-noconfig.cmake
[1.092s] Invoked command in '/home/sofia/mocap4r2_ws/build/mocap4r2_control_msgs' returned '0': /usr/bin/cmake --install /home/sofia/mocap4r2_ws/build/mocap4r2_control_msgs
