[  2%] Built target mocap4r2_control_msgs__cpp
[ 12%] Built target mocap4r2_control_msgs__rosidl_generator_c
[ 23%] Built target mocap4r2_control_msgs__rosidl_typesupport_cpp
[ 33%] Built target mocap4r2_control_msgs__rosidl_typesupport_introspection_c
[ 43%] Built target mocap4r2_control_msgs__rosidl_typesupport_introspection_cpp
[ 53%] Built target mocap4r2_control_msgs__rosidl_typesupport_c
[ 64%] Built target mocap4r2_control_msgs__rosidl_typesupport_fastrtps_cpp
[ 74%] Built target mocap4r2_control_msgs__rosidl_typesupport_fastrtps_c
[ 74%] Built target mocap4r2_control_msgs
[ 76%] Built target mocap4r2_control_msgs__py
[ 84%] Built target mocap4r2_control_msgs__python
[ 89%] Built target mocap4r2_control_msgs__rosidl_typesupport_fastrtps_c__pyext
[ 94%] Built target mocap4r2_control_msgs__rosidl_typesupport_c__pyext
[100%] Built target mocap4r2_control_msgs__rosidl_typesupport_introspection_c__pyext
-- Install configuration: ""
-- Execute custom install script
-- Up-to-date symlink: /home/sofia/mocap4r2_ws/install/mocap4r2_control_msgs/share/ament_index/resource_index/rosidl_interfaces/mocap4r2_control_msgs
-- Up-to-date symlink: /home/sofia/mocap4r2_ws/install/mocap4r2_control_msgs/include/mocap4r2_control_msgs/msg/control.h
-- Up-to-date symlink: /home/sofia/mocap4r2_ws/install/mocap4r2_control_msgs/include/mocap4r2_control_msgs/msg/detail/control__functions.h
-- Up-to-date symlink: /home/sofia/mocap4r2_ws/install/mocap4r2_control_msgs/include/mocap4r2_control_msgs/msg/detail/control__struct.h
-- Up-to-date symlink: /home/sofia/mocap4r2_ws/install/mocap4r2_control_msgs/include/mocap4r2_control_msgs/msg/detail/control__type_support.h
-- Up-to-date symlink: /home/sofia/mocap4r2_ws/install/mocap4r2_control_msgs/include/mocap4r2_control_msgs/msg/detail/mocap_info__functions.h
-- Up-to-date symlink: /home/sofia/mocap4r2_ws/install/mocap4r2_control_msgs/include/mocap4r2_control_msgs/msg/detail/mocap_info__struct.h
-- Up-to-date symlink: /home/sofia/mocap4r2_ws/install/mocap4r2_control_msgs/include/mocap4r2_control_msgs/msg/detail/mocap_info__type_support.h
-- Up-to-date symlink: /home/sofia/mocap4r2_ws/install/mocap4r2_control_msgs/include/mocap4r2_control_msgs/msg/mocap_info.h
-- Up-to-date symlink: /home/sofia/mocap4r2_ws/install/mocap4r2_control_msgs/include/mocap4r2_control_msgs/msg/rosidl_generator_c__visibility_control.h
-- Up-to-date symlink: /home/sofia/mocap4r2_ws/install/mocap4r2_control_msgs/share/mocap4r2_control_msgs/environment/library_path.sh
-- Up-to-date symlink: /home/sofia/mocap4r2_ws/install/mocap4r2_control_msgs/share/mocap4r2_control_msgs/environment/library_path.dsv
-- Up-to-date symlink: /home/sofia/mocap4r2_ws/install/mocap4r2_control_msgs/include/mocap4r2_control_msgs/msg/detail/control__rosidl_typesupport_fastrtps_c.h
-- Up-to-date symlink: /home/sofia/mocap4r2_ws/install/mocap4r2_control_msgs/include/mocap4r2_control_msgs/msg/detail/mocap_info__rosidl_typesupport_fastrtps_c.h
-- Up-to-date symlink: /home/sofia/mocap4r2_ws/install/mocap4r2_control_msgs/include/mocap4r2_control_msgs/msg/rosidl_typesupport_fastrtps_c__visibility_control.h
-- Up-to-date symlink: /home/sofia/mocap4r2_ws/install/mocap4r2_control_msgs/lib/libmocap4r2_control_msgs__rosidl_typesupport_fastrtps_c.so
-- Up-to-date symlink: /home/sofia/mocap4r2_ws/install/mocap4r2_control_msgs/include/mocap4r2_control_msgs/msg/detail/control__rosidl_typesupport_fastrtps_cpp.hpp
-- Up-to-date symlink: /home/sofia/mocap4r2_ws/install/mocap4r2_control_msgs/include/mocap4r2_control_msgs/msg/detail/mocap_info__rosidl_typesupport_fastrtps_cpp.hpp
-- Up-to-date symlink: /home/sofia/mocap4r2_ws/install/mocap4r2_control_msgs/include/mocap4r2_control_msgs/msg/rosidl_typesupport_fastrtps_cpp__visibility_control.h
-- Up-to-date symlink: /home/sofia/mocap4r2_ws/install/mocap4r2_control_msgs/lib/libmocap4r2_control_msgs__rosidl_typesupport_fastrtps_cpp.so
-- Up-to-date symlink: /home/sofia/mocap4r2_ws/install/mocap4r2_control_msgs/include/mocap4r2_control_msgs/msg/detail/control__rosidl_typesupport_introspection_c.h
-- Up-to-date symlink: /home/sofia/mocap4r2_ws/install/mocap4r2_control_msgs/include/mocap4r2_control_msgs/msg/detail/mocap_info__rosidl_typesupport_introspection_c.h
-- Up-to-date symlink: /home/sofia/mocap4r2_ws/install/mocap4r2_control_msgs/include/mocap4r2_control_msgs/msg/rosidl_typesupport_introspection_c__visibility_control.h
-- Up-to-date symlink: /home/sofia/mocap4r2_ws/install/mocap4r2_control_msgs/include/mocap4r2_control_msgs/msg/control.hpp
-- Up-to-date symlink: /home/sofia/mocap4r2_ws/install/mocap4r2_control_msgs/include/mocap4r2_control_msgs/msg/detail/control__builder.hpp
-- Up-to-date symlink: /home/sofia/mocap4r2_ws/install/mocap4r2_control_msgs/include/mocap4r2_control_msgs/msg/detail/control__struct.hpp
-- Up-to-date symlink: /home/sofia/mocap4r2_ws/install/mocap4r2_control_msgs/include/mocap4r2_control_msgs/msg/detail/control__traits.hpp
-- Up-to-date symlink: /home/sofia/mocap4r2_ws/install/mocap4r2_control_msgs/include/mocap4r2_control_msgs/msg/detail/control__type_support.hpp
-- Up-to-date symlink: /home/sofia/mocap4r2_ws/install/mocap4r2_control_msgs/include/mocap4r2_control_msgs/msg/detail/mocap_info__builder.hpp
-- Up-to-date symlink: /home/sofia/mocap4r2_ws/install/mocap4r2_control_msgs/include/mocap4r2_control_msgs/msg/detail/mocap_info__struct.hpp
-- Up-to-date symlink: /home/sofia/mocap4r2_ws/install/mocap4r2_control_msgs/include/mocap4r2_control_msgs/msg/detail/mocap_info__traits.hpp
-- Up-to-date symlink: /home/sofia/mocap4r2_ws/install/mocap4r2_control_msgs/include/mocap4r2_control_msgs/msg/detail/mocap_info__type_support.hpp
-- Up-to-date symlink: /home/sofia/mocap4r2_ws/install/mocap4r2_control_msgs/include/mocap4r2_control_msgs/msg/mocap_info.hpp
-- Up-to-date symlink: /home/sofia/mocap4r2_ws/install/mocap4r2_control_msgs/include/mocap4r2_control_msgs/msg/rosidl_generator_cpp__visibility_control.hpp
-- Up-to-date symlink: /home/sofia/mocap4r2_ws/install/mocap4r2_control_msgs/include/mocap4r2_control_msgs/msg/detail/control__rosidl_typesupport_introspection_cpp.hpp
-- Up-to-date symlink: /home/sofia/mocap4r2_ws/install/mocap4r2_control_msgs/include/mocap4r2_control_msgs/msg/detail/mocap_info__rosidl_typesupport_introspection_cpp.hpp
-- Up-to-date symlink: /home/sofia/mocap4r2_ws/install/mocap4r2_control_msgs/share/mocap4r2_control_msgs/environment/pythonpath.sh
-- Up-to-date symlink: /home/sofia/mocap4r2_ws/install/mocap4r2_control_msgs/share/mocap4r2_control_msgs/environment/pythonpath.dsv
-- Up-to-date symlink: /home/sofia/mocap4r2_ws/install/mocap4r2_control_msgs/lib/python3.8/site-packages/mocap4r2_control_msgs/__init__.py
-- Up-to-date symlink: /home/sofia/mocap4r2_ws/install/mocap4r2_control_msgs/lib/python3.8/site-packages/mocap4r2_control_msgs/msg/__init__.py
-- Up-to-date symlink: /home/sofia/mocap4r2_ws/install/mocap4r2_control_msgs/lib/python3.8/site-packages/mocap4r2_control_msgs/msg/_control.py
-- Up-to-date symlink: /home/sofia/mocap4r2_ws/install/mocap4r2_control_msgs/lib/python3.8/site-packages/mocap4r2_control_msgs/msg/_mocap_info.py
-- Up-to-date symlink: /home/sofia/mocap4r2_ws/install/mocap4r2_control_msgs/lib/python3.8/site-packages/mocap4r2_control_msgs/mocap4r2_control_msgs_s__rosidl_typesupport_fastrtps_c.cpython-38-x86_64-linux-gnu.so
-- Up-to-date symlink: /home/sofia/mocap4r2_ws/install/mocap4r2_control_msgs/lib/python3.8/site-packages/mocap4r2_control_msgs/mocap4r2_control_msgs_s__rosidl_typesupport_introspection_c.cpython-38-x86_64-linux-gnu.so
-- Up-to-date symlink: /home/sofia/mocap4r2_ws/install/mocap4r2_control_msgs/lib/python3.8/site-packages/mocap4r2_control_msgs/mocap4r2_control_msgs_s__rosidl_typesupport_c.cpython-38-x86_64-linux-gnu.so
-- Up-to-date symlink: /home/sofia/mocap4r2_ws/install/mocap4r2_control_msgs/lib/libmocap4r2_control_msgs__python.so
-- Up-to-date symlink: /home/sofia/mocap4r2_ws/install/mocap4r2_control_msgs/share/mocap4r2_control_msgs/msg/Control.idl
-- Up-to-date symlink: /home/sofia/mocap4r2_ws/install/mocap4r2_control_msgs/share/mocap4r2_control_msgs/msg/MocapInfo.idl
-- Up-to-date symlink: /home/sofia/mocap4r2_ws/install/mocap4r2_control_msgs/share/mocap4r2_control_msgs/msg/Control.msg
-- Up-to-date symlink: /home/sofia/mocap4r2_ws/install/mocap4r2_control_msgs/share/mocap4r2_control_msgs/msg/MocapInfo.msg
-- Up-to-date symlink: /home/sofia/mocap4r2_ws/install/mocap4r2_control_msgs/share/mocap4r2_control_msgs/mocap4r2_control_bridge_mapping_rule.yaml
-- Up-to-date symlink: /home/sofia/mocap4r2_ws/install/mocap4r2_control_msgs/share/ament_index/resource_index/package_run_dependencies/mocap4r2_control_msgs
-- Up-to-date symlink: /home/sofia/mocap4r2_ws/install/mocap4r2_control_msgs/share/ament_index/resource_index/parent_prefix_path/mocap4r2_control_msgs
-- Up-to-date symlink: /home/sofia/mocap4r2_ws/install/mocap4r2_control_msgs/share/mocap4r2_control_msgs/environment/ament_prefix_path.sh
-- Up-to-date symlink: /home/sofia/mocap4r2_ws/install/mocap4r2_control_msgs/share/mocap4r2_control_msgs/environment/ament_prefix_path.dsv
-- Up-to-date symlink: /home/sofia/mocap4r2_ws/install/mocap4r2_control_msgs/share/mocap4r2_control_msgs/environment/path.sh
-- Up-to-date symlink: /home/sofia/mocap4r2_ws/install/mocap4r2_control_msgs/share/mocap4r2_control_msgs/environment/path.dsv
-- Up-to-date symlink: /home/sofia/mocap4r2_ws/install/mocap4r2_control_msgs/share/mocap4r2_control_msgs/local_setup.bash
-- Up-to-date symlink: /home/sofia/mocap4r2_ws/install/mocap4r2_control_msgs/share/mocap4r2_control_msgs/local_setup.sh
-- Up-to-date symlink: /home/sofia/mocap4r2_ws/install/mocap4r2_control_msgs/share/mocap4r2_control_msgs/local_setup.zsh
-- Up-to-date symlink: /home/sofia/mocap4r2_ws/install/mocap4r2_control_msgs/share/mocap4r2_control_msgs/local_setup.dsv
-- Symlinking: /home/sofia/mocap4r2_ws/install/mocap4r2_control_msgs/share/mocap4r2_control_msgs/package.dsv
-- Up-to-date symlink: /home/sofia/mocap4r2_ws/install/mocap4r2_control_msgs/share/ament_index/resource_index/packages/mocap4r2_control_msgs
-- Up-to-date symlink: /home/sofia/mocap4r2_ws/install/mocap4r2_control_msgs/share/mocap4r2_control_msgs/cmake/rosidl_cmake-extras.cmake
-- Up-to-date symlink: /home/sofia/mocap4r2_ws/install/mocap4r2_control_msgs/share/mocap4r2_control_msgs/cmake/ament_cmake_export_dependencies-extras.cmake
-- Up-to-date symlink: /home/sofia/mocap4r2_ws/install/mocap4r2_control_msgs/share/mocap4r2_control_msgs/cmake/ament_cmake_export_libraries-extras.cmake
-- Up-to-date symlink: /home/sofia/mocap4r2_ws/install/mocap4r2_control_msgs/share/mocap4r2_control_msgs/cmake/ament_cmake_export_targets-extras.cmake
-- Up-to-date symlink: /home/sofia/mocap4r2_ws/install/mocap4r2_control_msgs/share/mocap4r2_control_msgs/cmake/ament_cmake_export_include_directories-extras.cmake
-- Up-to-date symlink: /home/sofia/mocap4r2_ws/install/mocap4r2_control_msgs/share/mocap4r2_control_msgs/cmake/rosidl_cmake_export_typesupport_libraries-extras.cmake
-- Up-to-date symlink: /home/sofia/mocap4r2_ws/install/mocap4r2_control_msgs/share/mocap4r2_control_msgs/cmake/rosidl_cmake_export_typesupport_targets-extras.cmake
-- Up-to-date symlink: /home/sofia/mocap4r2_ws/install/mocap4r2_control_msgs/share/mocap4r2_control_msgs/cmake/mocap4r2_control_msgsConfig.cmake
-- Up-to-date symlink: /home/sofia/mocap4r2_ws/install/mocap4r2_control_msgs/share/mocap4r2_control_msgs/cmake/mocap4r2_control_msgsConfig-version.cmake
-- Up-to-date symlink: /home/sofia/mocap4r2_ws/install/mocap4r2_control_msgs/share/mocap4r2_control_msgs/package.xml
-- Up-to-date: /home/sofia/mocap4r2_ws/install/mocap4r2_control_msgs/lib/libmocap4r2_control_msgs__rosidl_generator_c.so
-- Up-to-date: /home/sofia/mocap4r2_ws/install/mocap4r2_control_msgs/lib/libmocap4r2_control_msgs__rosidl_typesupport_introspection_c.so
-- Up-to-date: /home/sofia/mocap4r2_ws/install/mocap4r2_control_msgs/lib/libmocap4r2_control_msgs__rosidl_typesupport_c.so
-- Up-to-date: /home/sofia/mocap4r2_ws/install/mocap4r2_control_msgs/lib/libmocap4r2_control_msgs__rosidl_typesupport_introspection_cpp.so
-- Up-to-date: /home/sofia/mocap4r2_ws/install/mocap4r2_control_msgs/lib/libmocap4r2_control_msgs__rosidl_typesupport_cpp.so
-- Up-to-date: /home/sofia/mocap4r2_ws/install/mocap4r2_control_msgs/share/mocap4r2_control_msgs/cmake/mocap4r2_control_msgs__rosidl_generator_cExport.cmake
-- Up-to-date: /home/sofia/mocap4r2_ws/install/mocap4r2_control_msgs/share/mocap4r2_control_msgs/cmake/mocap4r2_control_msgs__rosidl_generator_cExport-noconfig.cmake
-- Up-to-date: /home/sofia/mocap4r2_ws/install/mocap4r2_control_msgs/share/mocap4r2_control_msgs/cmake/mocap4r2_control_msgs__rosidl_typesupport_introspection_cExport.cmake
-- Up-to-date: /home/sofia/mocap4r2_ws/install/mocap4r2_control_msgs/share/mocap4r2_control_msgs/cmake/mocap4r2_control_msgs__rosidl_typesupport_introspection_cExport-noconfig.cmake
-- Up-to-date: /home/sofia/mocap4r2_ws/install/mocap4r2_control_msgs/share/mocap4r2_control_msgs/cmake/mocap4r2_control_msgs__rosidl_typesupport_cExport.cmake
-- Up-to-date: /home/sofia/mocap4r2_ws/install/mocap4r2_control_msgs/share/mocap4r2_control_msgs/cmake/mocap4r2_control_msgs__rosidl_typesupport_cExport-noconfig.cmake
-- Up-to-date: /home/sofia/mocap4r2_ws/install/mocap4r2_control_msgs/share/mocap4r2_control_msgs/cmake/mocap4r2_control_msgs__rosidl_generator_cppExport.cmake
-- Up-to-date: /home/sofia/mocap4r2_ws/install/mocap4r2_control_msgs/share/mocap4r2_control_msgs/cmake/mocap4r2_control_msgs__rosidl_typesupport_introspection_cppExport.cmake
-- Up-to-date: /home/sofia/mocap4r2_ws/install/mocap4r2_control_msgs/share/mocap4r2_control_msgs/cmake/mocap4r2_control_msgs__rosidl_typesupport_introspection_cppExport-noconfig.cmake
-- Up-to-date: /home/sofia/mocap4r2_ws/install/mocap4r2_control_msgs/share/mocap4r2_control_msgs/cmake/mocap4r2_control_msgs__rosidl_typesupport_cppExport.cmake
-- Up-to-date: /home/sofia/mocap4r2_ws/install/mocap4r2_control_msgs/share/mocap4r2_control_msgs/cmake/mocap4r2_control_msgs__rosidl_typesupport_cppExport-noconfig.cmake
