[ 14%] Built target gtest_main
[ 28%] Built target gtest
[ 57%] Built target mocap4r2_control
[ 71%] Built target auxiliar_main
[ 85%] Built target test_control
[100%] Built target test_auxiliar
-- Install configuration: ""
-- Execute custom install script
-- Symlinking: /home/sofia/mocap4r2_ws/install/mocap4r2_control/include//mocap4r2_control/AuxiliarNode.hpp
-- Symlinking: /home/sofia/mocap4r2_ws/install/mocap4r2_control/include//mocap4r2_control/ControlledLifecycleNode.hpp
-- Symlinking: /home/sofia/mocap4r2_ws/install/mocap4r2_control/include//mocap4r2_control/ControllerNode.hpp
-- Symlinking: /home/sofia/mocap4r2_ws/install/mocap4r2_control/share/mocap4r2_control/config/config_example.yaml
-- Symlinking: /home/sofia/mocap4r2_ws/install/mocap4r2_control/share/mocap4r2_control/launch/auxiliar.launch.py
-- Symlinking: /home/sofia/mocap4r2_ws/install/mocap4r2_control/lib/libmocap4r2_control.so
-- Symlinking: /home/sofia/mocap4r2_ws/install/mocap4r2_control/lib/mocap4r2_control/auxiliar_main
-- Symlinking: /home/sofia/mocap4r2_ws/install/mocap4r2_control/share/mocap4r2_control/environment/library_path.sh
-- Symlinking: /home/sofia/mocap4r2_ws/install/mocap4r2_control/share/mocap4r2_control/environment/library_path.dsv
-- Symlinking: /home/sofia/mocap4r2_ws/install/mocap4r2_control/share/ament_index/resource_index/package_run_dependencies/mocap4r2_control
-- Symlinking: /home/sofia/mocap4r2_ws/install/mocap4r2_control/share/ament_index/resource_index/parent_prefix_path/mocap4r2_control
-- Symlinking: /home/sofia/mocap4r2_ws/install/mocap4r2_control/share/mocap4r2_control/environment/ament_prefix_path.sh
-- Symlinking: /home/sofia/mocap4r2_ws/install/mocap4r2_control/share/mocap4r2_control/environment/ament_prefix_path.dsv
-- Symlinking: /home/sofia/mocap4r2_ws/install/mocap4r2_control/share/mocap4r2_control/environment/path.sh
-- Symlinking: /home/sofia/mocap4r2_ws/install/mocap4r2_control/share/mocap4r2_control/environment/path.dsv
-- Symlinking: /home/sofia/mocap4r2_ws/install/mocap4r2_control/share/mocap4r2_control/local_setup.bash
-- Symlinking: /home/sofia/mocap4r2_ws/install/mocap4r2_control/share/mocap4r2_control/local_setup.sh
-- Symlinking: /home/sofia/mocap4r2_ws/install/mocap4r2_control/share/mocap4r2_control/local_setup.zsh
-- Symlinking: /home/sofia/mocap4r2_ws/install/mocap4r2_control/share/mocap4r2_control/local_setup.dsv
-- Symlinking: /home/sofia/mocap4r2_ws/install/mocap4r2_control/share/mocap4r2_control/package.dsv
-- Symlinking: /home/sofia/mocap4r2_ws/install/mocap4r2_control/share/ament_index/resource_index/packages/mocap4r2_control
-- Symlinking: /home/sofia/mocap4r2_ws/install/mocap4r2_control/share/mocap4r2_control/cmake/ament_cmake_export_include_directories-extras.cmake
-- Symlinking: /home/sofia/mocap4r2_ws/install/mocap4r2_control/share/mocap4r2_control/cmake/ament_cmake_export_libraries-extras.cmake
-- Symlinking: /home/sofia/mocap4r2_ws/install/mocap4r2_control/share/mocap4r2_control/cmake/ament_cmake_export_dependencies-extras.cmake
-- Symlinking: /home/sofia/mocap4r2_ws/install/mocap4r2_control/share/mocap4r2_control/cmake/mocap4r2_controlConfig.cmake
-- Symlinking: /home/sofia/mocap4r2_ws/install/mocap4r2_control/share/mocap4r2_control/cmake/mocap4r2_controlConfig-version.cmake
-- Symlinking: /home/sofia/mocap4r2_ws/install/mocap4r2_control/share/mocap4r2_control/package.xml
