[0.399s] Invoking command in '/home/sofia/mocap4r2_ws/build/mocap4r2_marker_viz': AMENT_PREFIX_PATH=/home/sofia/mocap4r2_ws/install/mocap4r2_msgs:/home/sofia/mocap4r2_ws/install/mocap4r2_marker_viz_srvs CMAKE_PREFIX_PATH=/home/sofia/mocap4r2_ws/install/mocap4r2_msgs:/home/sofia/mocap4r2_ws/install/mocap4r2_marker_viz_srvs:/opt/openrobots LD_LIBRARY_PATH=/home/sofia/mocap4r2_ws/install/mocap4r2_msgs/lib:/home/sofia/mocap4r2_ws/install/mocap4r2_marker_viz_srvs/lib:/opt/openrobots/lib PYTHONPATH=/home/sofia/mocap4r2_ws/install/mocap4r2_msgs/lib/python3.8/site-packages:/home/sofia/mocap4r2_ws/install/mocap4r2_marker_viz_srvs/lib/python3.8/site-packages:/opt/openrobots/lib/python3.8/site-packages /usr/bin/cmake --build /home/sofia/mocap4r2_ws/build/mocap4r2_marker_viz -- -j32 -l32
[0.437s] [ 50%] Built target mocap4r2_marker_viz_NODE
[0.456s] [100%] Built target mocap4r2_marker_viz
[0.625s] Invoked command in '/home/sofia/mocap4r2_ws/build/mocap4r2_marker_viz' returned '0': AMENT_PREFIX_PATH=/home/sofia/mocap4r2_ws/install/mocap4r2_msgs:/home/sofia/mocap4r2_ws/install/mocap4r2_marker_viz_srvs CMAKE_PREFIX_PATH=/home/sofia/mocap4r2_ws/install/mocap4r2_msgs:/home/sofia/mocap4r2_ws/install/mocap4r2_marker_viz_srvs:/opt/openrobots LD_LIBRARY_PATH=/home/sofia/mocap4r2_ws/install/mocap4r2_msgs/lib:/home/sofia/mocap4r2_ws/install/mocap4r2_marker_viz_srvs/lib:/opt/openrobots/lib PYTHONPATH=/home/sofia/mocap4r2_ws/install/mocap4r2_msgs/lib/python3.8/site-packages:/home/sofia/mocap4r2_ws/install/mocap4r2_marker_viz_srvs/lib/python3.8/site-packages:/opt/openrobots/lib/python3.8/site-packages /usr/bin/cmake --build /home/sofia/mocap4r2_ws/build/mocap4r2_marker_viz -- -j32 -l32
[1.421s] Invoking command in '/home/sofia/mocap4r2_ws/build/mocap4r2_marker_viz': AMENT_PREFIX_PATH=/home/sofia/mocap4r2_ws/install/mocap4r2_msgs:/home/sofia/mocap4r2_ws/install/mocap4r2_marker_viz_srvs CMAKE_PREFIX_PATH=/home/sofia/mocap4r2_ws/install/mocap4r2_msgs:/home/sofia/mocap4r2_ws/install/mocap4r2_marker_viz_srvs:/opt/openrobots LD_LIBRARY_PATH=/home/sofia/mocap4r2_ws/install/mocap4r2_msgs/lib:/home/sofia/mocap4r2_ws/install/mocap4r2_marker_viz_srvs/lib:/opt/openrobots/lib PYTHONPATH=/home/sofia/mocap4r2_ws/install/mocap4r2_msgs/lib/python3.8/site-packages:/home/sofia/mocap4r2_ws/install/mocap4r2_marker_viz_srvs/lib/python3.8/site-packages:/opt/openrobots/lib/python3.8/site-packages /usr/bin/cmake --install /home/sofia/mocap4r2_ws/build/mocap4r2_marker_viz
[1.430s] -- Install configuration: ""
[1.430s] -- Execute custom install script
[1.430s] -- Up-to-date symlink: /home/sofia/mocap4r2_ws/install/mocap4r2_marker_viz/lib/libmocap4r2_marker_viz_NODE.a
[1.431s] -- Up-to-date symlink: /home/sofia/mocap4r2_ws/install/mocap4r2_marker_viz/lib/mocap4r2_marker_viz/mocap4r2_marker_viz
[1.431s] -- Up-to-date symlink: /home/sofia/mocap4r2_ws/install/mocap4r2_marker_viz/share/mocap4r2_marker_viz/launch/mocap4r2_marker_viz.launch.py
[1.431s] -- Up-to-date symlink: /home/sofia/mocap4r2_ws/install/mocap4r2_marker_viz/share/mocap4r2_marker_viz/rviz/config.rviz
[1.431s] -- Up-to-date symlink: /home/sofia/mocap4r2_ws/install/mocap4r2_marker_viz/share/ament_index/resource_index/package_run_dependencies/mocap4r2_marker_viz
[1.431s] -- Up-to-date symlink: /home/sofia/mocap4r2_ws/install/mocap4r2_marker_viz/share/ament_index/resource_index/parent_prefix_path/mocap4r2_marker_viz
[1.431s] -- Up-to-date symlink: /home/sofia/mocap4r2_ws/install/mocap4r2_marker_viz/share/mocap4r2_marker_viz/environment/ament_prefix_path.sh
[1.431s] -- Up-to-date symlink: /home/sofia/mocap4r2_ws/install/mocap4r2_marker_viz/share/mocap4r2_marker_viz/environment/ament_prefix_path.dsv
[1.431s] -- Up-to-date symlink: /home/sofia/mocap4r2_ws/install/mocap4r2_marker_viz/share/mocap4r2_marker_viz/environment/path.sh
[1.431s] -- Up-to-date symlink: /home/sofia/mocap4r2_ws/install/mocap4r2_marker_viz/share/mocap4r2_marker_viz/environment/path.dsv
[1.431s] -- Up-to-date symlink: /home/sofia/mocap4r2_ws/install/mocap4r2_marker_viz/share/mocap4r2_marker_viz/local_setup.bash
[1.431s] -- Up-to-date symlink: /home/sofia/mocap4r2_ws/install/mocap4r2_marker_viz/share/mocap4r2_marker_viz/local_setup.sh
[1.431s] -- Up-to-date symlink: /home/sofia/mocap4r2_ws/install/mocap4r2_marker_viz/share/mocap4r2_marker_viz/local_setup.zsh
[1.432s] -- Up-to-date symlink: /home/sofia/mocap4r2_ws/install/mocap4r2_marker_viz/share/mocap4r2_marker_viz/local_setup.dsv
[1.432s] -- Symlinking: /home/sofia/mocap4r2_ws/install/mocap4r2_marker_viz/share/mocap4r2_marker_viz/package.dsv
[1.438s] -- Up-to-date symlink: /home/sofia/mocap4r2_ws/install/mocap4r2_marker_viz/share/ament_index/resource_index/packages/mocap4r2_marker_viz
[1.438s] -- Up-to-date symlink: /home/sofia/mocap4r2_ws/install/mocap4r2_marker_viz/share/mocap4r2_marker_viz/cmake/mocap4r2_marker_vizConfig.cmake
[1.438s] -- Up-to-date symlink: /home/sofia/mocap4r2_ws/install/mocap4r2_marker_viz/share/mocap4r2_marker_viz/cmake/mocap4r2_marker_vizConfig-version.cmake
[1.438s] -- Up-to-date symlink: /home/sofia/mocap4r2_ws/install/mocap4r2_marker_viz/share/mocap4r2_marker_viz/package.xml
[1.616s] Invoked command in '/home/sofia/mocap4r2_ws/build/mocap4r2_marker_viz' returned '0': AMENT_PREFIX_PATH=/home/sofia/mocap4r2_ws/install/mocap4r2_msgs:/home/sofia/mocap4r2_ws/install/mocap4r2_marker_viz_srvs CMAKE_PREFIX_PATH=/home/sofia/mocap4r2_ws/install/mocap4r2_msgs:/home/sofia/mocap4r2_ws/install/mocap4r2_marker_viz_srvs:/opt/openrobots LD_LIBRARY_PATH=/home/sofia/mocap4r2_ws/install/mocap4r2_msgs/lib:/home/sofia/mocap4r2_ws/install/mocap4r2_marker_viz_srvs/lib:/opt/openrobots/lib PYTHONPATH=/home/sofia/mocap4r2_ws/install/mocap4r2_msgs/lib/python3.8/site-packages:/home/sofia/mocap4r2_ws/install/mocap4r2_marker_viz_srvs/lib/python3.8/site-packages:/opt/openrobots/lib/python3.8/site-packages /usr/bin/cmake --install /home/sofia/mocap4r2_ws/build/mocap4r2_marker_viz
