[1.112s] Invoking command in '/home/sofia/mocap4r2_ws/build/mocap4r2_optitrack_driver': AMENT_PREFIX_PATH=/home/sofia/mocap4r2_ws/install/mocap4r2_control:/home/sofia/mocap4r2_ws/install/mocap4r2_msgs:/home/sofia/mocap4r2_ws/install/mocap4r2_control_msgs:${AMENT_PREFIX_PATH} CMAKE_PREFIX_PATH=/home/sofia/mocap4r2_ws/install/mocap4r2_control:/home/sofia/mocap4r2_ws/install/mocap4r2_msgs:/home/sofia/mocap4r2_ws/install/mocap4r2_control_msgs:/home/sofia/bolt_hardware/workspace/install/reactive_planners:/home/sofia/bolt_hardware/workspace/install/mim_control:/home/sofia/bolt_hardware/workspace/install/bolt:/home/sofia/bolt_hardware/workspace/install/dynamic_graph_manager:/home/sofia/bolt_hardware/workspace/install/dg_tools:/home/sofia/bolt_hardware/workspace/install/yaml_utils:/home/sofia/bolt_hardware/workspace/install/dg_vicon_sdk:/home/sofia/bolt_hardware/workspace/install/vicon_sdk:/home/sofia/bolt_hardware/workspace/install/slider_box:/home/sofia/bolt_hardware/workspace/install/shared_memory:/home/sofia/bolt_hardware/workspace/install/serialization_utils:/home/sofia/bolt_hardware/workspace/install/real_time_tools:/home/sofia/bolt_hardware/workspace/install/robot_properties_solo:/home/sofia/bolt_hardware/workspace/install/robot_properties_bolt:/home/sofia/bolt_hardware/workspace/install/dg_demos:/opt/ros/foxy:/home/sofia/bolt_hardware/workspace/install/odri_control_interface:/home/sofia/bolt_hardware/workspace/install/pybind11:/home/sofia/bolt_hardware/workspace/install/mpi_cmake_modules:/home/sofia/bolt_hardware/workspace/install/mim_msgs:/home/sofia/bolt_hardware/workspace/install/master_board_sdk:/home/sofia/bolt_hardware/workspace/install/googletest-distribution:/opt/openrobots LD_LIBRARY_PATH=/home/sofia/mocap4r2_ws/install/mocap4r2_control/lib:/home/sofia/mocap4r2_ws/install/mocap4r2_msgs/lib:/home/sofia/mocap4r2_ws/install/mocap4r2_control_msgs/lib:/home/sofia/bolt_hardware/workspace/install/reactive_planners/lib:/home/sofia/bolt_hardware/workspace/install/mim_control/lib:/home/sofia/bolt_hardware/workspace/install/bolt/lib:/home/sofia/bolt_hardware/workspace/install/dynamic_graph_manager/lib:/home/sofia/bolt_hardware/workspace/install/dg_tools/lib:/home/sofia/bolt_hardware/workspace/install/vicon_sdk/lib:/home/sofia/bolt_hardware/workspace/install/slider_box/lib:/home/sofia/bolt_hardware/workspace/install/shared_memory/lib:/home/sofia/bolt_hardware/workspace/install/real_time_tools/lib:/home/sofia/bolt_hardware/workspace/install/odri_control_interface/lib:/home/sofia/bolt_hardware/workspace/install/mim_msgs/lib:/home/sofia/bolt_hardware/workspace/install/master_board_sdk/lib:/opt/ros/foxy/opt/yaml_cpp_vendor/lib:/opt/ros/foxy/opt/rviz_ogre_vendor/lib:/opt/ros/foxy/lib/x86_64-linux-gnu:/opt/ros/foxy/lib:/opt/openrobots/lib PYTHONPATH=/home/sofia/mocap4r2_ws/install/mocap4r2_msgs/lib/python3.8/site-packages:/home/sofia/mocap4r2_ws/install/mocap4r2_control_msgs/lib/python3.8/site-packages:/home/sofia/bolt_hardware/workspace/install/reactive_planners/lib/python3.8/site-packages:/home/sofia/bolt_hardware/workspace/install/mim_control/lib/python3.8/site-packages:/home/sofia/bolt_hardware/workspace/install/bolt/lib/python3.8/site-packages:/home/sofia/bolt_hardware/workspace/install/dynamic_graph_manager/lib/python3.8/site-packages:/home/sofia/bolt_hardware/workspace/install/dg_tools/lib/python3.8/site-packages:/home/sofia/bolt_hardware/workspace/install/dg_vicon_sdk/lib/python3.8/site-packages:/home/sofia/bolt_hardware/workspace/install/vicon_sdk/lib/python3.8/site-packages:/home/sofia/bolt_hardware/workspace/install/shared_memory/lib/python3.8/site-packages:/home/sofia/bolt_hardware/workspace/install/robot_properties_solo/lib/python3.8/site-packages:/home/sofia/bolt_hardware/workspace/install/robot_properties_bolt/lib/python3.8/site-packages:/home/sofia/bolt_hardware/workspace/install/real_time_tools/lib/python3.8/site-packages:/home/sofia/bolt_hardware/workspace/install/odri_control_interface/lib/python3.8/site-packages:/home/sofia/bolt_hardware/workspace/install/mpi_cmake_modules/lib/python3.8/site-packages:/home/sofia/bolt_hardware/workspace/install/mim_msgs/lib/python3.8/site-packages:/home/sofia/bolt_hardware/workspace/install/master_board_sdk/lib/python3.8/site-packages:/home/sofia/bolt_hardware/workspace/install/dg_demos/lib/python3.8/site-packages:/home/sofia/bolt_hardware/workspace/install/bullet_utils/lib/python3.8/site-packages:/opt/ros/foxy/lib/python3.8/site-packages:/opt/openrobots/lib/python3.8/site-packages /usr/bin/cmake /home/sofia/mocap4r2_ws/src/mocap4ros2_optitrack/mocap4r2_optitrack_driver -DAMENT_CMAKE_SYMLINK_INSTALL=1 -DCMAKE_INSTALL_PREFIX=/home/sofia/mocap4r2_ws/install/mocap4r2_optitrack_driver
[1.126s] -- Found ament_cmake: 0.9.12 (/opt/ros/foxy/share/ament_cmake/cmake)
[1.148s] -- Using PYTHON_EXECUTABLE: /usr/bin/python3
[1.284s] -- Override CMake install command with custom implementation using symlinks instead of copying resources
[1.290s] -- Found rclcpp: 2.4.3 (/opt/ros/foxy/share/rclcpp/cmake)
[1.318s] -- Using all available rosidl_typesupport_c: rosidl_typesupport_fastrtps_c;rosidl_typesupport_introspection_c
[1.320s] -- Found rosidl_adapter: 1.3.1 (/opt/ros/foxy/share/rosidl_adapter/cmake)
[1.425s] -- Using all available rosidl_typesupport_cpp: rosidl_typesupport_fastrtps_cpp;rosidl_typesupport_introspection_cpp
[1.466s] -- Found rmw_implementation_cmake: 1.0.4 (/opt/ros/foxy/share/rmw_implementation_cmake/cmake)
[1.467s] -- Using RMW implementation 'rmw_fastrtps_cpp' as default
[1.592s] -- Found rclcpp_lifecycle: 2.4.3 (/opt/ros/foxy/share/rclcpp_lifecycle/cmake)
[1.614s] -- Found tf2: 0.13.14 (/opt/ros/foxy/share/tf2/cmake)
[1.655s] -- Found tf2_ros: 0.13.14 (/opt/ros/foxy/share/tf2_ros/cmake)
[1.951s] -- Found mocap4r2_msgs: 0.0.3 (/home/sofia/mocap4r2_ws/install/mocap4r2_msgs/share/mocap4r2_msgs/cmake)
[2.030s] -- Found mocap4r2_control_msgs: 0.0.7 (/home/sofia/mocap4r2_ws/install/mocap4r2_control_msgs/share/mocap4r2_control_msgs/cmake)
[2.107s] -- Found mocap4r2_control: 0.0.7 (/home/sofia/mocap4r2_ws/install/mocap4r2_control/share/mocap4r2_control/cmake)
[2.185s] -- Found ament_cmake_copyright: 0.9.8 (/opt/ros/foxy/share/ament_cmake_copyright/cmake)
[2.187s] -- Found ament_cmake_cppcheck: 0.9.8 (/opt/ros/foxy/share/ament_cmake_cppcheck/cmake)
[2.189s] -- Found ament_cmake_cpplint: 0.9.8 (/opt/ros/foxy/share/ament_cmake_cpplint/cmake)
[2.191s] -- Found ament_cmake_lint_cmake: 0.9.8 (/opt/ros/foxy/share/ament_cmake_lint_cmake/cmake)
[2.193s] -- Found ament_cmake_xmllint: 0.9.8 (/opt/ros/foxy/share/ament_cmake_xmllint/cmake)
[2.194s] -- Found ament_cmake_uncrustify: 0.9.8 (/opt/ros/foxy/share/ament_cmake_uncrustify/cmake)
[2.199s] -- Found ament_cmake_gtest: 0.9.12 (/opt/ros/foxy/share/ament_cmake_gtest/cmake)
[2.272s] -- Configuring done
[2.295s] -- Generating done
[2.296s] -- Build files have been written to: /home/sofia/mocap4r2_ws/build/mocap4r2_optitrack_driver
