[0.631s] Invoking command in '/home/sofia/mocap4r2_ws/build/mocap4r2_optitrack_driver': AMENT_PREFIX_PATH=/home/sofia/mocap4r2_ws/install/mocap4r2_control:/home/sofia/mocap4r2_ws/install/mocap4r2_msgs:/home/sofia/mocap4r2_ws/install/mocap4r2_control_msgs CMAKE_PREFIX_PATH=/home/sofia/mocap4r2_ws/install/mocap4r2_control:/home/sofia/mocap4r2_ws/install/mocap4r2_msgs:/home/sofia/mocap4r2_ws/install/mocap4r2_control_msgs:/opt/openrobots LD_LIBRARY_PATH=/home/sofia/mocap4r2_ws/install/mocap4r2_control/lib:/home/sofia/mocap4r2_ws/install/mocap4r2_msgs/lib:/home/sofia/mocap4r2_ws/install/mocap4r2_control_msgs/lib:/opt/openrobots/lib PYTHONPATH=/home/sofia/mocap4r2_ws/install/mocap4r2_msgs/lib/python3.8/site-packages:/home/sofia/mocap4r2_ws/install/mocap4r2_control_msgs/lib/python3.8/site-packages:/opt/openrobots/lib/python3.8/site-packages /usr/bin/cmake --build /home/sofia/mocap4r2_ws/build/mocap4r2_optitrack_driver -- -j32 -l32
[0.659s] [35m[1mScanning dependencies of target mocap4r2_optitrack_driver[0m
[0.684s] [ 25%] [32mBuilding CXX object CMakeFiles/mocap4r2_optitrack_driver.dir/src/mocap4r2_optitrack_driver/mocap4r2_optitrack_driver.cpp.o[0m
[2.857s] [ 50%] [32m[1mLinking CXX static library libmocap4r2_optitrack_driver.a[0m
[2.898s] [ 50%] Built target mocap4r2_optitrack_driver
[2.921s] [ 75%] [32m[1mLinking CXX executable mocap4r2_optitrack_driver_main[0m
[3.084s] [100%] Built target mocap4r2_optitrack_driver_main
[3.094s] Invoked command in '/home/sofia/mocap4r2_ws/build/mocap4r2_optitrack_driver' returned '0': AMENT_PREFIX_PATH=/home/sofia/mocap4r2_ws/install/mocap4r2_control:/home/sofia/mocap4r2_ws/install/mocap4r2_msgs:/home/sofia/mocap4r2_ws/install/mocap4r2_control_msgs CMAKE_PREFIX_PATH=/home/sofia/mocap4r2_ws/install/mocap4r2_control:/home/sofia/mocap4r2_ws/install/mocap4r2_msgs:/home/sofia/mocap4r2_ws/install/mocap4r2_control_msgs:/opt/openrobots LD_LIBRARY_PATH=/home/sofia/mocap4r2_ws/install/mocap4r2_control/lib:/home/sofia/mocap4r2_ws/install/mocap4r2_msgs/lib:/home/sofia/mocap4r2_ws/install/mocap4r2_control_msgs/lib:/opt/openrobots/lib PYTHONPATH=/home/sofia/mocap4r2_ws/install/mocap4r2_msgs/lib/python3.8/site-packages:/home/sofia/mocap4r2_ws/install/mocap4r2_control_msgs/lib/python3.8/site-packages:/opt/openrobots/lib/python3.8/site-packages /usr/bin/cmake --build /home/sofia/mocap4r2_ws/build/mocap4r2_optitrack_driver -- -j32 -l32
[3.118s] Invoking command in '/home/sofia/mocap4r2_ws/build/mocap4r2_optitrack_driver': AMENT_PREFIX_PATH=/home/sofia/mocap4r2_ws/install/mocap4r2_control:/home/sofia/mocap4r2_ws/install/mocap4r2_msgs:/home/sofia/mocap4r2_ws/install/mocap4r2_control_msgs CMAKE_PREFIX_PATH=/home/sofia/mocap4r2_ws/install/mocap4r2_control:/home/sofia/mocap4r2_ws/install/mocap4r2_msgs:/home/sofia/mocap4r2_ws/install/mocap4r2_control_msgs:/opt/openrobots LD_LIBRARY_PATH=/home/sofia/mocap4r2_ws/install/mocap4r2_control/lib:/home/sofia/mocap4r2_ws/install/mocap4r2_msgs/lib:/home/sofia/mocap4r2_ws/install/mocap4r2_control_msgs/lib:/opt/openrobots/lib PYTHONPATH=/home/sofia/mocap4r2_ws/install/mocap4r2_msgs/lib/python3.8/site-packages:/home/sofia/mocap4r2_ws/install/mocap4r2_control_msgs/lib/python3.8/site-packages:/opt/openrobots/lib/python3.8/site-packages /usr/bin/cmake --install /home/sofia/mocap4r2_ws/build/mocap4r2_optitrack_driver
[3.126s] -- Install configuration: ""
[3.126s] -- Execute custom install script
[3.127s] -- Up-to-date symlink: /home/sofia/mocap4r2_ws/install/mocap4r2_optitrack_driver/include//mocap4r2_optitrack_driver/mocap4r2_optitrack_driver.hpp
[3.127s] -- Up-to-date symlink: /home/sofia/mocap4r2_ws/install/mocap4r2_optitrack_driver/share/mocap4r2_optitrack_driver/launch/optitrack2.launch.py
[3.127s] -- Up-to-date symlink: /home/sofia/mocap4r2_ws/install/mocap4r2_optitrack_driver/share/mocap4r2_optitrack_driver/config/mocap4r2_optitrack_driver_params.yaml
[3.128s] -- Up-to-date symlink: /home/sofia/mocap4r2_ws/install/mocap4r2_optitrack_driver/lib/mocap4r2_optitrack_driver/mocap4r2_optitrack_driver_main
[3.128s] -- Up-to-date symlink: /home/sofia/mocap4r2_ws/install/mocap4r2_optitrack_driver/lib/libmocap4r2_optitrack_driver.a
[3.128s] -- Up-to-date symlink: /home/sofia/mocap4r2_ws/install/mocap4r2_optitrack_driver/share/mocap4r2_optitrack_driver/environment/library_path.sh
[3.128s] -- Up-to-date symlink: /home/sofia/mocap4r2_ws/install/mocap4r2_optitrack_driver/share/mocap4r2_optitrack_driver/environment/library_path.dsv
[3.128s] -- Up-to-date symlink: /home/sofia/mocap4r2_ws/install/mocap4r2_optitrack_driver/share/ament_index/resource_index/package_run_dependencies/mocap4r2_optitrack_driver
[3.128s] -- Up-to-date symlink: /home/sofia/mocap4r2_ws/install/mocap4r2_optitrack_driver/share/ament_index/resource_index/parent_prefix_path/mocap4r2_optitrack_driver
[3.128s] -- Up-to-date symlink: /home/sofia/mocap4r2_ws/install/mocap4r2_optitrack_driver/share/mocap4r2_optitrack_driver/environment/ament_prefix_path.sh
[3.129s] -- Up-to-date symlink: /home/sofia/mocap4r2_ws/install/mocap4r2_optitrack_driver/share/mocap4r2_optitrack_driver/environment/ament_prefix_path.dsv
[3.129s] -- Up-to-date symlink: /home/sofia/mocap4r2_ws/install/mocap4r2_optitrack_driver/share/mocap4r2_optitrack_driver/environment/path.sh
[3.129s] -- Up-to-date symlink: /home/sofia/mocap4r2_ws/install/mocap4r2_optitrack_driver/share/mocap4r2_optitrack_driver/environment/path.dsv
[3.129s] -- Up-to-date symlink: /home/sofia/mocap4r2_ws/install/mocap4r2_optitrack_driver/share/mocap4r2_optitrack_driver/local_setup.bash
[3.129s] -- Up-to-date symlink: /home/sofia/mocap4r2_ws/install/mocap4r2_optitrack_driver/share/mocap4r2_optitrack_driver/local_setup.sh
[3.129s] -- Up-to-date symlink: /home/sofia/mocap4r2_ws/install/mocap4r2_optitrack_driver/share/mocap4r2_optitrack_driver/local_setup.zsh
[3.130s] -- Up-to-date symlink: /home/sofia/mocap4r2_ws/install/mocap4r2_optitrack_driver/share/mocap4r2_optitrack_driver/local_setup.dsv
[3.130s] -- Symlinking: /home/sofia/mocap4r2_ws/install/mocap4r2_optitrack_driver/share/mocap4r2_optitrack_driver/package.dsv
[3.138s] -- Up-to-date symlink: /home/sofia/mocap4r2_ws/install/mocap4r2_optitrack_driver/share/ament_index/resource_index/packages/mocap4r2_optitrack_driver
[3.139s] -- Up-to-date symlink: /home/sofia/mocap4r2_ws/install/mocap4r2_optitrack_driver/share/mocap4r2_optitrack_driver/cmake/ament_cmake_export_include_directories-extras.cmake
[3.139s] -- Up-to-date symlink: /home/sofia/mocap4r2_ws/install/mocap4r2_optitrack_driver/share/mocap4r2_optitrack_driver/cmake/ament_cmake_export_libraries-extras.cmake
[3.139s] -- Up-to-date symlink: /home/sofia/mocap4r2_ws/install/mocap4r2_optitrack_driver/share/mocap4r2_optitrack_driver/cmake/ament_cmake_export_dependencies-extras.cmake
[3.139s] -- Up-to-date symlink: /home/sofia/mocap4r2_ws/install/mocap4r2_optitrack_driver/share/mocap4r2_optitrack_driver/cmake/mocap4r2_optitrack_driverConfig.cmake
[3.139s] -- Up-to-date symlink: /home/sofia/mocap4r2_ws/install/mocap4r2_optitrack_driver/share/mocap4r2_optitrack_driver/cmake/mocap4r2_optitrack_driverConfig-version.cmake
[3.140s] -- Up-to-date symlink: /home/sofia/mocap4r2_ws/install/mocap4r2_optitrack_driver/share/mocap4r2_optitrack_driver/package.xml
[3.141s] Invoked command in '/home/sofia/mocap4r2_ws/build/mocap4r2_optitrack_driver' returned '0': AMENT_PREFIX_PATH=/home/sofia/mocap4r2_ws/install/mocap4r2_control:/home/sofia/mocap4r2_ws/install/mocap4r2_msgs:/home/sofia/mocap4r2_ws/install/mocap4r2_control_msgs CMAKE_PREFIX_PATH=/home/sofia/mocap4r2_ws/install/mocap4r2_control:/home/sofia/mocap4r2_ws/install/mocap4r2_msgs:/home/sofia/mocap4r2_ws/install/mocap4r2_control_msgs:/opt/openrobots LD_LIBRARY_PATH=/home/sofia/mocap4r2_ws/install/mocap4r2_control/lib:/home/sofia/mocap4r2_ws/install/mocap4r2_msgs/lib:/home/sofia/mocap4r2_ws/install/mocap4r2_control_msgs/lib:/opt/openrobots/lib PYTHONPATH=/home/sofia/mocap4r2_ws/install/mocap4r2_msgs/lib/python3.8/site-packages:/home/sofia/mocap4r2_ws/install/mocap4r2_control_msgs/lib/python3.8/site-packages:/opt/openrobots/lib/python3.8/site-packages /usr/bin/cmake --install /home/sofia/mocap4r2_ws/build/mocap4r2_optitrack_driver
