[1.376s] Invoking command in '/home/sofia/mocap4r2_ws/build/mocap4r2_control': AMENT_PREFIX_PATH=/home/sofia/mocap4r2_ws/install/mocap4r2_control_msgs:${AMENT_PREFIX_PATH} CMAKE_PREFIX_PATH=/home/sofia/mocap4r2_ws/install/mocap4r2_control_msgs:/home/sofia/bolt_hardware/workspace/install/reactive_planners:/home/sofia/bolt_hardware/workspace/install/mim_control:/home/sofia/bolt_hardware/workspace/install/bolt:/home/sofia/bolt_hardware/workspace/install/dynamic_graph_manager:/home/sofia/bolt_hardware/workspace/install/dg_tools:/home/sofia/bolt_hardware/workspace/install/yaml_utils:/home/sofia/bolt_hardware/workspace/install/dg_vicon_sdk:/home/sofia/bolt_hardware/workspace/install/vicon_sdk:/home/sofia/bolt_hardware/workspace/install/slider_box:/home/sofia/bolt_hardware/workspace/install/shared_memory:/home/sofia/bolt_hardware/workspace/install/serialization_utils:/home/sofia/bolt_hardware/workspace/install/real_time_tools:/home/sofia/bolt_hardware/workspace/install/robot_properties_solo:/home/sofia/bolt_hardware/workspace/install/robot_properties_bolt:/home/sofia/bolt_hardware/workspace/install/dg_demos:/opt/ros/foxy:/home/sofia/bolt_hardware/workspace/install/odri_control_interface:/home/sofia/bolt_hardware/workspace/install/pybind11:/home/sofia/bolt_hardware/workspace/install/mpi_cmake_modules:/home/sofia/bolt_hardware/workspace/install/mim_msgs:/home/sofia/bolt_hardware/workspace/install/master_board_sdk:/home/sofia/bolt_hardware/workspace/install/googletest-distribution:/opt/openrobots LD_LIBRARY_PATH=/home/sofia/mocap4r2_ws/install/mocap4r2_control_msgs/lib:/home/sofia/bolt_hardware/workspace/install/reactive_planners/lib:/home/sofia/bolt_hardware/workspace/install/mim_control/lib:/home/sofia/bolt_hardware/workspace/install/bolt/lib:/home/sofia/bolt_hardware/workspace/install/dynamic_graph_manager/lib:/home/sofia/bolt_hardware/workspace/install/dg_tools/lib:/home/sofia/bolt_hardware/workspace/install/vicon_sdk/lib:/home/sofia/bolt_hardware/workspace/install/slider_box/lib:/home/sofia/bolt_hardware/workspace/install/shared_memory/lib:/home/sofia/bolt_hardware/workspace/install/real_time_tools/lib:/home/sofia/bolt_hardware/workspace/install/odri_control_interface/lib:/home/sofia/bolt_hardware/workspace/install/mim_msgs/lib:/home/sofia/bolt_hardware/workspace/install/master_board_sdk/lib:/opt/ros/foxy/opt/yaml_cpp_vendor/lib:/opt/ros/foxy/opt/rviz_ogre_vendor/lib:/opt/ros/foxy/lib/x86_64-linux-gnu:/opt/ros/foxy/lib:/opt/openrobots/lib PYTHONPATH=/home/sofia/mocap4r2_ws/install/mocap4r2_control_msgs/lib/python3.8/site-packages:/home/sofia/bolt_hardware/workspace/install/reactive_planners/lib/python3.8/site-packages:/home/sofia/bolt_hardware/workspace/install/mim_control/lib/python3.8/site-packages:/home/sofia/bolt_hardware/workspace/install/bolt/lib/python3.8/site-packages:/home/sofia/bolt_hardware/workspace/install/dynamic_graph_manager/lib/python3.8/site-packages:/home/sofia/bolt_hardware/workspace/install/dg_tools/lib/python3.8/site-packages:/home/sofia/bolt_hardware/workspace/install/dg_vicon_sdk/lib/python3.8/site-packages:/home/sofia/bolt_hardware/workspace/install/vicon_sdk/lib/python3.8/site-packages:/home/sofia/bolt_hardware/workspace/install/shared_memory/lib/python3.8/site-packages:/home/sofia/bolt_hardware/workspace/install/robot_properties_solo/lib/python3.8/site-packages:/home/sofia/bolt_hardware/workspace/install/robot_properties_bolt/lib/python3.8/site-packages:/home/sofia/bolt_hardware/workspace/install/real_time_tools/lib/python3.8/site-packages:/home/sofia/bolt_hardware/workspace/install/odri_control_interface/lib/python3.8/site-packages:/home/sofia/bolt_hardware/workspace/install/mpi_cmake_modules/lib/python3.8/site-packages:/home/sofia/bolt_hardware/workspace/install/mim_msgs/lib/python3.8/site-packages:/home/sofia/bolt_hardware/workspace/install/master_board_sdk/lib/python3.8/site-packages:/home/sofia/bolt_hardware/workspace/install/dg_demos/lib/python3.8/site-packages:/home/sofia/bolt_hardware/workspace/install/bullet_utils/lib/python3.8/site-packages:/opt/ros/foxy/lib/python3.8/site-packages:/opt/openrobots/lib/python3.8/site-packages /usr/bin/cmake /home/sofia/mocap4r2_ws/mocap4r2/mocap4r2_control/mocap4r2_control -DAMENT_CMAKE_SYMLINK_INSTALL=1 -DCMAKE_INSTALL_PREFIX=/home/sofia/mocap4r2_ws/install/mocap4r2_control
[1.822s] -- The C compiler identification is GNU 9.4.0
[1.822s] -- The CXX compiler identification is GNU 9.4.0
[1.822s] -- Check for working C compiler: /usr/bin/cc
[1.822s] -- Check for working C compiler: /usr/bin/cc -- works
[1.822s] -- Detecting C compiler ABI info
[1.822s] -- Detecting C compiler ABI info - done
[1.822s] -- Detecting C compile features
[1.823s] -- Detecting C compile features - done
[1.823s] -- Check for working CXX compiler: /usr/bin/c++
[1.823s] -- Check for working CXX compiler: /usr/bin/c++ -- works
[1.823s] -- Detecting CXX compiler ABI info
[1.824s] -- Detecting CXX compiler ABI info - done
[1.824s] -- Detecting CXX compile features
[1.824s] -- Detecting CXX compile features - done
[1.824s] -- Found ament_cmake: 0.9.12 (/opt/ros/foxy/share/ament_cmake/cmake)
[1.824s] -- Found PythonInterp: /usr/bin/python3 (found suitable version "3.8.10", minimum required is "3") 
[1.825s] -- Using PYTHON_EXECUTABLE: /usr/bin/python3
[1.925s] -- Override CMake install command with custom implementation using symlinks instead of copying resources
[1.950s] -- Found rclcpp: 2.4.3 (/opt/ros/foxy/share/rclcpp/cmake)
[1.993s] -- Using all available rosidl_typesupport_c: rosidl_typesupport_fastrtps_c;rosidl_typesupport_introspection_c
[2.000s] -- Found rosidl_adapter: 1.3.1 (/opt/ros/foxy/share/rosidl_adapter/cmake)
[2.080s] -- Found OpenSSL: /usr/lib/x86_64-linux-gnu/libcrypto.so (found version "1.1.1f")  
[2.103s] -- Found FastRTPS: /opt/ros/foxy/include  
[2.170s] -- Using all available rosidl_typesupport_cpp: rosidl_typesupport_fastrtps_cpp;rosidl_typesupport_introspection_cpp
[2.222s] -- Found rmw_implementation_cmake: 1.0.4 (/opt/ros/foxy/share/rmw_implementation_cmake/cmake)
[2.224s] -- Using RMW implementation 'rmw_fastrtps_cpp' as default
[2.224s] -- Looking for pthread.h
[2.287s] -- Looking for pthread.h - found
[2.288s] -- Performing Test CMAKE_HAVE_LIBC_PTHREAD
[2.362s] -- Performing Test CMAKE_HAVE_LIBC_PTHREAD - Failed
[2.362s] -- Looking for pthread_create in pthreads
[2.414s] -- Looking for pthread_create in pthreads - not found
[2.414s] -- Looking for pthread_create in pthread
[2.479s] -- Looking for pthread_create in pthread - found
[2.480s] -- Found Threads: TRUE  
[2.627s] -- Found rclcpp_lifecycle: 2.4.3 (/opt/ros/foxy/share/rclcpp_lifecycle/cmake)
[2.655s] -- Found mocap4r2_control_msgs: 0.0.7 (/home/sofia/mocap4r2_ws/install/mocap4r2_control_msgs/share/mocap4r2_control_msgs/cmake)
[2.785s] -- Found ament_lint_auto: 0.9.8 (/opt/ros/foxy/share/ament_lint_auto/cmake)
[2.879s] -- Found gtest sources under '/opt/ros/foxy/src/gtest_vendor': C++ tests using 'Google Test' will be built
[2.880s] -- Check if compiler accepts -pthread
[2.949s] -- Check if compiler accepts -pthread - yes
[2.963s] -- Added test 'copyright' to check source files copyright and LICENSE
[2.964s] -- Added test 'cppcheck' to perform static code analysis on C / C++ code
[2.964s] -- Configured cppcheck include dirs: /home/sofia/mocap4r2_ws/mocap4r2/mocap4r2_control/mocap4r2_control/include
[2.965s] -- Configured cppcheck exclude dirs and/or files: 
[2.966s] -- Added test 'cpplint' to check C / C++ code against the Google style
[2.966s] -- Configured cpplint exclude dirs and/or files: 
[2.966s] -- Added test 'flake8' to check Python code syntax and style conventions
[2.967s] -- Added test 'lint_cmake' to check CMake code style
[2.968s] -- Added test 'pep257' to check Python code against some of the style conventions in PEP 257
[2.969s] -- Added test 'uncrustify' to check C / C++ code style
[2.969s] -- Configured uncrustify additional arguments: 
[2.970s] -- Added test 'xmllint' to check XML markup files
[2.974s] -- Configuring done
[2.996s] -- Generating done
[2.998s] -- Build files have been written to: /home/sofia/mocap4r2_ws/build/mocap4r2_control
[3.063s] Invoked command in '/home/sofia/mocap4r2_ws/build/mocap4r2_control' returned '0': AMENT_PREFIX_PATH=/home/sofia/mocap4r2_ws/install/mocap4r2_control_msgs:${AMENT_PREFIX_PATH} CMAKE_PREFIX_PATH=/home/sofia/mocap4r2_ws/install/mocap4r2_control_msgs:/home/sofia/bolt_hardware/workspace/install/reactive_planners:/home/sofia/bolt_hardware/workspace/install/mim_control:/home/sofia/bolt_hardware/workspace/install/bolt:/home/sofia/bolt_hardware/workspace/install/dynamic_graph_manager:/home/sofia/bolt_hardware/workspace/install/dg_tools:/home/sofia/bolt_hardware/workspace/install/yaml_utils:/home/sofia/bolt_hardware/workspace/install/dg_vicon_sdk:/home/sofia/bolt_hardware/workspace/install/vicon_sdk:/home/sofia/bolt_hardware/workspace/install/slider_box:/home/sofia/bolt_hardware/workspace/install/shared_memory:/home/sofia/bolt_hardware/workspace/install/serialization_utils:/home/sofia/bolt_hardware/workspace/install/real_time_tools:/home/sofia/bolt_hardware/workspace/install/robot_properties_solo:/home/sofia/bolt_hardware/workspace/install/robot_properties_bolt:/home/sofia/bolt_hardware/workspace/install/dg_demos:/opt/ros/foxy:/home/sofia/bolt_hardware/workspace/install/odri_control_interface:/home/sofia/bolt_hardware/workspace/install/pybind11:/home/sofia/bolt_hardware/workspace/install/mpi_cmake_modules:/home/sofia/bolt_hardware/workspace/install/mim_msgs:/home/sofia/bolt_hardware/workspace/install/master_board_sdk:/home/sofia/bolt_hardware/workspace/install/googletest-distribution:/opt/openrobots LD_LIBRARY_PATH=/home/sofia/mocap4r2_ws/install/mocap4r2_control_msgs/lib:/home/sofia/bolt_hardware/workspace/install/reactive_planners/lib:/home/sofia/bolt_hardware/workspace/install/mim_control/lib:/home/sofia/bolt_hardware/workspace/install/bolt/lib:/home/sofia/bolt_hardware/workspace/install/dynamic_graph_manager/lib:/home/sofia/bolt_hardware/workspace/install/dg_tools/lib:/home/sofia/bolt_hardware/workspace/install/vicon_sdk/lib:/home/sofia/bolt_hardware/workspace/install/slider_box/lib:/home/sofia/bolt_hardware/workspace/install/shared_memory/lib:/home/sofia/bolt_hardware/workspace/install/real_time_tools/lib:/home/sofia/bolt_hardware/workspace/install/odri_control_interface/lib:/home/sofia/bolt_hardware/workspace/install/mim_msgs/lib:/home/sofia/bolt_hardware/workspace/install/master_board_sdk/lib:/opt/ros/foxy/opt/yaml_cpp_vendor/lib:/opt/ros/foxy/opt/rviz_ogre_vendor/lib:/opt/ros/foxy/lib/x86_64-linux-gnu:/opt/ros/foxy/lib:/opt/openrobots/lib PYTHONPATH=/home/sofia/mocap4r2_ws/install/mocap4r2_control_msgs/lib/python3.8/site-packages:/home/sofia/bolt_hardware/workspace/install/reactive_planners/lib/python3.8/site-packages:/home/sofia/bolt_hardware/workspace/install/mim_control/lib/python3.8/site-packages:/home/sofia/bolt_hardware/workspace/install/bolt/lib/python3.8/site-packages:/home/sofia/bolt_hardware/workspace/install/dynamic_graph_manager/lib/python3.8/site-packages:/home/sofia/bolt_hardware/workspace/install/dg_tools/lib/python3.8/site-packages:/home/sofia/bolt_hardware/workspace/install/dg_vicon_sdk/lib/python3.8/site-packages:/home/sofia/bolt_hardware/workspace/install/vicon_sdk/lib/python3.8/site-packages:/home/sofia/bolt_hardware/workspace/install/shared_memory/lib/python3.8/site-packages:/home/sofia/bolt_hardware/workspace/install/robot_properties_solo/lib/python3.8/site-packages:/home/sofia/bolt_hardware/workspace/install/robot_properties_bolt/lib/python3.8/site-packages:/home/sofia/bolt_hardware/workspace/install/real_time_tools/lib/python3.8/site-packages:/home/sofia/bolt_hardware/workspace/install/odri_control_interface/lib/python3.8/site-packages:/home/sofia/bolt_hardware/workspace/install/mpi_cmake_modules/lib/python3.8/site-packages:/home/sofia/bolt_hardware/workspace/install/mim_msgs/lib/python3.8/site-packages:/home/sofia/bolt_hardware/workspace/install/master_board_sdk/lib/python3.8/site-packages:/home/sofia/bolt_hardware/workspace/install/dg_demos/lib/python3.8/site-packages:/home/sofia/bolt_hardware/workspace/install/bullet_utils/lib/python3.8/site-packages:/opt/ros/foxy/lib/python3.8/site-packages:/opt/openrobots/lib/python3.8/site-packages /usr/bin/cmake /home/sofia/mocap4r2_ws/mocap4r2/mocap4r2_control/mocap4r2_control -DAMENT_CMAKE_SYMLINK_INSTALL=1 -DCMAKE_INSTALL_PREFIX=/home/sofia/mocap4r2_ws/install/mocap4r2_control
[3.066s] Invoking command in '/home/sofia/mocap4r2_ws/build/mocap4r2_control': AMENT_PREFIX_PATH=/home/sofia/mocap4r2_ws/install/mocap4r2_control_msgs:${AMENT_PREFIX_PATH} CMAKE_PREFIX_PATH=/home/sofia/mocap4r2_ws/install/mocap4r2_control_msgs:/home/sofia/bolt_hardware/workspace/install/reactive_planners:/home/sofia/bolt_hardware/workspace/install/mim_control:/home/sofia/bolt_hardware/workspace/install/bolt:/home/sofia/bolt_hardware/workspace/install/dynamic_graph_manager:/home/sofia/bolt_hardware/workspace/install/dg_tools:/home/sofia/bolt_hardware/workspace/install/yaml_utils:/home/sofia/bolt_hardware/workspace/install/dg_vicon_sdk:/home/sofia/bolt_hardware/workspace/install/vicon_sdk:/home/sofia/bolt_hardware/workspace/install/slider_box:/home/sofia/bolt_hardware/workspace/install/shared_memory:/home/sofia/bolt_hardware/workspace/install/serialization_utils:/home/sofia/bolt_hardware/workspace/install/real_time_tools:/home/sofia/bolt_hardware/workspace/install/robot_properties_solo:/home/sofia/bolt_hardware/workspace/install/robot_properties_bolt:/home/sofia/bolt_hardware/workspace/install/dg_demos:/opt/ros/foxy:/home/sofia/bolt_hardware/workspace/install/odri_control_interface:/home/sofia/bolt_hardware/workspace/install/pybind11:/home/sofia/bolt_hardware/workspace/install/mpi_cmake_modules:/home/sofia/bolt_hardware/workspace/install/mim_msgs:/home/sofia/bolt_hardware/workspace/install/master_board_sdk:/home/sofia/bolt_hardware/workspace/install/googletest-distribution:/opt/openrobots LD_LIBRARY_PATH=/home/sofia/mocap4r2_ws/install/mocap4r2_control_msgs/lib:/home/sofia/bolt_hardware/workspace/install/reactive_planners/lib:/home/sofia/bolt_hardware/workspace/install/mim_control/lib:/home/sofia/bolt_hardware/workspace/install/bolt/lib:/home/sofia/bolt_hardware/workspace/install/dynamic_graph_manager/lib:/home/sofia/bolt_hardware/workspace/install/dg_tools/lib:/home/sofia/bolt_hardware/workspace/install/vicon_sdk/lib:/home/sofia/bolt_hardware/workspace/install/slider_box/lib:/home/sofia/bolt_hardware/workspace/install/shared_memory/lib:/home/sofia/bolt_hardware/workspace/install/real_time_tools/lib:/home/sofia/bolt_hardware/workspace/install/odri_control_interface/lib:/home/sofia/bolt_hardware/workspace/install/mim_msgs/lib:/home/sofia/bolt_hardware/workspace/install/master_board_sdk/lib:/opt/ros/foxy/opt/yaml_cpp_vendor/lib:/opt/ros/foxy/opt/rviz_ogre_vendor/lib:/opt/ros/foxy/lib/x86_64-linux-gnu:/opt/ros/foxy/lib:/opt/openrobots/lib PYTHONPATH=/home/sofia/mocap4r2_ws/install/mocap4r2_control_msgs/lib/python3.8/site-packages:/home/sofia/bolt_hardware/workspace/install/reactive_planners/lib/python3.8/site-packages:/home/sofia/bolt_hardware/workspace/install/mim_control/lib/python3.8/site-packages:/home/sofia/bolt_hardware/workspace/install/bolt/lib/python3.8/site-packages:/home/sofia/bolt_hardware/workspace/install/dynamic_graph_manager/lib/python3.8/site-packages:/home/sofia/bolt_hardware/workspace/install/dg_tools/lib/python3.8/site-packages:/home/sofia/bolt_hardware/workspace/install/dg_vicon_sdk/lib/python3.8/site-packages:/home/sofia/bolt_hardware/workspace/install/vicon_sdk/lib/python3.8/site-packages:/home/sofia/bolt_hardware/workspace/install/shared_memory/lib/python3.8/site-packages:/home/sofia/bolt_hardware/workspace/install/robot_properties_solo/lib/python3.8/site-packages:/home/sofia/bolt_hardware/workspace/install/robot_properties_bolt/lib/python3.8/site-packages:/home/sofia/bolt_hardware/workspace/install/real_time_tools/lib/python3.8/site-packages:/home/sofia/bolt_hardware/workspace/install/odri_control_interface/lib/python3.8/site-packages:/home/sofia/bolt_hardware/workspace/install/mpi_cmake_modules/lib/python3.8/site-packages:/home/sofia/bolt_hardware/workspace/install/mim_msgs/lib/python3.8/site-packages:/home/sofia/bolt_hardware/workspace/install/master_board_sdk/lib/python3.8/site-packages:/home/sofia/bolt_hardware/workspace/install/dg_demos/lib/python3.8/site-packages:/home/sofia/bolt_hardware/workspace/install/bullet_utils/lib/python3.8/site-packages:/opt/ros/foxy/lib/python3.8/site-packages:/opt/openrobots/lib/python3.8/site-packages /usr/bin/cmake --build /home/sofia/mocap4r2_ws/build/mocap4r2_control -- -j32 -l32
[3.105s] [35m[1mScanning dependencies of target gtest[0m
[3.105s] [35m[1mScanning dependencies of target gtest_main[0m
[3.105s] [35m[1mScanning dependencies of target mocap4r2_control[0m
[3.121s] [  7%] [32mBuilding CXX object gtest/CMakeFiles/gtest_main.dir/src/gtest_main.cc.o[0m
[3.122s] [ 14%] [32mBuilding CXX object gtest/CMakeFiles/gtest.dir/src/gtest-all.cc.o[0m
[3.178s] [ 28%] [32mBuilding CXX object CMakeFiles/mocap4r2_control.dir/src/mocap4r2_control/ControlledLifecycleNode.cpp.o[0m
[3.178s] [ 28%] [32mBuilding CXX object CMakeFiles/mocap4r2_control.dir/src/mocap4r2_control/AuxiliarNode.cpp.o[0m
[3.178s] [ 35%] [32mBuilding CXX object CMakeFiles/mocap4r2_control.dir/src/mocap4r2_control/ControllerNode.cpp.o[0m
[3.654s] [ 42%] [32m[1mLinking CXX static library libgtest_main.a[0m
[3.685s] [ 42%] Built target gtest_main
[5.481s] [ 50%] [32m[1mLinking CXX static library libgtest.a[0m
[5.525s] [ 50%] Built target gtest
[7.186s] [ 57%] [32m[1mLinking CXX shared library libmocap4r2_control.so[0m
[7.400s] [ 57%] Built target mocap4r2_control
[7.409s] [35m[1mScanning dependencies of target auxiliar_main[0m
[7.409s] [35m[1mScanning dependencies of target test_auxiliar[0m
[7.410s] [35m[1mScanning dependencies of target test_control[0m
[7.442s] [ 64%] [32mBuilding CXX object CMakeFiles/auxiliar_main.dir/src/auxiliar_main.cpp.o[0m
[7.448s] [ 71%] [32mBuilding CXX object test/CMakeFiles/test_auxiliar.dir/test_auxiliar.cpp.o[0m
[7.449s] [ 78%] [32mBuilding CXX object test/CMakeFiles/test_control.dir/test_control.cpp.o[0m
[8.747s] [ 85%] [32m[1mLinking CXX executable auxiliar_main[0m
[8.849s] [ 85%] Built target auxiliar_main
[11.263s] [ 92%] [32m[1mLinking CXX executable test_auxiliar[0m
[11.487s] [ 92%] Built target test_auxiliar
[11.981s] [100%] [32m[1mLinking CXX executable test_control[0m
[12.213s] [100%] Built target test_control
