[1.382s] Invoking command in '/home/sofia/mocap4r2_ws/build/mocap4r2_dummy_driver': AMENT_PREFIX_PATH=/home/sofia/mocap4r2_ws/install/mocap4r2_control:/home/sofia/mocap4r2_ws/install/mocap4r2_msgs:/home/sofia/mocap4r2_ws/install/mocap4r2_control_msgs:${AMENT_PREFIX_PATH} CMAKE_PREFIX_PATH=/home/sofia/mocap4r2_ws/install/mocap4r2_control:/home/sofia/mocap4r2_ws/install/mocap4r2_msgs:/home/sofia/mocap4r2_ws/install/mocap4r2_control_msgs:/home/sofia/bolt_hardware/workspace/install/reactive_planners:/home/sofia/bolt_hardware/workspace/install/mim_control:/home/sofia/bolt_hardware/workspace/install/bolt:/home/sofia/bolt_hardware/workspace/install/dynamic_graph_manager:/home/sofia/bolt_hardware/workspace/install/dg_tools:/home/sofia/bolt_hardware/workspace/install/yaml_utils:/home/sofia/bolt_hardware/workspace/install/dg_vicon_sdk:/home/sofia/bolt_hardware/workspace/install/vicon_sdk:/home/sofia/bolt_hardware/workspace/install/slider_box:/home/sofia/bolt_hardware/workspace/install/shared_memory:/home/sofia/bolt_hardware/workspace/install/serialization_utils:/home/sofia/bolt_hardware/workspace/install/real_time_tools:/home/sofia/bolt_hardware/workspace/install/robot_properties_solo:/home/sofia/bolt_hardware/workspace/install/robot_properties_bolt:/home/sofia/bolt_hardware/workspace/install/dg_demos:/opt/ros/foxy:/home/sofia/bolt_hardware/workspace/install/odri_control_interface:/home/sofia/bolt_hardware/workspace/install/pybind11:/home/sofia/bolt_hardware/workspace/install/mpi_cmake_modules:/home/sofia/bolt_hardware/workspace/install/mim_msgs:/home/sofia/bolt_hardware/workspace/install/master_board_sdk:/home/sofia/bolt_hardware/workspace/install/googletest-distribution:/opt/openrobots LD_LIBRARY_PATH=/home/sofia/mocap4r2_ws/install/mocap4r2_control/lib:/home/sofia/mocap4r2_ws/install/mocap4r2_msgs/lib:/home/sofia/mocap4r2_ws/install/mocap4r2_control_msgs/lib:/home/sofia/bolt_hardware/workspace/install/reactive_planners/lib:/home/sofia/bolt_hardware/workspace/install/mim_control/lib:/home/sofia/bolt_hardware/workspace/install/bolt/lib:/home/sofia/bolt_hardware/workspace/install/dynamic_graph_manager/lib:/home/sofia/bolt_hardware/workspace/install/dg_tools/lib:/home/sofia/bolt_hardware/workspace/install/vicon_sdk/lib:/home/sofia/bolt_hardware/workspace/install/slider_box/lib:/home/sofia/bolt_hardware/workspace/install/shared_memory/lib:/home/sofia/bolt_hardware/workspace/install/real_time_tools/lib:/home/sofia/bolt_hardware/workspace/install/odri_control_interface/lib:/home/sofia/bolt_hardware/workspace/install/mim_msgs/lib:/home/sofia/bolt_hardware/workspace/install/master_board_sdk/lib:/opt/ros/foxy/opt/yaml_cpp_vendor/lib:/opt/ros/foxy/opt/rviz_ogre_vendor/lib:/opt/ros/foxy/lib/x86_64-linux-gnu:/opt/ros/foxy/lib:/opt/openrobots/lib PYTHONPATH=/home/sofia/mocap4r2_ws/install/mocap4r2_msgs/lib/python3.8/site-packages:/home/sofia/mocap4r2_ws/install/mocap4r2_control_msgs/lib/python3.8/site-packages:/home/sofia/bolt_hardware/workspace/install/reactive_planners/lib/python3.8/site-packages:/home/sofia/bolt_hardware/workspace/install/mim_control/lib/python3.8/site-packages:/home/sofia/bolt_hardware/workspace/install/bolt/lib/python3.8/site-packages:/home/sofia/bolt_hardware/workspace/install/dynamic_graph_manager/lib/python3.8/site-packages:/home/sofia/bolt_hardware/workspace/install/dg_tools/lib/python3.8/site-packages:/home/sofia/bolt_hardware/workspace/install/dg_vicon_sdk/lib/python3.8/site-packages:/home/sofia/bolt_hardware/workspace/install/vicon_sdk/lib/python3.8/site-packages:/home/sofia/bolt_hardware/workspace/install/shared_memory/lib/python3.8/site-packages:/home/sofia/bolt_hardware/workspace/install/robot_properties_solo/lib/python3.8/site-packages:/home/sofia/bolt_hardware/workspace/install/robot_properties_bolt/lib/python3.8/site-packages:/home/sofia/bolt_hardware/workspace/install/real_time_tools/lib/python3.8/site-packages:/home/sofia/bolt_hardware/workspace/install/odri_control_interface/lib/python3.8/site-packages:/home/sofia/bolt_hardware/workspace/install/mpi_cmake_modules/lib/python3.8/site-packages:/home/sofia/bolt_hardware/workspace/install/mim_msgs/lib/python3.8/site-packages:/home/sofia/bolt_hardware/workspace/install/master_board_sdk/lib/python3.8/site-packages:/home/sofia/bolt_hardware/workspace/install/dg_demos/lib/python3.8/site-packages:/home/sofia/bolt_hardware/workspace/install/bullet_utils/lib/python3.8/site-packages:/opt/ros/foxy/lib/python3.8/site-packages:/opt/openrobots/lib/python3.8/site-packages /usr/bin/cmake /home/sofia/mocap4r2_ws/mocap4r2/mocap4r2_dummy_driver -DAMENT_CMAKE_SYMLINK_INSTALL=1 -DCMAKE_INSTALL_PREFIX=/home/sofia/mocap4r2_ws/install/mocap4r2_dummy_driver
[1.432s] -- The C compiler identification is GNU 9.4.0
[1.483s] -- The CXX compiler identification is GNU 9.4.0
[1.491s] -- Check for working C compiler: /usr/bin/cc
[1.555s] -- Check for working C compiler: /usr/bin/cc -- works
[1.556s] -- Detecting C compiler ABI info
[1.616s] -- Detecting C compiler ABI info - done
[1.625s] -- Detecting C compile features
[1.625s] -- Detecting C compile features - done
[1.627s] -- Check for working CXX compiler: /usr/bin/c++
[1.698s] -- Check for working CXX compiler: /usr/bin/c++ -- works
[1.699s] -- Detecting CXX compiler ABI info
[1.769s] -- Detecting CXX compiler ABI info - done
[1.780s] -- Detecting CXX compile features
[1.780s] -- Detecting CXX compile features - done
[1.783s] -- Found ament_cmake: 0.9.12 (/opt/ros/foxy/share/ament_cmake/cmake)
[1.809s] -- Found PythonInterp: /usr/bin/python3 (found suitable version "3.8.10", minimum required is "3") 
[1.809s] -- Using PYTHON_EXECUTABLE: /usr/bin/python3
[1.940s] -- Override CMake install command with custom implementation using symlinks instead of copying resources
[1.973s] -- Found rclcpp: 2.4.3 (/opt/ros/foxy/share/rclcpp/cmake)
[2.019s] -- Using all available rosidl_typesupport_c: rosidl_typesupport_fastrtps_c;rosidl_typesupport_introspection_c
[2.027s] -- Found rosidl_adapter: 1.3.1 (/opt/ros/foxy/share/rosidl_adapter/cmake)
[2.109s] -- Found OpenSSL: /usr/lib/x86_64-linux-gnu/libcrypto.so (found version "1.1.1f")  
[2.136s] -- Found FastRTPS: /opt/ros/foxy/include  
[2.208s] -- Using all available rosidl_typesupport_cpp: rosidl_typesupport_fastrtps_cpp;rosidl_typesupport_introspection_cpp
[2.261s] -- Found rmw_implementation_cmake: 1.0.4 (/opt/ros/foxy/share/rmw_implementation_cmake/cmake)
[2.262s] -- Using RMW implementation 'rmw_fastrtps_cpp' as default
[2.263s] -- Looking for pthread.h
[2.338s] -- Looking for pthread.h - found
[2.338s] -- Performing Test CMAKE_HAVE_LIBC_PTHREAD
[2.404s] -- Performing Test CMAKE_HAVE_LIBC_PTHREAD - Failed
[2.404s] -- Looking for pthread_create in pthreads
[2.460s] -- Looking for pthread_create in pthreads - not found
[2.460s] -- Looking for pthread_create in pthread
[2.532s] -- Looking for pthread_create in pthread - found
[2.533s] -- Found Threads: TRUE  
[2.680s] -- Found rclcpp_lifecycle: 2.4.3 (/opt/ros/foxy/share/rclcpp_lifecycle/cmake)
[2.707s] -- Found mocap4r2_msgs: 0.0.3 (/home/sofia/mocap4r2_ws/install/mocap4r2_msgs/share/mocap4r2_msgs/cmake)
[2.826s] -- Found mocap4r2_control: 0.0.7 (/home/sofia/mocap4r2_ws/install/mocap4r2_control/share/mocap4r2_control/cmake)
[2.965s] -- Found ament_lint_auto: 0.9.8 (/opt/ros/foxy/share/ament_lint_auto/cmake)
[3.057s] -- Added test 'copyright' to check source files copyright and LICENSE
[3.058s] -- Added test 'cppcheck' to perform static code analysis on C / C++ code
[3.058s] -- Configured cppcheck include dirs: /home/sofia/mocap4r2_ws/mocap4r2/mocap4r2_dummy_driver/include
[3.058s] -- Configured cppcheck exclude dirs and/or files: 
[3.059s] -- Added test 'cpplint' to check C / C++ code against the Google style
[3.059s] -- Configured cpplint exclude dirs and/or files: 
[3.060s] -- Added test 'flake8' to check Python code syntax and style conventions
[3.060s] -- Added test 'lint_cmake' to check CMake code style
[3.061s] -- Added test 'pep257' to check Python code against some of the style conventions in PEP 257
[3.062s] -- Added test 'uncrustify' to check C / C++ code style
[3.062s] -- Configured uncrustify additional arguments: 
[3.062s] -- Added test 'xmllint' to check XML markup files
[3.066s] -- Configuring done
[3.086s] -- Generating done
[3.087s] -- Build files have been written to: /home/sofia/mocap4r2_ws/build/mocap4r2_dummy_driver
