[0.292s] Invoking command in '/home/sofia/mocap4r2_ws/build/mocap4r2_robot_gt_msgs': CMAKE_PREFIX_PATH=/home/sofia/bolt_hardware/workspace/install/reactive_planners:/home/sofia/bolt_hardware/workspace/install/mim_control:/home/sofia/bolt_hardware/workspace/install/bolt:/home/sofia/bolt_hardware/workspace/install/dynamic_graph_manager:/home/sofia/bolt_hardware/workspace/install/dg_tools:/home/sofia/bolt_hardware/workspace/install/yaml_utils:/home/sofia/bolt_hardware/workspace/install/dg_vicon_sdk:/home/sofia/bolt_hardware/workspace/install/vicon_sdk:/home/sofia/bolt_hardware/workspace/install/slider_box:/home/sofia/bolt_hardware/workspace/install/shared_memory:/home/sofia/bolt_hardware/workspace/install/serialization_utils:/home/sofia/bolt_hardware/workspace/install/real_time_tools:/home/sofia/bolt_hardware/workspace/install/robot_properties_solo:/home/sofia/bolt_hardware/workspace/install/robot_properties_bolt:/home/sofia/bolt_hardware/workspace/install/dg_demos:/opt/ros/foxy:/home/sofia/bolt_hardware/workspace/install/odri_control_interface:/home/sofia/bolt_hardware/workspace/install/pybind11:/home/sofia/bolt_hardware/workspace/install/mpi_cmake_modules:/home/sofia/bolt_hardware/workspace/install/mim_msgs:/home/sofia/bolt_hardware/workspace/install/master_board_sdk:/home/sofia/bolt_hardware/workspace/install/googletest-distribution:/opt/openrobots: /usr/bin/cmake --build /home/sofia/mocap4r2_ws/build/mocap4r2_robot_gt_msgs -- -j32 -l32
[0.341s] [  3%] Built target mocap4r2_robot_gt_msgs__cpp
[0.343s] [ 12%] Built target mocap4r2_robot_gt_msgs__rosidl_generator_c
[0.362s] [ 22%] Built target mocap4r2_robot_gt_msgs__rosidl_typesupport_introspection_cpp
[0.364s] [ 32%] Built target mocap4r2_robot_gt_msgs__rosidl_typesupport_fastrtps_cpp
[0.364s] [ 41%] Built target mocap4r2_robot_gt_msgs__rosidl_typesupport_cpp
[0.365s] [ 51%] Built target mocap4r2_robot_gt_msgs__rosidl_typesupport_c
[0.365s] [ 61%] Built target mocap4r2_robot_gt_msgs__rosidl_typesupport_introspection_c
[0.389s] [ 70%] Built target mocap4r2_robot_gt_msgs__rosidl_typesupport_fastrtps_c
[0.408s] [ 70%] Built target mocap4r2_robot_gt_msgs
[0.429s] [ 74%] Built target mocap4r2_robot_gt_msgs__py
[0.456s] [ 80%] Built target mocap4r2_robot_gt_msgs__python
[0.480s] [ 93%] Built target mocap4r2_robot_gt_msgs__rosidl_typesupport_introspection_c__pyext
[0.480s] [ 93%] Built target mocap4r2_robot_gt_msgs__rosidl_typesupport_c__pyext
[0.481s] [100%] Built target mocap4r2_robot_gt_msgs__rosidl_typesupport_fastrtps_c__pyext
[0.490s] Invoked command in '/home/sofia/mocap4r2_ws/build/mocap4r2_robot_gt_msgs' returned '0': CMAKE_PREFIX_PATH=/home/sofia/bolt_hardware/workspace/install/reactive_planners:/home/sofia/bolt_hardware/workspace/install/mim_control:/home/sofia/bolt_hardware/workspace/install/bolt:/home/sofia/bolt_hardware/workspace/install/dynamic_graph_manager:/home/sofia/bolt_hardware/workspace/install/dg_tools:/home/sofia/bolt_hardware/workspace/install/yaml_utils:/home/sofia/bolt_hardware/workspace/install/dg_vicon_sdk:/home/sofia/bolt_hardware/workspace/install/vicon_sdk:/home/sofia/bolt_hardware/workspace/install/slider_box:/home/sofia/bolt_hardware/workspace/install/shared_memory:/home/sofia/bolt_hardware/workspace/install/serialization_utils:/home/sofia/bolt_hardware/workspace/install/real_time_tools:/home/sofia/bolt_hardware/workspace/install/robot_properties_solo:/home/sofia/bolt_hardware/workspace/install/robot_properties_bolt:/home/sofia/bolt_hardware/workspace/install/dg_demos:/opt/ros/foxy:/home/sofia/bolt_hardware/workspace/install/odri_control_interface:/home/sofia/bolt_hardware/workspace/install/pybind11:/home/sofia/bolt_hardware/workspace/install/mpi_cmake_modules:/home/sofia/bolt_hardware/workspace/install/mim_msgs:/home/sofia/bolt_hardware/workspace/install/master_board_sdk:/home/sofia/bolt_hardware/workspace/install/googletest-distribution:/opt/openrobots: /usr/bin/cmake --build /home/sofia/mocap4r2_ws/build/mocap4r2_robot_gt_msgs -- -j32 -l32
[0.560s] Invoking command in '/home/sofia/mocap4r2_ws/build/mocap4r2_robot_gt_msgs': CMAKE_PREFIX_PATH=/home/sofia/bolt_hardware/workspace/install/reactive_planners:/home/sofia/bolt_hardware/workspace/install/mim_control:/home/sofia/bolt_hardware/workspace/install/bolt:/home/sofia/bolt_hardware/workspace/install/dynamic_graph_manager:/home/sofia/bolt_hardware/workspace/install/dg_tools:/home/sofia/bolt_hardware/workspace/install/yaml_utils:/home/sofia/bolt_hardware/workspace/install/dg_vicon_sdk:/home/sofia/bolt_hardware/workspace/install/vicon_sdk:/home/sofia/bolt_hardware/workspace/install/slider_box:/home/sofia/bolt_hardware/workspace/install/shared_memory:/home/sofia/bolt_hardware/workspace/install/serialization_utils:/home/sofia/bolt_hardware/workspace/install/real_time_tools:/home/sofia/bolt_hardware/workspace/install/robot_properties_solo:/home/sofia/bolt_hardware/workspace/install/robot_properties_bolt:/home/sofia/bolt_hardware/workspace/install/dg_demos:/opt/ros/foxy:/home/sofia/bolt_hardware/workspace/install/odri_control_interface:/home/sofia/bolt_hardware/workspace/install/pybind11:/home/sofia/bolt_hardware/workspace/install/mpi_cmake_modules:/home/sofia/bolt_hardware/workspace/install/mim_msgs:/home/sofia/bolt_hardware/workspace/install/master_board_sdk:/home/sofia/bolt_hardware/workspace/install/googletest-distribution:/opt/openrobots: /usr/bin/cmake --install /home/sofia/mocap4r2_ws/build/mocap4r2_robot_gt_msgs
[0.571s] -- Install configuration: ""
[0.572s] -- Execute custom install script
[0.572s] -- Up-to-date symlink: /home/sofia/mocap4r2_ws/install/mocap4r2_robot_gt_msgs/share/ament_index/resource_index/rosidl_interfaces/mocap4r2_robot_gt_msgs
[0.573s] -- Up-to-date symlink: /home/sofia/mocap4r2_ws/install/mocap4r2_robot_gt_msgs/include/mocap4r2_robot_gt_msgs/msg/rosidl_generator_c__visibility_control.h
[0.573s] -- Up-to-date symlink: /home/sofia/mocap4r2_ws/install/mocap4r2_robot_gt_msgs/include/mocap4r2_robot_gt_msgs/srv/detail/set_gt_origin__functions.h
[0.573s] -- Up-to-date symlink: /home/sofia/mocap4r2_ws/install/mocap4r2_robot_gt_msgs/include/mocap4r2_robot_gt_msgs/srv/detail/set_gt_origin__struct.h
[0.573s] -- Up-to-date symlink: /home/sofia/mocap4r2_ws/install/mocap4r2_robot_gt_msgs/include/mocap4r2_robot_gt_msgs/srv/detail/set_gt_origin__type_support.h
[0.573s] -- Up-to-date symlink: /home/sofia/mocap4r2_ws/install/mocap4r2_robot_gt_msgs/include/mocap4r2_robot_gt_msgs/srv/set_gt_origin.h
[0.574s] -- Up-to-date symlink: /home/sofia/mocap4r2_ws/install/mocap4r2_robot_gt_msgs/share/mocap4r2_robot_gt_msgs/environment/library_path.sh
[0.574s] -- Up-to-date symlink: /home/sofia/mocap4r2_ws/install/mocap4r2_robot_gt_msgs/share/mocap4r2_robot_gt_msgs/environment/library_path.dsv
[0.575s] -- Up-to-date symlink: /home/sofia/mocap4r2_ws/install/mocap4r2_robot_gt_msgs/include/mocap4r2_robot_gt_msgs/msg/rosidl_typesupport_fastrtps_c__visibility_control.h
[0.575s] -- Up-to-date symlink: /home/sofia/mocap4r2_ws/install/mocap4r2_robot_gt_msgs/include/mocap4r2_robot_gt_msgs/srv/detail/set_gt_origin__rosidl_typesupport_fastrtps_c.h
[0.575s] -- Up-to-date symlink: /home/sofia/mocap4r2_ws/install/mocap4r2_robot_gt_msgs/lib/libmocap4r2_robot_gt_msgs__rosidl_typesupport_fastrtps_c.so
[0.576s] -- Up-to-date symlink: /home/sofia/mocap4r2_ws/install/mocap4r2_robot_gt_msgs/include/mocap4r2_robot_gt_msgs/msg/rosidl_typesupport_fastrtps_cpp__visibility_control.h
[0.576s] -- Up-to-date symlink: /home/sofia/mocap4r2_ws/install/mocap4r2_robot_gt_msgs/include/mocap4r2_robot_gt_msgs/srv/detail/set_gt_origin__rosidl_typesupport_fastrtps_cpp.hpp
[0.576s] -- Up-to-date symlink: /home/sofia/mocap4r2_ws/install/mocap4r2_robot_gt_msgs/lib/libmocap4r2_robot_gt_msgs__rosidl_typesupport_fastrtps_cpp.so
[0.576s] -- Up-to-date symlink: /home/sofia/mocap4r2_ws/install/mocap4r2_robot_gt_msgs/include/mocap4r2_robot_gt_msgs/msg/rosidl_typesupport_introspection_c__visibility_control.h
[0.577s] -- Up-to-date symlink: /home/sofia/mocap4r2_ws/install/mocap4r2_robot_gt_msgs/include/mocap4r2_robot_gt_msgs/srv/detail/set_gt_origin__rosidl_typesupport_introspection_c.h
[0.577s] -- Up-to-date symlink: /home/sofia/mocap4r2_ws/install/mocap4r2_robot_gt_msgs/include/mocap4r2_robot_gt_msgs/msg/rosidl_generator_cpp__visibility_control.hpp
[0.577s] -- Up-to-date symlink: /home/sofia/mocap4r2_ws/install/mocap4r2_robot_gt_msgs/include/mocap4r2_robot_gt_msgs/srv/detail/set_gt_origin__builder.hpp
[0.577s] -- Up-to-date symlink: /home/sofia/mocap4r2_ws/install/mocap4r2_robot_gt_msgs/include/mocap4r2_robot_gt_msgs/srv/detail/set_gt_origin__struct.hpp
[0.577s] -- Up-to-date symlink: /home/sofia/mocap4r2_ws/install/mocap4r2_robot_gt_msgs/include/mocap4r2_robot_gt_msgs/srv/detail/set_gt_origin__traits.hpp
[0.578s] -- Up-to-date symlink: /home/sofia/mocap4r2_ws/install/mocap4r2_robot_gt_msgs/include/mocap4r2_robot_gt_msgs/srv/detail/set_gt_origin__type_support.hpp
[0.578s] -- Up-to-date symlink: /home/sofia/mocap4r2_ws/install/mocap4r2_robot_gt_msgs/include/mocap4r2_robot_gt_msgs/srv/set_gt_origin.hpp
[0.578s] -- Up-to-date symlink: /home/sofia/mocap4r2_ws/install/mocap4r2_robot_gt_msgs/include/mocap4r2_robot_gt_msgs/srv/detail/set_gt_origin__rosidl_typesupport_introspection_cpp.hpp
[0.579s] -- Up-to-date symlink: /home/sofia/mocap4r2_ws/install/mocap4r2_robot_gt_msgs/share/mocap4r2_robot_gt_msgs/environment/pythonpath.sh
[0.579s] -- Up-to-date symlink: /home/sofia/mocap4r2_ws/install/mocap4r2_robot_gt_msgs/share/mocap4r2_robot_gt_msgs/environment/pythonpath.dsv
[0.579s] -- Up-to-date symlink: /home/sofia/mocap4r2_ws/install/mocap4r2_robot_gt_msgs/lib/python3.8/site-packages/mocap4r2_robot_gt_msgs/__init__.py
[0.579s] -- Up-to-date symlink: /home/sofia/mocap4r2_ws/install/mocap4r2_robot_gt_msgs/lib/python3.8/site-packages/mocap4r2_robot_gt_msgs/srv/__init__.py
[0.580s] -- Up-to-date symlink: /home/sofia/mocap4r2_ws/install/mocap4r2_robot_gt_msgs/lib/python3.8/site-packages/mocap4r2_robot_gt_msgs/srv/_set_gt_origin.py
[0.580s] -- Up-to-date symlink: /home/sofia/mocap4r2_ws/install/mocap4r2_robot_gt_msgs/lib/python3.8/site-packages/mocap4r2_robot_gt_msgs/mocap4r2_robot_gt_msgs_s__rosidl_typesupport_fastrtps_c.cpython-38-x86_64-linux-gnu.so
[0.580s] -- Up-to-date symlink: /home/sofia/mocap4r2_ws/install/mocap4r2_robot_gt_msgs/lib/python3.8/site-packages/mocap4r2_robot_gt_msgs/mocap4r2_robot_gt_msgs_s__rosidl_typesupport_introspection_c.cpython-38-x86_64-linux-gnu.so
[0.581s] -- Up-to-date symlink: /home/sofia/mocap4r2_ws/install/mocap4r2_robot_gt_msgs/lib/python3.8/site-packages/mocap4r2_robot_gt_msgs/mocap4r2_robot_gt_msgs_s__rosidl_typesupport_c.cpython-38-x86_64-linux-gnu.so
[0.581s] -- Up-to-date symlink: /home/sofia/mocap4r2_ws/install/mocap4r2_robot_gt_msgs/lib/libmocap4r2_robot_gt_msgs__python.so
[0.581s] -- Up-to-date symlink: /home/sofia/mocap4r2_ws/install/mocap4r2_robot_gt_msgs/share/mocap4r2_robot_gt_msgs/srv/SetGTOrigin.idl
[0.582s] -- Up-to-date symlink: /home/sofia/mocap4r2_ws/install/mocap4r2_robot_gt_msgs/share/mocap4r2_robot_gt_msgs/srv/SetGTOrigin.srv
[0.582s] -- Up-to-date symlink: /home/sofia/mocap4r2_ws/install/mocap4r2_robot_gt_msgs/share/mocap4r2_robot_gt_msgs/srv/SetGTOrigin_Request.msg
[0.582s] -- Up-to-date symlink: /home/sofia/mocap4r2_ws/install/mocap4r2_robot_gt_msgs/share/mocap4r2_robot_gt_msgs/srv/SetGTOrigin_Response.msg
[0.582s] -- Up-to-date symlink: /home/sofia/mocap4r2_ws/install/mocap4r2_robot_gt_msgs/share/ament_index/resource_index/package_run_dependencies/mocap4r2_robot_gt_msgs
[0.583s] -- Up-to-date symlink: /home/sofia/mocap4r2_ws/install/mocap4r2_robot_gt_msgs/share/ament_index/resource_index/parent_prefix_path/mocap4r2_robot_gt_msgs
[0.583s] -- Up-to-date symlink: /home/sofia/mocap4r2_ws/install/mocap4r2_robot_gt_msgs/share/mocap4r2_robot_gt_msgs/environment/ament_prefix_path.sh
[0.583s] -- Up-to-date symlink: /home/sofia/mocap4r2_ws/install/mocap4r2_robot_gt_msgs/share/mocap4r2_robot_gt_msgs/environment/ament_prefix_path.dsv
[0.583s] -- Up-to-date symlink: /home/sofia/mocap4r2_ws/install/mocap4r2_robot_gt_msgs/share/mocap4r2_robot_gt_msgs/environment/path.sh
[0.583s] -- Up-to-date symlink: /home/sofia/mocap4r2_ws/install/mocap4r2_robot_gt_msgs/share/mocap4r2_robot_gt_msgs/environment/path.dsv
[0.584s] -- Up-to-date symlink: /home/sofia/mocap4r2_ws/install/mocap4r2_robot_gt_msgs/share/mocap4r2_robot_gt_msgs/local_setup.bash
[0.584s] -- Up-to-date symlink: /home/sofia/mocap4r2_ws/install/mocap4r2_robot_gt_msgs/share/mocap4r2_robot_gt_msgs/local_setup.sh
[0.584s] -- Up-to-date symlink: /home/sofia/mocap4r2_ws/install/mocap4r2_robot_gt_msgs/share/mocap4r2_robot_gt_msgs/local_setup.zsh
[0.584s] -- Up-to-date symlink: /home/sofia/mocap4r2_ws/install/mocap4r2_robot_gt_msgs/share/mocap4r2_robot_gt_msgs/local_setup.dsv
[0.585s] -- Symlinking: /home/sofia/mocap4r2_ws/install/mocap4r2_robot_gt_msgs/share/mocap4r2_robot_gt_msgs/package.dsv
[0.591s] -- Up-to-date symlink: /home/sofia/mocap4r2_ws/install/mocap4r2_robot_gt_msgs/share/ament_index/resource_index/packages/mocap4r2_robot_gt_msgs
[0.591s] -- Up-to-date symlink: /home/sofia/mocap4r2_ws/install/mocap4r2_robot_gt_msgs/share/mocap4r2_robot_gt_msgs/cmake/rosidl_cmake-extras.cmake
[0.592s] -- Up-to-date symlink: /home/sofia/mocap4r2_ws/install/mocap4r2_robot_gt_msgs/share/mocap4r2_robot_gt_msgs/cmake/ament_cmake_export_dependencies-extras.cmake
[0.592s] -- Up-to-date symlink: /home/sofia/mocap4r2_ws/install/mocap4r2_robot_gt_msgs/share/mocap4r2_robot_gt_msgs/cmake/ament_cmake_export_libraries-extras.cmake
[0.592s] -- Up-to-date symlink: /home/sofia/mocap4r2_ws/install/mocap4r2_robot_gt_msgs/share/mocap4r2_robot_gt_msgs/cmake/ament_cmake_export_targets-extras.cmake
[0.592s] -- Up-to-date symlink: /home/sofia/mocap4r2_ws/install/mocap4r2_robot_gt_msgs/share/mocap4r2_robot_gt_msgs/cmake/ament_cmake_export_include_directories-extras.cmake
[0.592s] -- Up-to-date symlink: /home/sofia/mocap4r2_ws/install/mocap4r2_robot_gt_msgs/share/mocap4r2_robot_gt_msgs/cmake/rosidl_cmake_export_typesupport_libraries-extras.cmake
[0.592s] -- Up-to-date symlink: /home/sofia/mocap4r2_ws/install/mocap4r2_robot_gt_msgs/share/mocap4r2_robot_gt_msgs/cmake/rosidl_cmake_export_typesupport_targets-extras.cmake
[0.593s] -- Up-to-date symlink: /home/sofia/mocap4r2_ws/install/mocap4r2_robot_gt_msgs/share/mocap4r2_robot_gt_msgs/cmake/mocap4r2_robot_gt_msgsConfig.cmake
[0.593s] -- Up-to-date symlink: /home/sofia/mocap4r2_ws/install/mocap4r2_robot_gt_msgs/share/mocap4r2_robot_gt_msgs/cmake/mocap4r2_robot_gt_msgsConfig-version.cmake
[0.593s] -- Up-to-date symlink: /home/sofia/mocap4r2_ws/install/mocap4r2_robot_gt_msgs/share/mocap4r2_robot_gt_msgs/package.xml
[0.593s] -- Up-to-date: /home/sofia/mocap4r2_ws/install/mocap4r2_robot_gt_msgs/lib/libmocap4r2_robot_gt_msgs__rosidl_generator_c.so
[0.593s] -- Up-to-date: /home/sofia/mocap4r2_ws/install/mocap4r2_robot_gt_msgs/lib/libmocap4r2_robot_gt_msgs__rosidl_typesupport_introspection_c.so
[0.594s] -- Up-to-date: /home/sofia/mocap4r2_ws/install/mocap4r2_robot_gt_msgs/lib/libmocap4r2_robot_gt_msgs__rosidl_typesupport_c.so
[0.594s] -- Up-to-date: /home/sofia/mocap4r2_ws/install/mocap4r2_robot_gt_msgs/lib/libmocap4r2_robot_gt_msgs__rosidl_typesupport_introspection_cpp.so
[0.594s] -- Up-to-date: /home/sofia/mocap4r2_ws/install/mocap4r2_robot_gt_msgs/lib/libmocap4r2_robot_gt_msgs__rosidl_typesupport_cpp.so
[0.624s] -- Up-to-date: /home/sofia/mocap4r2_ws/install/mocap4r2_robot_gt_msgs/share/mocap4r2_robot_gt_msgs/cmake/mocap4r2_robot_gt_msgs__rosidl_generator_cExport.cmake
[0.624s] -- Up-to-date: /home/sofia/mocap4r2_ws/install/mocap4r2_robot_gt_msgs/share/mocap4r2_robot_gt_msgs/cmake/mocap4r2_robot_gt_msgs__rosidl_generator_cExport-noconfig.cmake
[0.624s] -- Up-to-date: /home/sofia/mocap4r2_ws/install/mocap4r2_robot_gt_msgs/share/mocap4r2_robot_gt_msgs/cmake/mocap4r2_robot_gt_msgs__rosidl_typesupport_introspection_cExport.cmake
[0.624s] -- Up-to-date: /home/sofia/mocap4r2_ws/install/mocap4r2_robot_gt_msgs/share/mocap4r2_robot_gt_msgs/cmake/mocap4r2_robot_gt_msgs__rosidl_typesupport_introspection_cExport-noconfig.cmake
[0.625s] -- Up-to-date: /home/sofia/mocap4r2_ws/install/mocap4r2_robot_gt_msgs/share/mocap4r2_robot_gt_msgs/cmake/mocap4r2_robot_gt_msgs__rosidl_typesupport_cExport.cmake
[0.625s] -- Up-to-date: /home/sofia/mocap4r2_ws/install/mocap4r2_robot_gt_msgs/share/mocap4r2_robot_gt_msgs/cmake/mocap4r2_robot_gt_msgs__rosidl_typesupport_cExport-noconfig.cmake
[0.625s] -- Up-to-date: /home/sofia/mocap4r2_ws/install/mocap4r2_robot_gt_msgs/share/mocap4r2_robot_gt_msgs/cmake/mocap4r2_robot_gt_msgs__rosidl_generator_cppExport.cmake
[0.625s] -- Up-to-date: /home/sofia/mocap4r2_ws/install/mocap4r2_robot_gt_msgs/share/mocap4r2_robot_gt_msgs/cmake/mocap4r2_robot_gt_msgs__rosidl_typesupport_introspection_cppExport.cmake
[0.625s] -- Up-to-date: /home/sofia/mocap4r2_ws/install/mocap4r2_robot_gt_msgs/share/mocap4r2_robot_gt_msgs/cmake/mocap4r2_robot_gt_msgs__rosidl_typesupport_introspection_cppExport-noconfig.cmake
[0.625s] -- Up-to-date: /home/sofia/mocap4r2_ws/install/mocap4r2_robot_gt_msgs/share/mocap4r2_robot_gt_msgs/cmake/mocap4r2_robot_gt_msgs__rosidl_typesupport_cppExport.cmake
[0.625s] -- Up-to-date: /home/sofia/mocap4r2_ws/install/mocap4r2_robot_gt_msgs/share/mocap4r2_robot_gt_msgs/cmake/mocap4r2_robot_gt_msgs__rosidl_typesupport_cppExport-noconfig.cmake
[0.628s] Invoked command in '/home/sofia/mocap4r2_ws/build/mocap4r2_robot_gt_msgs' returned '0': CMAKE_PREFIX_PATH=/home/sofia/bolt_hardware/workspace/install/reactive_planners:/home/sofia/bolt_hardware/workspace/install/mim_control:/home/sofia/bolt_hardware/workspace/install/bolt:/home/sofia/bolt_hardware/workspace/install/dynamic_graph_manager:/home/sofia/bolt_hardware/workspace/install/dg_tools:/home/sofia/bolt_hardware/workspace/install/yaml_utils:/home/sofia/bolt_hardware/workspace/install/dg_vicon_sdk:/home/sofia/bolt_hardware/workspace/install/vicon_sdk:/home/sofia/bolt_hardware/workspace/install/slider_box:/home/sofia/bolt_hardware/workspace/install/shared_memory:/home/sofia/bolt_hardware/workspace/install/serialization_utils:/home/sofia/bolt_hardware/workspace/install/real_time_tools:/home/sofia/bolt_hardware/workspace/install/robot_properties_solo:/home/sofia/bolt_hardware/workspace/install/robot_properties_bolt:/home/sofia/bolt_hardware/workspace/install/dg_demos:/opt/ros/foxy:/home/sofia/bolt_hardware/workspace/install/odri_control_interface:/home/sofia/bolt_hardware/workspace/install/pybind11:/home/sofia/bolt_hardware/workspace/install/mpi_cmake_modules:/home/sofia/bolt_hardware/workspace/install/mim_msgs:/home/sofia/bolt_hardware/workspace/install/master_board_sdk:/home/sofia/bolt_hardware/workspace/install/googletest-distribution:/opt/openrobots: /usr/bin/cmake --install /home/sofia/mocap4r2_ws/build/mocap4r2_robot_gt_msgs
