[0.478s] Invoking command in '/home/sofia/mocap4r2_ws/build/mocap4r2_marker_publisher': AMENT_PREFIX_PATH=/home/sofia/mocap4r2_ws/install/mocap4r2_msgs CMAKE_PREFIX_PATH=/home/sofia/mocap4r2_ws/install/mocap4r2_msgs:/opt/openrobots LD_LIBRARY_PATH=/home/sofia/mocap4r2_ws/install/mocap4r2_msgs/lib:/opt/openrobots/lib PYTHONPATH=/home/sofia/mocap4r2_ws/install/mocap4r2_msgs/lib/python3.8/site-packages:/opt/openrobots/lib/python3.8/site-packages /usr/bin/cmake --build /home/sofia/mocap4r2_ws/build/mocap4r2_marker_publisher -- -j32 -l32
[0.520s] [100%] Built target mocap4r2_marker_publisher
[0.705s] Invoked command in '/home/sofia/mocap4r2_ws/build/mocap4r2_marker_publisher' returned '0': AMENT_PREFIX_PATH=/home/sofia/mocap4r2_ws/install/mocap4r2_msgs CMAKE_PREFIX_PATH=/home/sofia/mocap4r2_ws/install/mocap4r2_msgs:/opt/openrobots LD_LIBRARY_PATH=/home/sofia/mocap4r2_ws/install/mocap4r2_msgs/lib:/opt/openrobots/lib PYTHONPATH=/home/sofia/mocap4r2_ws/install/mocap4r2_msgs/lib/python3.8/site-packages:/opt/openrobots/lib/python3.8/site-packages /usr/bin/cmake --build /home/sofia/mocap4r2_ws/build/mocap4r2_marker_publisher -- -j32 -l32
[1.380s] Invoking command in '/home/sofia/mocap4r2_ws/build/mocap4r2_marker_publisher': AMENT_PREFIX_PATH=/home/sofia/mocap4r2_ws/install/mocap4r2_msgs CMAKE_PREFIX_PATH=/home/sofia/mocap4r2_ws/install/mocap4r2_msgs:/opt/openrobots LD_LIBRARY_PATH=/home/sofia/mocap4r2_ws/install/mocap4r2_msgs/lib:/opt/openrobots/lib PYTHONPATH=/home/sofia/mocap4r2_ws/install/mocap4r2_msgs/lib/python3.8/site-packages:/opt/openrobots/lib/python3.8/site-packages /usr/bin/cmake --install /home/sofia/mocap4r2_ws/build/mocap4r2_marker_publisher
[1.390s] -- Install configuration: ""
[1.390s] -- Execute custom install script
[1.394s] -- Up-to-date symlink: /home/sofia/mocap4r2_ws/install/mocap4r2_marker_publisher/lib/mocap4r2_marker_publisher/mocap4r2_marker_publisher
[1.394s] -- Up-to-date symlink: /home/sofia/mocap4r2_ws/install/mocap4r2_marker_publisher/share/ament_index/resource_index/package_run_dependencies/mocap4r2_marker_publisher
[1.394s] -- Up-to-date symlink: /home/sofia/mocap4r2_ws/install/mocap4r2_marker_publisher/share/ament_index/resource_index/parent_prefix_path/mocap4r2_marker_publisher
[1.397s] -- Up-to-date symlink: /home/sofia/mocap4r2_ws/install/mocap4r2_marker_publisher/share/mocap4r2_marker_publisher/environment/ament_prefix_path.sh
[1.397s] -- Up-to-date symlink: /home/sofia/mocap4r2_ws/install/mocap4r2_marker_publisher/share/mocap4r2_marker_publisher/environment/ament_prefix_path.dsv
[1.397s] -- Up-to-date symlink: /home/sofia/mocap4r2_ws/install/mocap4r2_marker_publisher/share/mocap4r2_marker_publisher/environment/path.sh
[1.397s] -- Up-to-date symlink: /home/sofia/mocap4r2_ws/install/mocap4r2_marker_publisher/share/mocap4r2_marker_publisher/environment/path.dsv
[1.398s] -- Up-to-date symlink: /home/sofia/mocap4r2_ws/install/mocap4r2_marker_publisher/share/mocap4r2_marker_publisher/local_setup.bash
[1.398s] -- Up-to-date symlink: /home/sofia/mocap4r2_ws/install/mocap4r2_marker_publisher/share/mocap4r2_marker_publisher/local_setup.sh
[1.398s] -- Up-to-date symlink: /home/sofia/mocap4r2_ws/install/mocap4r2_marker_publisher/share/mocap4r2_marker_publisher/local_setup.zsh
[1.398s] -- Up-to-date symlink: /home/sofia/mocap4r2_ws/install/mocap4r2_marker_publisher/share/mocap4r2_marker_publisher/local_setup.dsv
[1.398s] -- Symlinking: /home/sofia/mocap4r2_ws/install/mocap4r2_marker_publisher/share/mocap4r2_marker_publisher/package.dsv
[1.402s] -- Up-to-date symlink: /home/sofia/mocap4r2_ws/install/mocap4r2_marker_publisher/share/ament_index/resource_index/packages/mocap4r2_marker_publisher
[1.402s] -- Up-to-date symlink: /home/sofia/mocap4r2_ws/install/mocap4r2_marker_publisher/share/mocap4r2_marker_publisher/cmake/mocap4r2_marker_publisherConfig.cmake
[1.402s] -- Up-to-date symlink: /home/sofia/mocap4r2_ws/install/mocap4r2_marker_publisher/share/mocap4r2_marker_publisher/cmake/mocap4r2_marker_publisherConfig-version.cmake
[1.402s] -- Up-to-date symlink: /home/sofia/mocap4r2_ws/install/mocap4r2_marker_publisher/share/mocap4r2_marker_publisher/package.xml
[1.584s] Invoked command in '/home/sofia/mocap4r2_ws/build/mocap4r2_marker_publisher' returned '0': AMENT_PREFIX_PATH=/home/sofia/mocap4r2_ws/install/mocap4r2_msgs CMAKE_PREFIX_PATH=/home/sofia/mocap4r2_ws/install/mocap4r2_msgs:/opt/openrobots LD_LIBRARY_PATH=/home/sofia/mocap4r2_ws/install/mocap4r2_msgs/lib:/opt/openrobots/lib PYTHONPATH=/home/sofia/mocap4r2_ws/install/mocap4r2_msgs/lib/python3.8/site-packages:/opt/openrobots/lib/python3.8/site-packages /usr/bin/cmake --install /home/sofia/mocap4r2_ws/build/mocap4r2_marker_publisher
