[0.659s] Invoking command in '/home/sofia/mocap4r2_ws/build/mocap4r2_marker_viz': AMENT_PREFIX_PATH=/home/sofia/mocap4r2_ws/install/mocap4r2_msgs:/home/sofia/mocap4r2_ws/install/mocap4r2_marker_viz_srvs CMAKE_PREFIX_PATH=/home/sofia/mocap4r2_ws/install/mocap4r2_msgs:/home/sofia/mocap4r2_ws/install/mocap4r2_marker_viz_srvs:/opt/openrobots LD_LIBRARY_PATH=/home/sofia/mocap4r2_ws/install/mocap4r2_msgs/lib:/home/sofia/mocap4r2_ws/install/mocap4r2_marker_viz_srvs/lib:/opt/openrobots/lib PYTHONPATH=/home/sofia/mocap4r2_ws/install/mocap4r2_msgs/lib/python3.8/site-packages:/home/sofia/mocap4r2_ws/install/mocap4r2_marker_viz_srvs/lib/python3.8/site-packages:/opt/openrobots/lib/python3.8/site-packages /usr/bin/cmake --build /home/sofia/mocap4r2_ws/build/mocap4r2_marker_viz -- -j32 -l32
[0.698s] [ 50%] Built target mocap4r2_marker_viz_NODE
[0.719s] [100%] Built target mocap4r2_marker_viz
[0.893s] Invoked command in '/home/sofia/mocap4r2_ws/build/mocap4r2_marker_viz' returned '0': AMENT_PREFIX_PATH=/home/sofia/mocap4r2_ws/install/mocap4r2_msgs:/home/sofia/mocap4r2_ws/install/mocap4r2_marker_viz_srvs CMAKE_PREFIX_PATH=/home/sofia/mocap4r2_ws/install/mocap4r2_msgs:/home/sofia/mocap4r2_ws/install/mocap4r2_marker_viz_srvs:/opt/openrobots LD_LIBRARY_PATH=/home/sofia/mocap4r2_ws/install/mocap4r2_msgs/lib:/home/sofia/mocap4r2_ws/install/mocap4r2_marker_viz_srvs/lib:/opt/openrobots/lib PYTHONPATH=/home/sofia/mocap4r2_ws/install/mocap4r2_msgs/lib/python3.8/site-packages:/home/sofia/mocap4r2_ws/install/mocap4r2_marker_viz_srvs/lib/python3.8/site-packages:/opt/openrobots/lib/python3.8/site-packages /usr/bin/cmake --build /home/sofia/mocap4r2_ws/build/mocap4r2_marker_viz -- -j32 -l32
[0.912s] Invoking command in '/home/sofia/mocap4r2_ws/build/mocap4r2_marker_viz': AMENT_PREFIX_PATH=/home/sofia/mocap4r2_ws/install/mocap4r2_msgs:/home/sofia/mocap4r2_ws/install/mocap4r2_marker_viz_srvs CMAKE_PREFIX_PATH=/home/sofia/mocap4r2_ws/install/mocap4r2_msgs:/home/sofia/mocap4r2_ws/install/mocap4r2_marker_viz_srvs:/opt/openrobots LD_LIBRARY_PATH=/home/sofia/mocap4r2_ws/install/mocap4r2_msgs/lib:/home/sofia/mocap4r2_ws/install/mocap4r2_marker_viz_srvs/lib:/opt/openrobots/lib PYTHONPATH=/home/sofia/mocap4r2_ws/install/mocap4r2_msgs/lib/python3.8/site-packages:/home/sofia/mocap4r2_ws/install/mocap4r2_marker_viz_srvs/lib/python3.8/site-packages:/opt/openrobots/lib/python3.8/site-packages /usr/bin/cmake --install /home/sofia/mocap4r2_ws/build/mocap4r2_marker_viz
[0.918s] -- Install configuration: ""
[0.919s] -- Execute custom install script
[0.919s] -- Up-to-date symlink: /home/sofia/mocap4r2_ws/install/mocap4r2_marker_viz/lib/libmocap4r2_marker_viz_NODE.a
[0.919s] -- Up-to-date symlink: /home/sofia/mocap4r2_ws/install/mocap4r2_marker_viz/lib/mocap4r2_marker_viz/mocap4r2_marker_viz
[0.919s] -- Up-to-date symlink: /home/sofia/mocap4r2_ws/install/mocap4r2_marker_viz/share/mocap4r2_marker_viz/launch/mocap4r2_marker_viz.launch.py
[0.919s] -- Up-to-date symlink: /home/sofia/mocap4r2_ws/install/mocap4r2_marker_viz/share/mocap4r2_marker_viz/rviz/config.rviz
[0.919s] -- Up-to-date symlink: /home/sofia/mocap4r2_ws/install/mocap4r2_marker_viz/share/ament_index/resource_index/package_run_dependencies/mocap4r2_marker_viz
[0.919s] -- Up-to-date symlink: /home/sofia/mocap4r2_ws/install/mocap4r2_marker_viz/share/ament_index/resource_index/parent_prefix_path/mocap4r2_marker_viz
[0.919s] -- Up-to-date symlink: /home/sofia/mocap4r2_ws/install/mocap4r2_marker_viz/share/mocap4r2_marker_viz/environment/ament_prefix_path.sh
[0.919s] -- Up-to-date symlink: /home/sofia/mocap4r2_ws/install/mocap4r2_marker_viz/share/mocap4r2_marker_viz/environment/ament_prefix_path.dsv
[0.919s] -- Up-to-date symlink: /home/sofia/mocap4r2_ws/install/mocap4r2_marker_viz/share/mocap4r2_marker_viz/environment/path.sh
[0.919s] -- Up-to-date symlink: /home/sofia/mocap4r2_ws/install/mocap4r2_marker_viz/share/mocap4r2_marker_viz/environment/path.dsv
[0.919s] -- Up-to-date symlink: /home/sofia/mocap4r2_ws/install/mocap4r2_marker_viz/share/mocap4r2_marker_viz/local_setup.bash
[0.920s] -- Up-to-date symlink: /home/sofia/mocap4r2_ws/install/mocap4r2_marker_viz/share/mocap4r2_marker_viz/local_setup.sh
[0.920s] -- Up-to-date symlink: /home/sofia/mocap4r2_ws/install/mocap4r2_marker_viz/share/mocap4r2_marker_viz/local_setup.zsh
[0.920s] -- Up-to-date symlink: /home/sofia/mocap4r2_ws/install/mocap4r2_marker_viz/share/mocap4r2_marker_viz/local_setup.dsv
[0.920s] -- Symlinking: /home/sofia/mocap4r2_ws/install/mocap4r2_marker_viz/share/mocap4r2_marker_viz/package.dsv
[0.927s] -- Up-to-date symlink: /home/sofia/mocap4r2_ws/install/mocap4r2_marker_viz/share/ament_index/resource_index/packages/mocap4r2_marker_viz
[0.927s] -- Up-to-date symlink: /home/sofia/mocap4r2_ws/install/mocap4r2_marker_viz/share/mocap4r2_marker_viz/cmake/mocap4r2_marker_vizConfig.cmake
[0.927s] -- Up-to-date symlink: /home/sofia/mocap4r2_ws/install/mocap4r2_marker_viz/share/mocap4r2_marker_viz/cmake/mocap4r2_marker_vizConfig-version.cmake
[0.927s] -- Up-to-date symlink: /home/sofia/mocap4r2_ws/install/mocap4r2_marker_viz/share/mocap4r2_marker_viz/package.xml
[1.415s] Invoked command in '/home/sofia/mocap4r2_ws/build/mocap4r2_marker_viz' returned '0': AMENT_PREFIX_PATH=/home/sofia/mocap4r2_ws/install/mocap4r2_msgs:/home/sofia/mocap4r2_ws/install/mocap4r2_marker_viz_srvs CMAKE_PREFIX_PATH=/home/sofia/mocap4r2_ws/install/mocap4r2_msgs:/home/sofia/mocap4r2_ws/install/mocap4r2_marker_viz_srvs:/opt/openrobots LD_LIBRARY_PATH=/home/sofia/mocap4r2_ws/install/mocap4r2_msgs/lib:/home/sofia/mocap4r2_ws/install/mocap4r2_marker_viz_srvs/lib:/opt/openrobots/lib PYTHONPATH=/home/sofia/mocap4r2_ws/install/mocap4r2_msgs/lib/python3.8/site-packages:/home/sofia/mocap4r2_ws/install/mocap4r2_marker_viz_srvs/lib/python3.8/site-packages:/opt/openrobots/lib/python3.8/site-packages /usr/bin/cmake --install /home/sofia/mocap4r2_ws/build/mocap4r2_marker_viz
