[0.409s] Invoking command in '/home/sofia/mocap4r2_ws/build/rqt_mocap4r2_control': AMENT_PREFIX_PATH=/home/sofia/mocap4r2_ws/install/mocap4r2_control:/home/sofia/mocap4r2_ws/install/mocap4r2_control_msgs CMAKE_PREFIX_PATH=/home/sofia/mocap4r2_ws/install/mocap4r2_control:/home/sofia/mocap4r2_ws/install/mocap4r2_control_msgs:/opt/openrobots LD_LIBRARY_PATH=/home/sofia/mocap4r2_ws/install/mocap4r2_control/lib:/home/sofia/mocap4r2_ws/install/mocap4r2_control_msgs/lib:/opt/openrobots/lib PYTHONPATH=/home/sofia/mocap4r2_ws/install/mocap4r2_control_msgs/lib/python3.8/site-packages:/opt/openrobots/lib/python3.8/site-packages /usr/bin/cmake --build /home/sofia/mocap4r2_ws/build/rqt_mocap4r2_control -- -j32 -l32
[0.458s] [100%] Built target rqt_mocap4r2_control
[0.912s] Invoked command in '/home/sofia/mocap4r2_ws/build/rqt_mocap4r2_control' returned '0': AMENT_PREFIX_PATH=/home/sofia/mocap4r2_ws/install/mocap4r2_control:/home/sofia/mocap4r2_ws/install/mocap4r2_control_msgs CMAKE_PREFIX_PATH=/home/sofia/mocap4r2_ws/install/mocap4r2_control:/home/sofia/mocap4r2_ws/install/mocap4r2_control_msgs:/opt/openrobots LD_LIBRARY_PATH=/home/sofia/mocap4r2_ws/install/mocap4r2_control/lib:/home/sofia/mocap4r2_ws/install/mocap4r2_control_msgs/lib:/opt/openrobots/lib PYTHONPATH=/home/sofia/mocap4r2_ws/install/mocap4r2_control_msgs/lib/python3.8/site-packages:/opt/openrobots/lib/python3.8/site-packages /usr/bin/cmake --build /home/sofia/mocap4r2_ws/build/rqt_mocap4r2_control -- -j32 -l32
[1.311s] Invoking command in '/home/sofia/mocap4r2_ws/build/rqt_mocap4r2_control': AMENT_PREFIX_PATH=/home/sofia/mocap4r2_ws/install/mocap4r2_control:/home/sofia/mocap4r2_ws/install/mocap4r2_control_msgs CMAKE_PREFIX_PATH=/home/sofia/mocap4r2_ws/install/mocap4r2_control:/home/sofia/mocap4r2_ws/install/mocap4r2_control_msgs:/opt/openrobots LD_LIBRARY_PATH=/home/sofia/mocap4r2_ws/install/mocap4r2_control/lib:/home/sofia/mocap4r2_ws/install/mocap4r2_control_msgs/lib:/opt/openrobots/lib PYTHONPATH=/home/sofia/mocap4r2_ws/install/mocap4r2_control_msgs/lib/python3.8/site-packages:/opt/openrobots/lib/python3.8/site-packages /usr/bin/cmake --install /home/sofia/mocap4r2_ws/build/rqt_mocap4r2_control
[1.315s] -- Install configuration: ""
[1.315s] -- Execute custom install script
[1.315s] -- Up-to-date symlink: /home/sofia/mocap4r2_ws/install/rqt_mocap4r2_control/lib/rqt_mocap4r2_control/rqt_mocap4r2_control
[1.316s] -- Up-to-date symlink: /home/sofia/mocap4r2_ws/install/rqt_mocap4r2_control/include/rqt_mocap4r2_control/SystemController.hpp
[1.316s] -- Up-to-date symlink: /home/sofia/mocap4r2_ws/install/rqt_mocap4r2_control/include/rqt_mocap4r2_control/mocap4r2_control.hpp
[1.316s] -- Up-to-date symlink: /home/sofia/mocap4r2_ws/install/rqt_mocap4r2_control/include/rqt_mocap4r2_control/utils.hpp
[1.316s] -- Up-to-date symlink: /home/sofia/mocap4r2_ws/install/rqt_mocap4r2_control/share/rqt_mocap4r2_control/plugin.xml
[1.316s] -- Up-to-date symlink: /home/sofia/mocap4r2_ws/install/rqt_mocap4r2_control/share/rqt_mocap4r2_control//plugin.xml
[1.317s] -- Up-to-date symlink: /home/sofia/mocap4r2_ws/install/rqt_mocap4r2_control/share/rqt_mocap4r2_control/environment/library_path.sh
[1.317s] -- Up-to-date symlink: /home/sofia/mocap4r2_ws/install/rqt_mocap4r2_control/share/rqt_mocap4r2_control/environment/library_path.dsv
[1.317s] -- Up-to-date symlink: /home/sofia/mocap4r2_ws/install/rqt_mocap4r2_control/share/ament_index/resource_index/package_run_dependencies/rqt_mocap4r2_control
[1.317s] -- Up-to-date symlink: /home/sofia/mocap4r2_ws/install/rqt_mocap4r2_control/share/ament_index/resource_index/parent_prefix_path/rqt_mocap4r2_control
[1.317s] -- Up-to-date symlink: /home/sofia/mocap4r2_ws/install/rqt_mocap4r2_control/share/rqt_mocap4r2_control/environment/ament_prefix_path.sh
[1.317s] -- Up-to-date symlink: /home/sofia/mocap4r2_ws/install/rqt_mocap4r2_control/share/rqt_mocap4r2_control/environment/ament_prefix_path.dsv
[1.318s] -- Up-to-date symlink: /home/sofia/mocap4r2_ws/install/rqt_mocap4r2_control/share/rqt_mocap4r2_control/environment/path.sh
[1.318s] -- Up-to-date symlink: /home/sofia/mocap4r2_ws/install/rqt_mocap4r2_control/share/rqt_mocap4r2_control/environment/path.dsv
[1.318s] -- Up-to-date symlink: /home/sofia/mocap4r2_ws/install/rqt_mocap4r2_control/share/rqt_mocap4r2_control/local_setup.bash
[1.318s] -- Up-to-date symlink: /home/sofia/mocap4r2_ws/install/rqt_mocap4r2_control/share/rqt_mocap4r2_control/local_setup.sh
[1.318s] -- Up-to-date symlink: /home/sofia/mocap4r2_ws/install/rqt_mocap4r2_control/share/rqt_mocap4r2_control/local_setup.zsh
[1.318s] -- Up-to-date symlink: /home/sofia/mocap4r2_ws/install/rqt_mocap4r2_control/share/rqt_mocap4r2_control/local_setup.dsv
[1.319s] -- Symlinking: /home/sofia/mocap4r2_ws/install/rqt_mocap4r2_control/share/rqt_mocap4r2_control/package.dsv
[1.326s] -- Up-to-date symlink: /home/sofia/mocap4r2_ws/install/rqt_mocap4r2_control/share/ament_index/resource_index/packages/rqt_mocap4r2_control
[1.326s] -- Up-to-date symlink: /home/sofia/mocap4r2_ws/install/rqt_mocap4r2_control/share/ament_index/resource_index/rqt_gui__pluginlib__plugin/rqt_mocap4r2_control
[1.326s] -- Up-to-date symlink: /home/sofia/mocap4r2_ws/install/rqt_mocap4r2_control/share/rqt_mocap4r2_control/cmake/ament_cmake_export_include_directories-extras.cmake
[1.326s] -- Up-to-date symlink: /home/sofia/mocap4r2_ws/install/rqt_mocap4r2_control/share/rqt_mocap4r2_control/cmake/ament_cmake_export_libraries-extras.cmake
[1.326s] -- Up-to-date symlink: /home/sofia/mocap4r2_ws/install/rqt_mocap4r2_control/share/rqt_mocap4r2_control/cmake/rqt_mocap4r2_controlConfig.cmake
[1.327s] -- Up-to-date symlink: /home/sofia/mocap4r2_ws/install/rqt_mocap4r2_control/share/rqt_mocap4r2_control/cmake/rqt_mocap4r2_controlConfig-version.cmake
[1.327s] -- Up-to-date symlink: /home/sofia/mocap4r2_ws/install/rqt_mocap4r2_control/share/rqt_mocap4r2_control/package.xml
[1.327s] -- Up-to-date: /home/sofia/mocap4r2_ws/install/rqt_mocap4r2_control/lib/rqt_mocap4r2_control/librqt_mocap4r2_control.so
[1.467s] Invoked command in '/home/sofia/mocap4r2_ws/build/rqt_mocap4r2_control' returned '0': AMENT_PREFIX_PATH=/home/sofia/mocap4r2_ws/install/mocap4r2_control:/home/sofia/mocap4r2_ws/install/mocap4r2_control_msgs CMAKE_PREFIX_PATH=/home/sofia/mocap4r2_ws/install/mocap4r2_control:/home/sofia/mocap4r2_ws/install/mocap4r2_control_msgs:/opt/openrobots LD_LIBRARY_PATH=/home/sofia/mocap4r2_ws/install/mocap4r2_control/lib:/home/sofia/mocap4r2_ws/install/mocap4r2_control_msgs/lib:/opt/openrobots/lib PYTHONPATH=/home/sofia/mocap4r2_ws/install/mocap4r2_control_msgs/lib/python3.8/site-packages:/opt/openrobots/lib/python3.8/site-packages /usr/bin/cmake --install /home/sofia/mocap4r2_ws/build/rqt_mocap4r2_control
