[0.280s] Invoking command in '/home/sofia/mocap4r2_ws/build/mocap4r2_optitrack_driver': CMAKE_PREFIX_PATH=/home/sofia/bolt_hardware/workspace/install/reactive_planners:/home/sofia/bolt_hardware/workspace/install/mim_control:/home/sofia/bolt_hardware/workspace/install/bolt:/home/sofia/bolt_hardware/workspace/install/dynamic_graph_manager:/home/sofia/bolt_hardware/workspace/install/dg_tools:/home/sofia/bolt_hardware/workspace/install/yaml_utils:/home/sofia/bolt_hardware/workspace/install/dg_vicon_sdk:/home/sofia/bolt_hardware/workspace/install/vicon_sdk:/home/sofia/bolt_hardware/workspace/install/slider_box:/home/sofia/bolt_hardware/workspace/install/shared_memory:/home/sofia/bolt_hardware/workspace/install/serialization_utils:/home/sofia/bolt_hardware/workspace/install/real_time_tools:/home/sofia/bolt_hardware/workspace/install/robot_properties_solo:/home/sofia/bolt_hardware/workspace/install/robot_properties_bolt:/home/sofia/bolt_hardware/workspace/install/dg_demos:/opt/ros/foxy:/home/sofia/bolt_hardware/workspace/install/odri_control_interface:/home/sofia/bolt_hardware/workspace/install/pybind11:/home/sofia/bolt_hardware/workspace/install/mpi_cmake_modules:/home/sofia/bolt_hardware/workspace/install/mim_msgs:/home/sofia/bolt_hardware/workspace/install/master_board_sdk:/home/sofia/bolt_hardware/workspace/install/googletest-distribution:/opt/openrobots: /usr/bin/cmake /home/sofia/mocap4r2_ws/src/mocap4ros2_optitrack/mocap4r2_optitrack_driver -DAMENT_CMAKE_SYMLINK_INSTALL=1 -DCMAKE_INSTALL_PREFIX=/home/sofia/mocap4r2_ws/install/mocap4r2_optitrack_driver
[0.353s] -- The C compiler identification is GNU 9.4.0
[0.408s] -- The CXX compiler identification is GNU 9.4.0
[0.416s] -- Check for working C compiler: /usr/bin/cc
[0.490s] -- Check for working C compiler: /usr/bin/cc -- works
[0.491s] -- Detecting C compiler ABI info
[0.558s] -- Detecting C compiler ABI info - done
[0.571s] -- Detecting C compile features
[0.571s] -- Detecting C compile features - done
[0.573s] -- Check for working CXX compiler: /usr/bin/c++
[0.644s] -- Check for working CXX compiler: /usr/bin/c++ -- works
[0.645s] -- Detecting CXX compiler ABI info
[0.717s] -- Detecting CXX compiler ABI info - done
[0.727s] -- Detecting CXX compile features
[0.727s] -- Detecting CXX compile features - done
[0.729s] -- Found ament_cmake: 0.9.12 (/opt/ros/foxy/share/ament_cmake/cmake)
[0.756s] -- Found PythonInterp: /usr/bin/python3 (found suitable version "3.8.10", minimum required is "3") 
[0.756s] -- Using PYTHON_EXECUTABLE: /usr/bin/python3
[0.888s] -- Override CMake install command with custom implementation using symlinks instead of copying resources
[0.934s] -- Found rclcpp: 2.4.3 (/opt/ros/foxy/share/rclcpp/cmake)
[0.978s] -- Using all available rosidl_typesupport_c: rosidl_typesupport_fastrtps_c;rosidl_typesupport_introspection_c
[0.985s] -- Found rosidl_adapter: 1.3.1 (/opt/ros/foxy/share/rosidl_adapter/cmake)
[1.091s] -- Found OpenSSL: /usr/lib/x86_64-linux-gnu/libcrypto.so (found version "1.1.1f")  
[1.117s] -- Found FastRTPS: /opt/ros/foxy/include  
[1.183s] -- Using all available rosidl_typesupport_cpp: rosidl_typesupport_fastrtps_cpp;rosidl_typesupport_introspection_cpp
[1.234s] -- Found rmw_implementation_cmake: 1.0.4 (/opt/ros/foxy/share/rmw_implementation_cmake/cmake)
[1.235s] -- Using RMW implementation 'rmw_fastrtps_cpp' as default
[1.244s] -- Looking for pthread.h
[1.323s] -- Looking for pthread.h - found
[1.323s] -- Performing Test CMAKE_HAVE_LIBC_PTHREAD
[1.393s] -- Performing Test CMAKE_HAVE_LIBC_PTHREAD - Failed
[1.393s] -- Looking for pthread_create in pthreads
[1.453s] -- Looking for pthread_create in pthreads - not found
[1.453s] -- Looking for pthread_create in pthread
[1.529s] -- Looking for pthread_create in pthread - found
[1.530s] -- Found Threads: TRUE  
[1.681s] -- Found rclcpp_lifecycle: 2.4.3 (/opt/ros/foxy/share/rclcpp_lifecycle/cmake)
[1.715s] -- Found tf2: 0.13.14 (/opt/ros/foxy/share/tf2/cmake)
[1.760s] -- Found tf2_ros: 0.13.14 (/opt/ros/foxy/share/tf2_ros/cmake)
[2.096s] CMake Error at CMakeLists.txt:24 (find_package):
[2.096s]   By not providing "Findmocap4r2_msgs.cmake" in CMAKE_MODULE_PATH this
[2.096s]   project has asked CMake to find a package configuration file provided by
[2.096s]   "mocap4r2_msgs", but CMake did not find one.
[2.096s] 
[2.096s]   Could not find a package configuration file provided by "mocap4r2_msgs"
[2.096s]   with any of the following names:
[2.097s] 
[2.097s]     mocap4r2_msgsConfig.cmake
[2.097s]     mocap4r2_msgs-config.cmake
[2.097s] 
[2.097s]   Add the installation prefix of "mocap4r2_msgs" to CMAKE_PREFIX_PATH or set
[2.097s]   "mocap4r2_msgs_DIR" to a directory containing one of the above files.  If
[2.097s]   "mocap4r2_msgs" provides a separate development package or SDK, be sure it
[2.097s]   has been installed.
[2.097s] 
[2.097s] 
[2.097s] -- Configuring incomplete, errors occurred!
[2.097s] See also "/home/sofia/mocap4r2_ws/build/mocap4r2_optitrack_driver/CMakeFiles/CMakeOutput.log".
[2.097s] See also "/home/sofia/mocap4r2_ws/build/mocap4r2_optitrack_driver/CMakeFiles/CMakeError.log".
[2.103s] Invoked command in '/home/sofia/mocap4r2_ws/build/mocap4r2_optitrack_driver' returned '1': CMAKE_PREFIX_PATH=/home/sofia/bolt_hardware/workspace/install/reactive_planners:/home/sofia/bolt_hardware/workspace/install/mim_control:/home/sofia/bolt_hardware/workspace/install/bolt:/home/sofia/bolt_hardware/workspace/install/dynamic_graph_manager:/home/sofia/bolt_hardware/workspace/install/dg_tools:/home/sofia/bolt_hardware/workspace/install/yaml_utils:/home/sofia/bolt_hardware/workspace/install/dg_vicon_sdk:/home/sofia/bolt_hardware/workspace/install/vicon_sdk:/home/sofia/bolt_hardware/workspace/install/slider_box:/home/sofia/bolt_hardware/workspace/install/shared_memory:/home/sofia/bolt_hardware/workspace/install/serialization_utils:/home/sofia/bolt_hardware/workspace/install/real_time_tools:/home/sofia/bolt_hardware/workspace/install/robot_properties_solo:/home/sofia/bolt_hardware/workspace/install/robot_properties_bolt:/home/sofia/bolt_hardware/workspace/install/dg_demos:/opt/ros/foxy:/home/sofia/bolt_hardware/workspace/install/odri_control_interface:/home/sofia/bolt_hardware/workspace/install/pybind11:/home/sofia/bolt_hardware/workspace/install/mpi_cmake_modules:/home/sofia/bolt_hardware/workspace/install/mim_msgs:/home/sofia/bolt_hardware/workspace/install/master_board_sdk:/home/sofia/bolt_hardware/workspace/install/googletest-distribution:/opt/openrobots: /usr/bin/cmake /home/sofia/mocap4r2_ws/src/mocap4ros2_optitrack/mocap4r2_optitrack_driver -DAMENT_CMAKE_SYMLINK_INSTALL=1 -DCMAKE_INSTALL_PREFIX=/home/sofia/mocap4r2_ws/install/mocap4r2_optitrack_driver
