[35m[1mScanning dependencies of target mocap4r2_optitrack_driver[0m
[ 25%] [32mBuilding CXX object CMakeFiles/mocap4r2_optitrack_driver.dir/src/mocap4r2_optitrack_driver/mocap4r2_optitrack_driver.cpp.o[0m
[ 50%] [32m[1mLinking CXX static library libmocap4r2_optitrack_driver.a[0m
[ 50%] Built target mocap4r2_optitrack_driver
[35m[1mScanning dependencies of target mocap4r2_optitrack_driver_main[0m
[ 75%] [32mBuilding CXX object CMakeFiles/mocap4r2_optitrack_driver_main.dir/src/mocap4r2_optitrack_driver_main.cpp.o[0m
[100%] [32m[1mLinking CXX executable mocap4r2_optitrack_driver_main[0m
[100%] Built target mocap4r2_optitrack_driver_main
-- Install configuration: ""
-- Execute custom install script
-- Symlinking: /home/sofia/mocap4r2_ws/install/mocap4r2_optitrack_driver/include//mocap4r2_optitrack_driver/mocap4r2_optitrack_driver.hpp
-- Symlinking: /home/sofia/mocap4r2_ws/install/mocap4r2_optitrack_driver/share/mocap4r2_optitrack_driver/launch/optitrack2.launch.py
-- Symlinking: /home/sofia/mocap4r2_ws/install/mocap4r2_optitrack_driver/share/mocap4r2_optitrack_driver/config/mocap4r2_optitrack_driver_params.yaml
-- Symlinking: /home/sofia/mocap4r2_ws/install/mocap4r2_optitrack_driver/lib/mocap4r2_optitrack_driver/mocap4r2_optitrack_driver_main
-- Symlinking: /home/sofia/mocap4r2_ws/install/mocap4r2_optitrack_driver/lib/libmocap4r2_optitrack_driver.a
-- Symlinking: /home/sofia/mocap4r2_ws/install/mocap4r2_optitrack_driver/share/mocap4r2_optitrack_driver/environment/library_path.sh
-- Symlinking: /home/sofia/mocap4r2_ws/install/mocap4r2_optitrack_driver/share/mocap4r2_optitrack_driver/environment/library_path.dsv
-- Symlinking: /home/sofia/mocap4r2_ws/install/mocap4r2_optitrack_driver/share/ament_index/resource_index/package_run_dependencies/mocap4r2_optitrack_driver
-- Symlinking: /home/sofia/mocap4r2_ws/install/mocap4r2_optitrack_driver/share/ament_index/resource_index/parent_prefix_path/mocap4r2_optitrack_driver
-- Symlinking: /home/sofia/mocap4r2_ws/install/mocap4r2_optitrack_driver/share/mocap4r2_optitrack_driver/environment/ament_prefix_path.sh
-- Symlinking: /home/sofia/mocap4r2_ws/install/mocap4r2_optitrack_driver/share/mocap4r2_optitrack_driver/environment/ament_prefix_path.dsv
-- Symlinking: /home/sofia/mocap4r2_ws/install/mocap4r2_optitrack_driver/share/mocap4r2_optitrack_driver/environment/path.sh
-- Symlinking: /home/sofia/mocap4r2_ws/install/mocap4r2_optitrack_driver/share/mocap4r2_optitrack_driver/environment/path.dsv
-- Symlinking: /home/sofia/mocap4r2_ws/install/mocap4r2_optitrack_driver/share/mocap4r2_optitrack_driver/local_setup.bash
-- Symlinking: /home/sofia/mocap4r2_ws/install/mocap4r2_optitrack_driver/share/mocap4r2_optitrack_driver/local_setup.sh
-- Symlinking: /home/sofia/mocap4r2_ws/install/mocap4r2_optitrack_driver/share/mocap4r2_optitrack_driver/local_setup.zsh
-- Symlinking: /home/sofia/mocap4r2_ws/install/mocap4r2_optitrack_driver/share/mocap4r2_optitrack_driver/local_setup.dsv
-- Symlinking: /home/sofia/mocap4r2_ws/install/mocap4r2_optitrack_driver/share/mocap4r2_optitrack_driver/package.dsv
-- Symlinking: /home/sofia/mocap4r2_ws/install/mocap4r2_optitrack_driver/share/ament_index/resource_index/packages/mocap4r2_optitrack_driver
-- Symlinking: /home/sofia/mocap4r2_ws/install/mocap4r2_optitrack_driver/share/mocap4r2_optitrack_driver/cmake/ament_cmake_export_include_directories-extras.cmake
-- Symlinking: /home/sofia/mocap4r2_ws/install/mocap4r2_optitrack_driver/share/mocap4r2_optitrack_driver/cmake/ament_cmake_export_libraries-extras.cmake
-- Symlinking: /home/sofia/mocap4r2_ws/install/mocap4r2_optitrack_driver/share/mocap4r2_optitrack_driver/cmake/ament_cmake_export_dependencies-extras.cmake
-- Symlinking: /home/sofia/mocap4r2_ws/install/mocap4r2_optitrack_driver/share/mocap4r2_optitrack_driver/cmake/mocap4r2_optitrack_driverConfig.cmake
-- Symlinking: /home/sofia/mocap4r2_ws/install/mocap4r2_optitrack_driver/share/mocap4r2_optitrack_driver/cmake/mocap4r2_optitrack_driverConfig-version.cmake
-- Symlinking: /home/sofia/mocap4r2_ws/install/mocap4r2_optitrack_driver/share/mocap4r2_optitrack_driver/package.xml
