[0.559s] Invoking command in '/home/sofia/mocap4r2_ws/build/mocap4r2_marker_viz': AMENT_PREFIX_PATH=/home/sofia/mocap4r2_ws/install/mocap4r2_msgs:/home/sofia/mocap4r2_ws/install/mocap4r2_marker_viz_srvs:${AMENT_PREFIX_PATH} CMAKE_PREFIX_PATH=/home/sofia/mocap4r2_ws/install/mocap4r2_msgs:/home/sofia/mocap4r2_ws/install/mocap4r2_marker_viz_srvs:/home/sofia/bolt_hardware/workspace/install/reactive_planners:/home/sofia/bolt_hardware/workspace/install/mim_control:/home/sofia/bolt_hardware/workspace/install/bolt:/home/sofia/bolt_hardware/workspace/install/dynamic_graph_manager:/home/sofia/bolt_hardware/workspace/install/dg_tools:/home/sofia/bolt_hardware/workspace/install/yaml_utils:/home/sofia/bolt_hardware/workspace/install/dg_vicon_sdk:/home/sofia/bolt_hardware/workspace/install/vicon_sdk:/home/sofia/bolt_hardware/workspace/install/slider_box:/home/sofia/bolt_hardware/workspace/install/shared_memory:/home/sofia/bolt_hardware/workspace/install/serialization_utils:/home/sofia/bolt_hardware/workspace/install/real_time_tools:/home/sofia/bolt_hardware/workspace/install/robot_properties_solo:/home/sofia/bolt_hardware/workspace/install/robot_properties_bolt:/home/sofia/bolt_hardware/workspace/install/dg_demos:/opt/ros/foxy:/home/sofia/bolt_hardware/workspace/install/odri_control_interface:/home/sofia/bolt_hardware/workspace/install/pybind11:/home/sofia/bolt_hardware/workspace/install/mpi_cmake_modules:/home/sofia/bolt_hardware/workspace/install/mim_msgs:/home/sofia/bolt_hardware/workspace/install/master_board_sdk:/home/sofia/bolt_hardware/workspace/install/googletest-distribution:/opt/openrobots LD_LIBRARY_PATH=/home/sofia/mocap4r2_ws/install/mocap4r2_msgs/lib:/home/sofia/mocap4r2_ws/install/mocap4r2_marker_viz_srvs/lib:/home/sofia/bolt_hardware/workspace/install/reactive_planners/lib:/home/sofia/bolt_hardware/workspace/install/mim_control/lib:/home/sofia/bolt_hardware/workspace/install/bolt/lib:/home/sofia/bolt_hardware/workspace/install/dynamic_graph_manager/lib:/home/sofia/bolt_hardware/workspace/install/dg_tools/lib:/home/sofia/bolt_hardware/workspace/install/vicon_sdk/lib:/home/sofia/bolt_hardware/workspace/install/slider_box/lib:/home/sofia/bolt_hardware/workspace/install/shared_memory/lib:/home/sofia/bolt_hardware/workspace/install/real_time_tools/lib:/home/sofia/bolt_hardware/workspace/install/odri_control_interface/lib:/home/sofia/bolt_hardware/workspace/install/mim_msgs/lib:/home/sofia/bolt_hardware/workspace/install/master_board_sdk/lib:/opt/ros/foxy/opt/yaml_cpp_vendor/lib:/opt/ros/foxy/opt/rviz_ogre_vendor/lib:/opt/ros/foxy/lib/x86_64-linux-gnu:/opt/ros/foxy/lib:/opt/openrobots/lib PYTHONPATH=/home/sofia/mocap4r2_ws/install/mocap4r2_msgs/lib/python3.8/site-packages:/home/sofia/mocap4r2_ws/install/mocap4r2_marker_viz_srvs/lib/python3.8/site-packages:/home/sofia/bolt_hardware/workspace/install/reactive_planners/lib/python3.8/site-packages:/home/sofia/bolt_hardware/workspace/install/mim_control/lib/python3.8/site-packages:/home/sofia/bolt_hardware/workspace/install/bolt/lib/python3.8/site-packages:/home/sofia/bolt_hardware/workspace/install/dynamic_graph_manager/lib/python3.8/site-packages:/home/sofia/bolt_hardware/workspace/install/dg_tools/lib/python3.8/site-packages:/home/sofia/bolt_hardware/workspace/install/dg_vicon_sdk/lib/python3.8/site-packages:/home/sofia/bolt_hardware/workspace/install/vicon_sdk/lib/python3.8/site-packages:/home/sofia/bolt_hardware/workspace/install/shared_memory/lib/python3.8/site-packages:/home/sofia/bolt_hardware/workspace/install/robot_properties_solo/lib/python3.8/site-packages:/home/sofia/bolt_hardware/workspace/install/robot_properties_bolt/lib/python3.8/site-packages:/home/sofia/bolt_hardware/workspace/install/real_time_tools/lib/python3.8/site-packages:/home/sofia/bolt_hardware/workspace/install/odri_control_interface/lib/python3.8/site-packages:/home/sofia/bolt_hardware/workspace/install/mpi_cmake_modules/lib/python3.8/site-packages:/home/sofia/bolt_hardware/workspace/install/mim_msgs/lib/python3.8/site-packages:/home/sofia/bolt_hardware/workspace/install/master_board_sdk/lib/python3.8/site-packages:/home/sofia/bolt_hardware/workspace/install/dg_demos/lib/python3.8/site-packages:/home/sofia/bolt_hardware/workspace/install/bullet_utils/lib/python3.8/site-packages:/opt/ros/foxy/lib/python3.8/site-packages:/opt/openrobots/lib/python3.8/site-packages /usr/bin/cmake /home/sofia/mocap4r2_ws/mocap4r2/mocap4r2_marker_viz/mocap4r2_marker_viz -DAMENT_CMAKE_SYMLINK_INSTALL=1 -DCMAKE_INSTALL_PREFIX=/home/sofia/mocap4r2_ws/install/mocap4r2_marker_viz
[0.612s] -- The C compiler identification is GNU 9.4.0
[0.660s] -- The CXX compiler identification is GNU 9.4.0
[0.665s] -- Check for working C compiler: /usr/bin/cc
[0.724s] -- Check for working C compiler: /usr/bin/cc -- works
[0.724s] -- Detecting C compiler ABI info
[0.786s] -- Detecting C compiler ABI info - done
[0.797s] -- Detecting C compile features
[0.797s] -- Detecting C compile features - done
[0.800s] -- Check for working CXX compiler: /usr/bin/c++
[0.866s] -- Check for working CXX compiler: /usr/bin/c++ -- works
[0.867s] -- Detecting CXX compiler ABI info
[0.937s] -- Detecting CXX compiler ABI info - done
[0.948s] -- Detecting CXX compile features
[0.949s] -- Detecting CXX compile features - done
[0.951s] -- Found ament_cmake: 0.9.12 (/opt/ros/foxy/share/ament_cmake/cmake)
[0.975s] -- Found PythonInterp: /usr/bin/python3 (found suitable version "3.8.10", minimum required is "3") 
[0.975s] -- Using PYTHON_EXECUTABLE: /usr/bin/python3
[1.114s] -- Override CMake install command with custom implementation using symlinks instead of copying resources
[1.145s] -- Found rclcpp: 2.4.3 (/opt/ros/foxy/share/rclcpp/cmake)
[1.190s] -- Using all available rosidl_typesupport_c: rosidl_typesupport_fastrtps_c;rosidl_typesupport_introspection_c
[1.198s] -- Found rosidl_adapter: 1.3.1 (/opt/ros/foxy/share/rosidl_adapter/cmake)
[1.271s] -- Found OpenSSL: /usr/lib/x86_64-linux-gnu/libcrypto.so (found version "1.1.1f")  
[1.299s] -- Found FastRTPS: /opt/ros/foxy/include  
[1.369s] -- Using all available rosidl_typesupport_cpp: rosidl_typesupport_fastrtps_cpp;rosidl_typesupport_introspection_cpp
[1.423s] -- Found rmw_implementation_cmake: 1.0.4 (/opt/ros/foxy/share/rmw_implementation_cmake/cmake)
[1.424s] -- Using RMW implementation 'rmw_fastrtps_cpp' as default
[1.425s] -- Looking for pthread.h
[1.488s] -- Looking for pthread.h - found
[1.488s] -- Performing Test CMAKE_HAVE_LIBC_PTHREAD
[1.550s] -- Performing Test CMAKE_HAVE_LIBC_PTHREAD - Failed
[1.550s] -- Looking for pthread_create in pthreads
[1.604s] -- Looking for pthread_create in pthreads - not found
[1.604s] -- Looking for pthread_create in pthread
[1.667s] -- Looking for pthread_create in pthread - found
[1.668s] -- Found Threads: TRUE  
[1.811s] -- Found mocap4r2_marker_viz_srvs: 0.0.7 (/home/sofia/mocap4r2_ws/install/mocap4r2_marker_viz_srvs/share/mocap4r2_marker_viz_srvs/cmake)
[1.846s] -- Found mocap4r2_msgs: 0.0.3 (/home/sofia/mocap4r2_ws/install/mocap4r2_msgs/share/mocap4r2_msgs/cmake)
[1.974s] -- Found visualization_msgs: 2.0.5 (/opt/ros/foxy/share/visualization_msgs/cmake)
[2.050s] -- Found ament_lint_auto: 0.9.8 (/opt/ros/foxy/share/ament_lint_auto/cmake)
[2.135s] -- Added test 'cppcheck' to perform static code analysis on C / C++ code
[2.135s] -- Configured cppcheck include dirs: $<BUILD_INTERFACE:/home/sofia/mocap4r2_ws/mocap4r2/mocap4r2_marker_viz/mocap4r2_marker_viz/include>
[2.135s] -- Configured cppcheck exclude dirs and/or files: 
[2.136s] -- Added test 'cpplint' to check C / C++ code against the Google style
[2.136s] -- Configured cpplint exclude dirs and/or files: 
[2.137s] -- Added test 'flake8' to check Python code syntax and style conventions
[2.138s] -- Added test 'lint_cmake' to check CMake code style
[2.138s] -- Added test 'pep257' to check Python code against some of the style conventions in PEP 257
[2.139s] -- Added test 'uncrustify' to check C / C++ code style
[2.139s] -- Configured uncrustify additional arguments: 
[2.140s] -- Added test 'xmllint' to check XML markup files
[2.142s] -- Configuring done
[2.153s] -- Generating done
[2.154s] -- Build files have been written to: /home/sofia/mocap4r2_ws/build/mocap4r2_marker_viz
[2.162s] Invoked command in '/home/sofia/mocap4r2_ws/build/mocap4r2_marker_viz' returned '0': AMENT_PREFIX_PATH=/home/sofia/mocap4r2_ws/install/mocap4r2_msgs:/home/sofia/mocap4r2_ws/install/mocap4r2_marker_viz_srvs:${AMENT_PREFIX_PATH} CMAKE_PREFIX_PATH=/home/sofia/mocap4r2_ws/install/mocap4r2_msgs:/home/sofia/mocap4r2_ws/install/mocap4r2_marker_viz_srvs:/home/sofia/bolt_hardware/workspace/install/reactive_planners:/home/sofia/bolt_hardware/workspace/install/mim_control:/home/sofia/bolt_hardware/workspace/install/bolt:/home/sofia/bolt_hardware/workspace/install/dynamic_graph_manager:/home/sofia/bolt_hardware/workspace/install/dg_tools:/home/sofia/bolt_hardware/workspace/install/yaml_utils:/home/sofia/bolt_hardware/workspace/install/dg_vicon_sdk:/home/sofia/bolt_hardware/workspace/install/vicon_sdk:/home/sofia/bolt_hardware/workspace/install/slider_box:/home/sofia/bolt_hardware/workspace/install/shared_memory:/home/sofia/bolt_hardware/workspace/install/serialization_utils:/home/sofia/bolt_hardware/workspace/install/real_time_tools:/home/sofia/bolt_hardware/workspace/install/robot_properties_solo:/home/sofia/bolt_hardware/workspace/install/robot_properties_bolt:/home/sofia/bolt_hardware/workspace/install/dg_demos:/opt/ros/foxy:/home/sofia/bolt_hardware/workspace/install/odri_control_interface:/home/sofia/bolt_hardware/workspace/install/pybind11:/home/sofia/bolt_hardware/workspace/install/mpi_cmake_modules:/home/sofia/bolt_hardware/workspace/install/mim_msgs:/home/sofia/bolt_hardware/workspace/install/master_board_sdk:/home/sofia/bolt_hardware/workspace/install/googletest-distribution:/opt/openrobots LD_LIBRARY_PATH=/home/sofia/mocap4r2_ws/install/mocap4r2_msgs/lib:/home/sofia/mocap4r2_ws/install/mocap4r2_marker_viz_srvs/lib:/home/sofia/bolt_hardware/workspace/install/reactive_planners/lib:/home/sofia/bolt_hardware/workspace/install/mim_control/lib:/home/sofia/bolt_hardware/workspace/install/bolt/lib:/home/sofia/bolt_hardware/workspace/install/dynamic_graph_manager/lib:/home/sofia/bolt_hardware/workspace/install/dg_tools/lib:/home/sofia/bolt_hardware/workspace/install/vicon_sdk/lib:/home/sofia/bolt_hardware/workspace/install/slider_box/lib:/home/sofia/bolt_hardware/workspace/install/shared_memory/lib:/home/sofia/bolt_hardware/workspace/install/real_time_tools/lib:/home/sofia/bolt_hardware/workspace/install/odri_control_interface/lib:/home/sofia/bolt_hardware/workspace/install/mim_msgs/lib:/home/sofia/bolt_hardware/workspace/install/master_board_sdk/lib:/opt/ros/foxy/opt/yaml_cpp_vendor/lib:/opt/ros/foxy/opt/rviz_ogre_vendor/lib:/opt/ros/foxy/lib/x86_64-linux-gnu:/opt/ros/foxy/lib:/opt/openrobots/lib PYTHONPATH=/home/sofia/mocap4r2_ws/install/mocap4r2_msgs/lib/python3.8/site-packages:/home/sofia/mocap4r2_ws/install/mocap4r2_marker_viz_srvs/lib/python3.8/site-packages:/home/sofia/bolt_hardware/workspace/install/reactive_planners/lib/python3.8/site-packages:/home/sofia/bolt_hardware/workspace/install/mim_control/lib/python3.8/site-packages:/home/sofia/bolt_hardware/workspace/install/bolt/lib/python3.8/site-packages:/home/sofia/bolt_hardware/workspace/install/dynamic_graph_manager/lib/python3.8/site-packages:/home/sofia/bolt_hardware/workspace/install/dg_tools/lib/python3.8/site-packages:/home/sofia/bolt_hardware/workspace/install/dg_vicon_sdk/lib/python3.8/site-packages:/home/sofia/bolt_hardware/workspace/install/vicon_sdk/lib/python3.8/site-packages:/home/sofia/bolt_hardware/workspace/install/shared_memory/lib/python3.8/site-packages:/home/sofia/bolt_hardware/workspace/install/robot_properties_solo/lib/python3.8/site-packages:/home/sofia/bolt_hardware/workspace/install/robot_properties_bolt/lib/python3.8/site-packages:/home/sofia/bolt_hardware/workspace/install/real_time_tools/lib/python3.8/site-packages:/home/sofia/bolt_hardware/workspace/install/odri_control_interface/lib/python3.8/site-packages:/home/sofia/bolt_hardware/workspace/install/mpi_cmake_modules/lib/python3.8/site-packages:/home/sofia/bolt_hardware/workspace/install/mim_msgs/lib/python3.8/site-packages:/home/sofia/bolt_hardware/workspace/install/master_board_sdk/lib/python3.8/site-packages:/home/sofia/bolt_hardware/workspace/install/dg_demos/lib/python3.8/site-packages:/home/sofia/bolt_hardware/workspace/install/bullet_utils/lib/python3.8/site-packages:/opt/ros/foxy/lib/python3.8/site-packages:/opt/openrobots/lib/python3.8/site-packages /usr/bin/cmake /home/sofia/mocap4r2_ws/mocap4r2/mocap4r2_marker_viz/mocap4r2_marker_viz -DAMENT_CMAKE_SYMLINK_INSTALL=1 -DCMAKE_INSTALL_PREFIX=/home/sofia/mocap4r2_ws/install/mocap4r2_marker_viz
[2.165s] Invoking command in '/home/sofia/mocap4r2_ws/build/mocap4r2_marker_viz': AMENT_PREFIX_PATH=/home/sofia/mocap4r2_ws/install/mocap4r2_msgs:/home/sofia/mocap4r2_ws/install/mocap4r2_marker_viz_srvs:${AMENT_PREFIX_PATH} CMAKE_PREFIX_PATH=/home/sofia/mocap4r2_ws/install/mocap4r2_msgs:/home/sofia/mocap4r2_ws/install/mocap4r2_marker_viz_srvs:/home/sofia/bolt_hardware/workspace/install/reactive_planners:/home/sofia/bolt_hardware/workspace/install/mim_control:/home/sofia/bolt_hardware/workspace/install/bolt:/home/sofia/bolt_hardware/workspace/install/dynamic_graph_manager:/home/sofia/bolt_hardware/workspace/install/dg_tools:/home/sofia/bolt_hardware/workspace/install/yaml_utils:/home/sofia/bolt_hardware/workspace/install/dg_vicon_sdk:/home/sofia/bolt_hardware/workspace/install/vicon_sdk:/home/sofia/bolt_hardware/workspace/install/slider_box:/home/sofia/bolt_hardware/workspace/install/shared_memory:/home/sofia/bolt_hardware/workspace/install/serialization_utils:/home/sofia/bolt_hardware/workspace/install/real_time_tools:/home/sofia/bolt_hardware/workspace/install/robot_properties_solo:/home/sofia/bolt_hardware/workspace/install/robot_properties_bolt:/home/sofia/bolt_hardware/workspace/install/dg_demos:/opt/ros/foxy:/home/sofia/bolt_hardware/workspace/install/odri_control_interface:/home/sofia/bolt_hardware/workspace/install/pybind11:/home/sofia/bolt_hardware/workspace/install/mpi_cmake_modules:/home/sofia/bolt_hardware/workspace/install/mim_msgs:/home/sofia/bolt_hardware/workspace/install/master_board_sdk:/home/sofia/bolt_hardware/workspace/install/googletest-distribution:/opt/openrobots LD_LIBRARY_PATH=/home/sofia/mocap4r2_ws/install/mocap4r2_msgs/lib:/home/sofia/mocap4r2_ws/install/mocap4r2_marker_viz_srvs/lib:/home/sofia/bolt_hardware/workspace/install/reactive_planners/lib:/home/sofia/bolt_hardware/workspace/install/mim_control/lib:/home/sofia/bolt_hardware/workspace/install/bolt/lib:/home/sofia/bolt_hardware/workspace/install/dynamic_graph_manager/lib:/home/sofia/bolt_hardware/workspace/install/dg_tools/lib:/home/sofia/bolt_hardware/workspace/install/vicon_sdk/lib:/home/sofia/bolt_hardware/workspace/install/slider_box/lib:/home/sofia/bolt_hardware/workspace/install/shared_memory/lib:/home/sofia/bolt_hardware/workspace/install/real_time_tools/lib:/home/sofia/bolt_hardware/workspace/install/odri_control_interface/lib:/home/sofia/bolt_hardware/workspace/install/mim_msgs/lib:/home/sofia/bolt_hardware/workspace/install/master_board_sdk/lib:/opt/ros/foxy/opt/yaml_cpp_vendor/lib:/opt/ros/foxy/opt/rviz_ogre_vendor/lib:/opt/ros/foxy/lib/x86_64-linux-gnu:/opt/ros/foxy/lib:/opt/openrobots/lib PYTHONPATH=/home/sofia/mocap4r2_ws/install/mocap4r2_msgs/lib/python3.8/site-packages:/home/sofia/mocap4r2_ws/install/mocap4r2_marker_viz_srvs/lib/python3.8/site-packages:/home/sofia/bolt_hardware/workspace/install/reactive_planners/lib/python3.8/site-packages:/home/sofia/bolt_hardware/workspace/install/mim_control/lib/python3.8/site-packages:/home/sofia/bolt_hardware/workspace/install/bolt/lib/python3.8/site-packages:/home/sofia/bolt_hardware/workspace/install/dynamic_graph_manager/lib/python3.8/site-packages:/home/sofia/bolt_hardware/workspace/install/dg_tools/lib/python3.8/site-packages:/home/sofia/bolt_hardware/workspace/install/dg_vicon_sdk/lib/python3.8/site-packages:/home/sofia/bolt_hardware/workspace/install/vicon_sdk/lib/python3.8/site-packages:/home/sofia/bolt_hardware/workspace/install/shared_memory/lib/python3.8/site-packages:/home/sofia/bolt_hardware/workspace/install/robot_properties_solo/lib/python3.8/site-packages:/home/sofia/bolt_hardware/workspace/install/robot_properties_bolt/lib/python3.8/site-packages:/home/sofia/bolt_hardware/workspace/install/real_time_tools/lib/python3.8/site-packages:/home/sofia/bolt_hardware/workspace/install/odri_control_interface/lib/python3.8/site-packages:/home/sofia/bolt_hardware/workspace/install/mpi_cmake_modules/lib/python3.8/site-packages:/home/sofia/bolt_hardware/workspace/install/mim_msgs/lib/python3.8/site-packages:/home/sofia/bolt_hardware/workspace/install/master_board_sdk/lib/python3.8/site-packages:/home/sofia/bolt_hardware/workspace/install/dg_demos/lib/python3.8/site-packages:/home/sofia/bolt_hardware/workspace/install/bullet_utils/lib/python3.8/site-packages:/opt/ros/foxy/lib/python3.8/site-packages:/opt/openrobots/lib/python3.8/site-packages /usr/bin/cmake --build /home/sofia/mocap4r2_ws/build/mocap4r2_marker_viz -- -j32 -l32
[2.201s] [35m[1mScanning dependencies of target mocap4r2_marker_viz_NODE[0m
[2.235s] [ 25%] [32mBuilding CXX object CMakeFiles/mocap4r2_marker_viz_NODE.dir/src/mocap4r2_marker_viz_node.cpp.o[0m
[7.404s] [ 50%] [32m[1mLinking CXX static library libmocap4r2_marker_viz_NODE.a[0m
[7.480s] [ 50%] Built target mocap4r2_marker_viz_NODE
[7.490s] [35m[1mScanning dependencies of target mocap4r2_marker_viz[0m
[7.525s] [ 75%] [32mBuilding CXX object CMakeFiles/mocap4r2_marker_viz.dir/src/mocap4r2_marker_viz_main.cpp.o[0m
[8.842s] [100%] [32m[1mLinking CXX executable mocap4r2_marker_viz[0m
[9.042s] [100%] Built target mocap4r2_marker_viz
