[0.187s] Invoking command in '/home/sofia/mocap4r2_ws/build/mocap4r2_marker_viz_srvs': /usr/bin/cmake --build /home/sofia/mocap4r2_ws/build/mocap4r2_marker_viz_srvs -- -j32 -l32
[0.223s] [  2%] Built target mocap4r2_marker_viz_srvs__cpp
[0.226s] [ 12%] Built target mocap4r2_marker_viz_srvs__rosidl_generator_c
[0.236s] [ 23%] Built target mocap4r2_marker_viz_srvs__rosidl_typesupport_introspection_cpp
[0.237s] [ 33%] Built target mocap4r2_marker_viz_srvs__rosidl_typesupport_cpp
[0.243s] [ 51%] Built target mocap4r2_marker_viz_srvs__rosidl_typesupport_fastrtps_cpp
[0.243s] [ 53%] Built target mocap4r2_marker_viz_srvs__rosidl_typesupport_introspection_c
[0.244s] [ 64%] Built target mocap4r2_marker_viz_srvs__rosidl_typesupport_c
[0.260s] [ 74%] Built target mocap4r2_marker_viz_srvs__rosidl_typesupport_fastrtps_c
[0.277s] [ 74%] Built target mocap4r2_marker_viz_srvs
[0.290s] [ 76%] Built target mocap4r2_marker_viz_srvs__py
[0.314s] [ 84%] Built target mocap4r2_marker_viz_srvs__python
[0.329s] [ 89%] Built target mocap4r2_marker_viz_srvs__rosidl_typesupport_c__pyext
[0.330s] [ 94%] Built target mocap4r2_marker_viz_srvs__rosidl_typesupport_fastrtps_c__pyext
[0.333s] [100%] Built target mocap4r2_marker_viz_srvs__rosidl_typesupport_introspection_c__pyext
[0.340s] Invoked command in '/home/sofia/mocap4r2_ws/build/mocap4r2_marker_viz_srvs' returned '0': /usr/bin/cmake --build /home/sofia/mocap4r2_ws/build/mocap4r2_marker_viz_srvs -- -j32 -l32
[0.391s] Invoking command in '/home/sofia/mocap4r2_ws/build/mocap4r2_marker_viz_srvs': /usr/bin/cmake --install /home/sofia/mocap4r2_ws/build/mocap4r2_marker_viz_srvs
[0.400s] -- Install configuration: ""
[0.400s] -- Execute custom install script
[0.401s] -- Up-to-date symlink: /home/sofia/mocap4r2_ws/install/mocap4r2_marker_viz_srvs/share/ament_index/resource_index/rosidl_interfaces/mocap4r2_marker_viz_srvs
[0.404s] -- Up-to-date symlink: /home/sofia/mocap4r2_ws/install/mocap4r2_marker_viz_srvs/include/mocap4r2_marker_viz_srvs/msg/rosidl_generator_c__visibility_control.h
[0.404s] -- Up-to-date symlink: /home/sofia/mocap4r2_ws/install/mocap4r2_marker_viz_srvs/include/mocap4r2_marker_viz_srvs/srv/detail/reset_marker_color__functions.h
[0.406s] -- Up-to-date symlink: /home/sofia/mocap4r2_ws/install/mocap4r2_marker_viz_srvs/include/mocap4r2_marker_viz_srvs/srv/detail/reset_marker_color__struct.h
[0.406s] -- Up-to-date symlink: /home/sofia/mocap4r2_ws/install/mocap4r2_marker_viz_srvs/include/mocap4r2_marker_viz_srvs/srv/detail/reset_marker_color__type_support.h
[0.406s] -- Up-to-date symlink: /home/sofia/mocap4r2_ws/install/mocap4r2_marker_viz_srvs/include/mocap4r2_marker_viz_srvs/srv/detail/set_marker_color__functions.h
[0.406s] -- Up-to-date symlink: /home/sofia/mocap4r2_ws/install/mocap4r2_marker_viz_srvs/include/mocap4r2_marker_viz_srvs/srv/detail/set_marker_color__struct.h
[0.406s] -- Up-to-date symlink: /home/sofia/mocap4r2_ws/install/mocap4r2_marker_viz_srvs/include/mocap4r2_marker_viz_srvs/srv/detail/set_marker_color__type_support.h
[0.406s] -- Up-to-date symlink: /home/sofia/mocap4r2_ws/install/mocap4r2_marker_viz_srvs/include/mocap4r2_marker_viz_srvs/srv/reset_marker_color.h
[0.406s] -- Up-to-date symlink: /home/sofia/mocap4r2_ws/install/mocap4r2_marker_viz_srvs/include/mocap4r2_marker_viz_srvs/srv/set_marker_color.h
[0.406s] -- Up-to-date symlink: /home/sofia/mocap4r2_ws/install/mocap4r2_marker_viz_srvs/share/mocap4r2_marker_viz_srvs/environment/library_path.sh
[0.406s] -- Up-to-date symlink: /home/sofia/mocap4r2_ws/install/mocap4r2_marker_viz_srvs/share/mocap4r2_marker_viz_srvs/environment/library_path.dsv
[0.406s] -- Up-to-date symlink: /home/sofia/mocap4r2_ws/install/mocap4r2_marker_viz_srvs/include/mocap4r2_marker_viz_srvs/msg/rosidl_typesupport_fastrtps_c__visibility_control.h
[0.406s] -- Up-to-date symlink: /home/sofia/mocap4r2_ws/install/mocap4r2_marker_viz_srvs/include/mocap4r2_marker_viz_srvs/srv/detail/reset_marker_color__rosidl_typesupport_fastrtps_c.h
[0.406s] -- Up-to-date symlink: /home/sofia/mocap4r2_ws/install/mocap4r2_marker_viz_srvs/include/mocap4r2_marker_viz_srvs/srv/detail/set_marker_color__rosidl_typesupport_fastrtps_c.h
[0.406s] -- Up-to-date symlink: /home/sofia/mocap4r2_ws/install/mocap4r2_marker_viz_srvs/lib/libmocap4r2_marker_viz_srvs__rosidl_typesupport_fastrtps_c.so
[0.407s] -- Up-to-date symlink: /home/sofia/mocap4r2_ws/install/mocap4r2_marker_viz_srvs/include/mocap4r2_marker_viz_srvs/msg/rosidl_typesupport_fastrtps_cpp__visibility_control.h
[0.407s] -- Up-to-date symlink: /home/sofia/mocap4r2_ws/install/mocap4r2_marker_viz_srvs/include/mocap4r2_marker_viz_srvs/srv/detail/reset_marker_color__rosidl_typesupport_fastrtps_cpp.hpp
[0.407s] -- Up-to-date symlink: /home/sofia/mocap4r2_ws/install/mocap4r2_marker_viz_srvs/include/mocap4r2_marker_viz_srvs/srv/detail/set_marker_color__rosidl_typesupport_fastrtps_cpp.hpp
[0.407s] -- Up-to-date symlink: /home/sofia/mocap4r2_ws/install/mocap4r2_marker_viz_srvs/lib/libmocap4r2_marker_viz_srvs__rosidl_typesupport_fastrtps_cpp.so
[0.407s] -- Up-to-date symlink: /home/sofia/mocap4r2_ws/install/mocap4r2_marker_viz_srvs/include/mocap4r2_marker_viz_srvs/msg/rosidl_typesupport_introspection_c__visibility_control.h
[0.407s] -- Up-to-date symlink: /home/sofia/mocap4r2_ws/install/mocap4r2_marker_viz_srvs/include/mocap4r2_marker_viz_srvs/srv/detail/reset_marker_color__rosidl_typesupport_introspection_c.h
[0.407s] -- Up-to-date symlink: /home/sofia/mocap4r2_ws/install/mocap4r2_marker_viz_srvs/include/mocap4r2_marker_viz_srvs/srv/detail/set_marker_color__rosidl_typesupport_introspection_c.h
[0.407s] -- Up-to-date symlink: /home/sofia/mocap4r2_ws/install/mocap4r2_marker_viz_srvs/include/mocap4r2_marker_viz_srvs/msg/rosidl_generator_cpp__visibility_control.hpp
[0.408s] -- Up-to-date symlink: /home/sofia/mocap4r2_ws/install/mocap4r2_marker_viz_srvs/include/mocap4r2_marker_viz_srvs/srv/detail/reset_marker_color__builder.hpp
[0.408s] -- Up-to-date symlink: /home/sofia/mocap4r2_ws/install/mocap4r2_marker_viz_srvs/include/mocap4r2_marker_viz_srvs/srv/detail/reset_marker_color__struct.hpp
[0.408s] -- Up-to-date symlink: /home/sofia/mocap4r2_ws/install/mocap4r2_marker_viz_srvs/include/mocap4r2_marker_viz_srvs/srv/detail/reset_marker_color__traits.hpp
[0.408s] -- Up-to-date symlink: /home/sofia/mocap4r2_ws/install/mocap4r2_marker_viz_srvs/include/mocap4r2_marker_viz_srvs/srv/detail/reset_marker_color__type_support.hpp
[0.408s] -- Up-to-date symlink: /home/sofia/mocap4r2_ws/install/mocap4r2_marker_viz_srvs/include/mocap4r2_marker_viz_srvs/srv/detail/set_marker_color__builder.hpp
[0.408s] -- Up-to-date symlink: /home/sofia/mocap4r2_ws/install/mocap4r2_marker_viz_srvs/include/mocap4r2_marker_viz_srvs/srv/detail/set_marker_color__struct.hpp
[0.408s] -- Up-to-date symlink: /home/sofia/mocap4r2_ws/install/mocap4r2_marker_viz_srvs/include/mocap4r2_marker_viz_srvs/srv/detail/set_marker_color__traits.hpp
[0.408s] -- Up-to-date symlink: /home/sofia/mocap4r2_ws/install/mocap4r2_marker_viz_srvs/include/mocap4r2_marker_viz_srvs/srv/detail/set_marker_color__type_support.hpp
[0.408s] -- Up-to-date symlink: /home/sofia/mocap4r2_ws/install/mocap4r2_marker_viz_srvs/include/mocap4r2_marker_viz_srvs/srv/reset_marker_color.hpp
[0.408s] -- Up-to-date symlink: /home/sofia/mocap4r2_ws/install/mocap4r2_marker_viz_srvs/include/mocap4r2_marker_viz_srvs/srv/set_marker_color.hpp
[0.408s] -- Up-to-date symlink: /home/sofia/mocap4r2_ws/install/mocap4r2_marker_viz_srvs/include/mocap4r2_marker_viz_srvs/srv/detail/reset_marker_color__rosidl_typesupport_introspection_cpp.hpp
[0.408s] -- Up-to-date symlink: /home/sofia/mocap4r2_ws/install/mocap4r2_marker_viz_srvs/include/mocap4r2_marker_viz_srvs/srv/detail/set_marker_color__rosidl_typesupport_introspection_cpp.hpp
[0.408s] -- Up-to-date symlink: /home/sofia/mocap4r2_ws/install/mocap4r2_marker_viz_srvs/share/mocap4r2_marker_viz_srvs/environment/pythonpath.sh
[0.408s] -- Up-to-date symlink: /home/sofia/mocap4r2_ws/install/mocap4r2_marker_viz_srvs/share/mocap4r2_marker_viz_srvs/environment/pythonpath.dsv
[0.408s] -- Up-to-date symlink: /home/sofia/mocap4r2_ws/install/mocap4r2_marker_viz_srvs/lib/python3.8/site-packages/mocap4r2_marker_viz_srvs/__init__.py
[0.408s] -- Up-to-date symlink: /home/sofia/mocap4r2_ws/install/mocap4r2_marker_viz_srvs/lib/python3.8/site-packages/mocap4r2_marker_viz_srvs/srv/__init__.py
[0.409s] -- Up-to-date symlink: /home/sofia/mocap4r2_ws/install/mocap4r2_marker_viz_srvs/lib/python3.8/site-packages/mocap4r2_marker_viz_srvs/srv/_reset_marker_color.py
[0.409s] -- Up-to-date symlink: /home/sofia/mocap4r2_ws/install/mocap4r2_marker_viz_srvs/lib/python3.8/site-packages/mocap4r2_marker_viz_srvs/srv/_set_marker_color.py
[0.409s] -- Up-to-date symlink: /home/sofia/mocap4r2_ws/install/mocap4r2_marker_viz_srvs/lib/python3.8/site-packages/mocap4r2_marker_viz_srvs/mocap4r2_marker_viz_srvs_s__rosidl_typesupport_fastrtps_c.cpython-38-x86_64-linux-gnu.so
[0.409s] -- Up-to-date symlink: /home/sofia/mocap4r2_ws/install/mocap4r2_marker_viz_srvs/lib/python3.8/site-packages/mocap4r2_marker_viz_srvs/mocap4r2_marker_viz_srvs_s__rosidl_typesupport_introspection_c.cpython-38-x86_64-linux-gnu.so
[0.409s] -- Up-to-date symlink: /home/sofia/mocap4r2_ws/install/mocap4r2_marker_viz_srvs/lib/python3.8/site-packages/mocap4r2_marker_viz_srvs/mocap4r2_marker_viz_srvs_s__rosidl_typesupport_c.cpython-38-x86_64-linux-gnu.so
[0.409s] -- Up-to-date symlink: /home/sofia/mocap4r2_ws/install/mocap4r2_marker_viz_srvs/lib/libmocap4r2_marker_viz_srvs__python.so
[0.409s] -- Up-to-date symlink: /home/sofia/mocap4r2_ws/install/mocap4r2_marker_viz_srvs/share/mocap4r2_marker_viz_srvs/srv/SetMarkerColor.idl
[0.409s] -- Up-to-date symlink: /home/sofia/mocap4r2_ws/install/mocap4r2_marker_viz_srvs/share/mocap4r2_marker_viz_srvs/srv/ResetMarkerColor.idl
[0.410s] -- Up-to-date symlink: /home/sofia/mocap4r2_ws/install/mocap4r2_marker_viz_srvs/share/mocap4r2_marker_viz_srvs/srv/SetMarkerColor.srv
[0.410s] -- Up-to-date symlink: /home/sofia/mocap4r2_ws/install/mocap4r2_marker_viz_srvs/share/mocap4r2_marker_viz_srvs/srv/SetMarkerColor_Request.msg
[0.410s] -- Up-to-date symlink: /home/sofia/mocap4r2_ws/install/mocap4r2_marker_viz_srvs/share/mocap4r2_marker_viz_srvs/srv/SetMarkerColor_Response.msg
[0.410s] -- Up-to-date symlink: /home/sofia/mocap4r2_ws/install/mocap4r2_marker_viz_srvs/share/mocap4r2_marker_viz_srvs/srv/ResetMarkerColor.srv
[0.410s] -- Up-to-date symlink: /home/sofia/mocap4r2_ws/install/mocap4r2_marker_viz_srvs/share/mocap4r2_marker_viz_srvs/srv/ResetMarkerColor_Request.msg
[0.411s] -- Up-to-date symlink: /home/sofia/mocap4r2_ws/install/mocap4r2_marker_viz_srvs/share/mocap4r2_marker_viz_srvs/srv/ResetMarkerColor_Response.msg
[0.411s] -- Up-to-date symlink: /home/sofia/mocap4r2_ws/install/mocap4r2_marker_viz_srvs/share/ament_index/resource_index/package_run_dependencies/mocap4r2_marker_viz_srvs
[0.411s] -- Up-to-date symlink: /home/sofia/mocap4r2_ws/install/mocap4r2_marker_viz_srvs/share/ament_index/resource_index/parent_prefix_path/mocap4r2_marker_viz_srvs
[0.411s] -- Up-to-date symlink: /home/sofia/mocap4r2_ws/install/mocap4r2_marker_viz_srvs/share/mocap4r2_marker_viz_srvs/environment/ament_prefix_path.sh
[0.411s] -- Up-to-date symlink: /home/sofia/mocap4r2_ws/install/mocap4r2_marker_viz_srvs/share/mocap4r2_marker_viz_srvs/environment/ament_prefix_path.dsv
[0.412s] -- Up-to-date symlink: /home/sofia/mocap4r2_ws/install/mocap4r2_marker_viz_srvs/share/mocap4r2_marker_viz_srvs/environment/path.sh
[0.412s] -- Up-to-date symlink: /home/sofia/mocap4r2_ws/install/mocap4r2_marker_viz_srvs/share/mocap4r2_marker_viz_srvs/environment/path.dsv
[0.412s] -- Up-to-date symlink: /home/sofia/mocap4r2_ws/install/mocap4r2_marker_viz_srvs/share/mocap4r2_marker_viz_srvs/local_setup.bash
[0.412s] -- Up-to-date symlink: /home/sofia/mocap4r2_ws/install/mocap4r2_marker_viz_srvs/share/mocap4r2_marker_viz_srvs/local_setup.sh
[0.413s] -- Up-to-date symlink: /home/sofia/mocap4r2_ws/install/mocap4r2_marker_viz_srvs/share/mocap4r2_marker_viz_srvs/local_setup.zsh
[0.413s] -- Up-to-date symlink: /home/sofia/mocap4r2_ws/install/mocap4r2_marker_viz_srvs/share/mocap4r2_marker_viz_srvs/local_setup.dsv
[0.413s] -- Symlinking: /home/sofia/mocap4r2_ws/install/mocap4r2_marker_viz_srvs/share/mocap4r2_marker_viz_srvs/package.dsv
[0.417s] -- Up-to-date symlink: /home/sofia/mocap4r2_ws/install/mocap4r2_marker_viz_srvs/share/ament_index/resource_index/packages/mocap4r2_marker_viz_srvs
[0.418s] -- Up-to-date symlink: /home/sofia/mocap4r2_ws/install/mocap4r2_marker_viz_srvs/share/mocap4r2_marker_viz_srvs/cmake/rosidl_cmake-extras.cmake
[0.418s] -- Up-to-date symlink: /home/sofia/mocap4r2_ws/install/mocap4r2_marker_viz_srvs/share/mocap4r2_marker_viz_srvs/cmake/ament_cmake_export_dependencies-extras.cmake
[0.418s] -- Up-to-date symlink: /home/sofia/mocap4r2_ws/install/mocap4r2_marker_viz_srvs/share/mocap4r2_marker_viz_srvs/cmake/ament_cmake_export_libraries-extras.cmake
[0.418s] -- Up-to-date symlink: /home/sofia/mocap4r2_ws/install/mocap4r2_marker_viz_srvs/share/mocap4r2_marker_viz_srvs/cmake/ament_cmake_export_targets-extras.cmake
[0.418s] -- Up-to-date symlink: /home/sofia/mocap4r2_ws/install/mocap4r2_marker_viz_srvs/share/mocap4r2_marker_viz_srvs/cmake/ament_cmake_export_include_directories-extras.cmake
[0.418s] -- Up-to-date symlink: /home/sofia/mocap4r2_ws/install/mocap4r2_marker_viz_srvs/share/mocap4r2_marker_viz_srvs/cmake/rosidl_cmake_export_typesupport_libraries-extras.cmake
[0.419s] -- Up-to-date symlink: /home/sofia/mocap4r2_ws/install/mocap4r2_marker_viz_srvs/share/mocap4r2_marker_viz_srvs/cmake/rosidl_cmake_export_typesupport_targets-extras.cmake
[0.419s] -- Up-to-date symlink: /home/sofia/mocap4r2_ws/install/mocap4r2_marker_viz_srvs/share/mocap4r2_marker_viz_srvs/cmake/mocap4r2_marker_viz_srvsConfig.cmake
[0.419s] -- Up-to-date symlink: /home/sofia/mocap4r2_ws/install/mocap4r2_marker_viz_srvs/share/mocap4r2_marker_viz_srvs/cmake/mocap4r2_marker_viz_srvsConfig-version.cmake
[0.419s] -- Up-to-date symlink: /home/sofia/mocap4r2_ws/install/mocap4r2_marker_viz_srvs/share/mocap4r2_marker_viz_srvs/package.xml
[0.419s] -- Up-to-date: /home/sofia/mocap4r2_ws/install/mocap4r2_marker_viz_srvs/lib/libmocap4r2_marker_viz_srvs__rosidl_generator_c.so
[0.420s] -- Up-to-date: /home/sofia/mocap4r2_ws/install/mocap4r2_marker_viz_srvs/lib/libmocap4r2_marker_viz_srvs__rosidl_typesupport_introspection_c.so
[0.420s] -- Up-to-date: /home/sofia/mocap4r2_ws/install/mocap4r2_marker_viz_srvs/lib/libmocap4r2_marker_viz_srvs__rosidl_typesupport_c.so
[0.420s] -- Up-to-date: /home/sofia/mocap4r2_ws/install/mocap4r2_marker_viz_srvs/lib/libmocap4r2_marker_viz_srvs__rosidl_typesupport_introspection_cpp.so
[0.420s] -- Up-to-date: /home/sofia/mocap4r2_ws/install/mocap4r2_marker_viz_srvs/lib/libmocap4r2_marker_viz_srvs__rosidl_typesupport_cpp.so
[0.444s] -- Up-to-date: /home/sofia/mocap4r2_ws/install/mocap4r2_marker_viz_srvs/share/mocap4r2_marker_viz_srvs/cmake/mocap4r2_marker_viz_srvs__rosidl_generator_cExport.cmake
[0.445s] -- Up-to-date: /home/sofia/mocap4r2_ws/install/mocap4r2_marker_viz_srvs/share/mocap4r2_marker_viz_srvs/cmake/mocap4r2_marker_viz_srvs__rosidl_generator_cExport-noconfig.cmake
[0.445s] -- Up-to-date: /home/sofia/mocap4r2_ws/install/mocap4r2_marker_viz_srvs/share/mocap4r2_marker_viz_srvs/cmake/mocap4r2_marker_viz_srvs__rosidl_typesupport_introspection_cExport.cmake
[0.445s] -- Up-to-date: /home/sofia/mocap4r2_ws/install/mocap4r2_marker_viz_srvs/share/mocap4r2_marker_viz_srvs/cmake/mocap4r2_marker_viz_srvs__rosidl_typesupport_introspection_cExport-noconfig.cmake
[0.445s] -- Up-to-date: /home/sofia/mocap4r2_ws/install/mocap4r2_marker_viz_srvs/share/mocap4r2_marker_viz_srvs/cmake/mocap4r2_marker_viz_srvs__rosidl_typesupport_cExport.cmake
[0.445s] -- Up-to-date: /home/sofia/mocap4r2_ws/install/mocap4r2_marker_viz_srvs/share/mocap4r2_marker_viz_srvs/cmake/mocap4r2_marker_viz_srvs__rosidl_typesupport_cExport-noconfig.cmake
[0.445s] -- Up-to-date: /home/sofia/mocap4r2_ws/install/mocap4r2_marker_viz_srvs/share/mocap4r2_marker_viz_srvs/cmake/mocap4r2_marker_viz_srvs__rosidl_generator_cppExport.cmake
[0.445s] -- Up-to-date: /home/sofia/mocap4r2_ws/install/mocap4r2_marker_viz_srvs/share/mocap4r2_marker_viz_srvs/cmake/mocap4r2_marker_viz_srvs__rosidl_typesupport_introspection_cppExport.cmake
[0.446s] -- Up-to-date: /home/sofia/mocap4r2_ws/install/mocap4r2_marker_viz_srvs/share/mocap4r2_marker_viz_srvs/cmake/mocap4r2_marker_viz_srvs__rosidl_typesupport_introspection_cppExport-noconfig.cmake
[0.446s] -- Up-to-date: /home/sofia/mocap4r2_ws/install/mocap4r2_marker_viz_srvs/share/mocap4r2_marker_viz_srvs/cmake/mocap4r2_marker_viz_srvs__rosidl_typesupport_cppExport.cmake
[0.446s] -- Up-to-date: /home/sofia/mocap4r2_ws/install/mocap4r2_marker_viz_srvs/share/mocap4r2_marker_viz_srvs/cmake/mocap4r2_marker_viz_srvs__rosidl_typesupport_cppExport-noconfig.cmake
[0.872s] Invoked command in '/home/sofia/mocap4r2_ws/build/mocap4r2_marker_viz_srvs' returned '0': /usr/bin/cmake --install /home/sofia/mocap4r2_ws/build/mocap4r2_marker_viz_srvs
