[0.438s] Invoking command in '/home/sofia/mocap4r2_ws/build/mocap4r2_dummy_driver': AMENT_PREFIX_PATH=/home/sofia/mocap4r2_ws/install/mocap4r2_control:/home/sofia/mocap4r2_ws/install/mocap4r2_msgs:/home/sofia/mocap4r2_ws/install/mocap4r2_control_msgs CMAKE_PREFIX_PATH=/home/sofia/mocap4r2_ws/install/mocap4r2_control:/home/sofia/mocap4r2_ws/install/mocap4r2_msgs:/home/sofia/mocap4r2_ws/install/mocap4r2_control_msgs:/opt/openrobots LD_LIBRARY_PATH=/home/sofia/mocap4r2_ws/install/mocap4r2_control/lib:/home/sofia/mocap4r2_ws/install/mocap4r2_msgs/lib:/home/sofia/mocap4r2_ws/install/mocap4r2_control_msgs/lib:/opt/openrobots/lib PYTHONPATH=/home/sofia/mocap4r2_ws/install/mocap4r2_msgs/lib/python3.8/site-packages:/home/sofia/mocap4r2_ws/install/mocap4r2_control_msgs/lib/python3.8/site-packages:/opt/openrobots/lib/python3.8/site-packages /usr/bin/cmake --build /home/sofia/mocap4r2_ws/build/mocap4r2_dummy_driver -- -j32 -l32
[0.480s] [ 50%] Built target mocap4r2_dummy_driver
[0.504s] [100%] Built target mocap4r2_dummy_driver_main
[0.902s] Invoked command in '/home/sofia/mocap4r2_ws/build/mocap4r2_dummy_driver' returned '0': AMENT_PREFIX_PATH=/home/sofia/mocap4r2_ws/install/mocap4r2_control:/home/sofia/mocap4r2_ws/install/mocap4r2_msgs:/home/sofia/mocap4r2_ws/install/mocap4r2_control_msgs CMAKE_PREFIX_PATH=/home/sofia/mocap4r2_ws/install/mocap4r2_control:/home/sofia/mocap4r2_ws/install/mocap4r2_msgs:/home/sofia/mocap4r2_ws/install/mocap4r2_control_msgs:/opt/openrobots LD_LIBRARY_PATH=/home/sofia/mocap4r2_ws/install/mocap4r2_control/lib:/home/sofia/mocap4r2_ws/install/mocap4r2_msgs/lib:/home/sofia/mocap4r2_ws/install/mocap4r2_control_msgs/lib:/opt/openrobots/lib PYTHONPATH=/home/sofia/mocap4r2_ws/install/mocap4r2_msgs/lib/python3.8/site-packages:/home/sofia/mocap4r2_ws/install/mocap4r2_control_msgs/lib/python3.8/site-packages:/opt/openrobots/lib/python3.8/site-packages /usr/bin/cmake --build /home/sofia/mocap4r2_ws/build/mocap4r2_dummy_driver -- -j32 -l32
[1.465s] Invoking command in '/home/sofia/mocap4r2_ws/build/mocap4r2_dummy_driver': AMENT_PREFIX_PATH=/home/sofia/mocap4r2_ws/install/mocap4r2_control:/home/sofia/mocap4r2_ws/install/mocap4r2_msgs:/home/sofia/mocap4r2_ws/install/mocap4r2_control_msgs CMAKE_PREFIX_PATH=/home/sofia/mocap4r2_ws/install/mocap4r2_control:/home/sofia/mocap4r2_ws/install/mocap4r2_msgs:/home/sofia/mocap4r2_ws/install/mocap4r2_control_msgs:/opt/openrobots LD_LIBRARY_PATH=/home/sofia/mocap4r2_ws/install/mocap4r2_control/lib:/home/sofia/mocap4r2_ws/install/mocap4r2_msgs/lib:/home/sofia/mocap4r2_ws/install/mocap4r2_control_msgs/lib:/opt/openrobots/lib PYTHONPATH=/home/sofia/mocap4r2_ws/install/mocap4r2_msgs/lib/python3.8/site-packages:/home/sofia/mocap4r2_ws/install/mocap4r2_control_msgs/lib/python3.8/site-packages:/opt/openrobots/lib/python3.8/site-packages /usr/bin/cmake --install /home/sofia/mocap4r2_ws/build/mocap4r2_dummy_driver
[1.470s] -- Install configuration: ""
[1.471s] -- Execute custom install script
[1.471s] -- Up-to-date symlink: /home/sofia/mocap4r2_ws/install/mocap4r2_dummy_driver/share/mocap4r2_dummy_driver/launch/dummy.launch.py
[1.473s] -- Up-to-date symlink: /home/sofia/mocap4r2_ws/install/mocap4r2_dummy_driver/lib/libmocap4r2_dummy_driver.a
[1.473s] -- Up-to-date symlink: /home/sofia/mocap4r2_ws/install/mocap4r2_dummy_driver/lib/mocap4r2_dummy_driver/mocap4r2_dummy_driver_main
[1.473s] -- Up-to-date symlink: /home/sofia/mocap4r2_ws/install/mocap4r2_dummy_driver/share/ament_index/resource_index/package_run_dependencies/mocap4r2_dummy_driver
[1.473s] -- Up-to-date symlink: /home/sofia/mocap4r2_ws/install/mocap4r2_dummy_driver/share/ament_index/resource_index/parent_prefix_path/mocap4r2_dummy_driver
[1.473s] -- Up-to-date symlink: /home/sofia/mocap4r2_ws/install/mocap4r2_dummy_driver/share/mocap4r2_dummy_driver/environment/ament_prefix_path.sh
[1.473s] -- Up-to-date symlink: /home/sofia/mocap4r2_ws/install/mocap4r2_dummy_driver/share/mocap4r2_dummy_driver/environment/ament_prefix_path.dsv
[1.473s] -- Up-to-date symlink: /home/sofia/mocap4r2_ws/install/mocap4r2_dummy_driver/share/mocap4r2_dummy_driver/environment/path.sh
[1.473s] -- Up-to-date symlink: /home/sofia/mocap4r2_ws/install/mocap4r2_dummy_driver/share/mocap4r2_dummy_driver/environment/path.dsv
[1.473s] -- Up-to-date symlink: /home/sofia/mocap4r2_ws/install/mocap4r2_dummy_driver/share/mocap4r2_dummy_driver/local_setup.bash
[1.473s] -- Up-to-date symlink: /home/sofia/mocap4r2_ws/install/mocap4r2_dummy_driver/share/mocap4r2_dummy_driver/local_setup.sh
[1.473s] -- Up-to-date symlink: /home/sofia/mocap4r2_ws/install/mocap4r2_dummy_driver/share/mocap4r2_dummy_driver/local_setup.zsh
[1.474s] -- Up-to-date symlink: /home/sofia/mocap4r2_ws/install/mocap4r2_dummy_driver/share/mocap4r2_dummy_driver/local_setup.dsv
[1.474s] -- Symlinking: /home/sofia/mocap4r2_ws/install/mocap4r2_dummy_driver/share/mocap4r2_dummy_driver/package.dsv
[1.480s] -- Up-to-date symlink: /home/sofia/mocap4r2_ws/install/mocap4r2_dummy_driver/share/ament_index/resource_index/packages/mocap4r2_dummy_driver
[1.481s] -- Up-to-date symlink: /home/sofia/mocap4r2_ws/install/mocap4r2_dummy_driver/share/mocap4r2_dummy_driver/cmake/ament_cmake_export_dependencies-extras.cmake
[1.481s] -- Up-to-date symlink: /home/sofia/mocap4r2_ws/install/mocap4r2_dummy_driver/share/mocap4r2_dummy_driver/cmake/mocap4r2_dummy_driverConfig.cmake
[1.481s] -- Up-to-date symlink: /home/sofia/mocap4r2_ws/install/mocap4r2_dummy_driver/share/mocap4r2_dummy_driver/cmake/mocap4r2_dummy_driverConfig-version.cmake
[1.481s] -- Up-to-date symlink: /home/sofia/mocap4r2_ws/install/mocap4r2_dummy_driver/share/mocap4r2_dummy_driver/package.xml
[1.605s] Invoked command in '/home/sofia/mocap4r2_ws/build/mocap4r2_dummy_driver' returned '0': AMENT_PREFIX_PATH=/home/sofia/mocap4r2_ws/install/mocap4r2_control:/home/sofia/mocap4r2_ws/install/mocap4r2_msgs:/home/sofia/mocap4r2_ws/install/mocap4r2_control_msgs CMAKE_PREFIX_PATH=/home/sofia/mocap4r2_ws/install/mocap4r2_control:/home/sofia/mocap4r2_ws/install/mocap4r2_msgs:/home/sofia/mocap4r2_ws/install/mocap4r2_control_msgs:/opt/openrobots LD_LIBRARY_PATH=/home/sofia/mocap4r2_ws/install/mocap4r2_control/lib:/home/sofia/mocap4r2_ws/install/mocap4r2_msgs/lib:/home/sofia/mocap4r2_ws/install/mocap4r2_control_msgs/lib:/opt/openrobots/lib PYTHONPATH=/home/sofia/mocap4r2_ws/install/mocap4r2_msgs/lib/python3.8/site-packages:/home/sofia/mocap4r2_ws/install/mocap4r2_control_msgs/lib/python3.8/site-packages:/opt/openrobots/lib/python3.8/site-packages /usr/bin/cmake --install /home/sofia/mocap4r2_ws/build/mocap4r2_dummy_driver
