[ 25%] Built target set_gt_component
[ 50%] Built target gt_component
[ 75%] Built target set_gt_cli
[100%] Built target gt_program
-- Install configuration: ""
-- Execute custom install script
-- Symlinking: /home/sofia/mocap4r2_ws/install/mocap4r2_robot_gt/lib/libgt_component.so
-- Symlinking: /home/sofia/mocap4r2_ws/install/mocap4r2_robot_gt/lib/mocap4r2_robot_gt/gt_program
-- Symlinking: /home/sofia/mocap4r2_ws/install/mocap4r2_robot_gt/lib/libset_gt_component.so
-- Symlinking: /home/sofia/mocap4r2_ws/install/mocap4r2_robot_gt/lib/mocap4r2_robot_gt/set_gt_cli
-- Symlinking: /home/sofia/mocap4r2_ws/install/mocap4r2_robot_gt/share/ament_index/resource_index/package_run_dependencies/mocap4r2_robot_gt
-- Symlinking: /home/sofia/mocap4r2_ws/install/mocap4r2_robot_gt/share/ament_index/resource_index/parent_prefix_path/mocap4r2_robot_gt
-- Symlinking: /home/sofia/mocap4r2_ws/install/mocap4r2_robot_gt/share/mocap4r2_robot_gt/environment/ament_prefix_path.sh
-- Symlinking: /home/sofia/mocap4r2_ws/install/mocap4r2_robot_gt/share/mocap4r2_robot_gt/environment/ament_prefix_path.dsv
-- Symlinking: /home/sofia/mocap4r2_ws/install/mocap4r2_robot_gt/share/mocap4r2_robot_gt/environment/path.sh
-- Symlinking: /home/sofia/mocap4r2_ws/install/mocap4r2_robot_gt/share/mocap4r2_robot_gt/environment/path.dsv
-- Symlinking: /home/sofia/mocap4r2_ws/install/mocap4r2_robot_gt/share/mocap4r2_robot_gt/local_setup.bash
-- Symlinking: /home/sofia/mocap4r2_ws/install/mocap4r2_robot_gt/share/mocap4r2_robot_gt/local_setup.sh
-- Symlinking: /home/sofia/mocap4r2_ws/install/mocap4r2_robot_gt/share/mocap4r2_robot_gt/local_setup.zsh
-- Symlinking: /home/sofia/mocap4r2_ws/install/mocap4r2_robot_gt/share/mocap4r2_robot_gt/local_setup.dsv
-- Symlinking: /home/sofia/mocap4r2_ws/install/mocap4r2_robot_gt/share/mocap4r2_robot_gt/package.dsv
-- Symlinking: /home/sofia/mocap4r2_ws/install/mocap4r2_robot_gt/share/ament_index/resource_index/packages/mocap4r2_robot_gt
-- Symlinking: /home/sofia/mocap4r2_ws/install/mocap4r2_robot_gt/share/ament_index/resource_index/rclcpp_components/mocap4r2_robot_gt
-- Symlinking: /home/sofia/mocap4r2_ws/install/mocap4r2_robot_gt/share/mocap4r2_robot_gt/cmake/mocap4r2_robot_gtConfig.cmake
-- Symlinking: /home/sofia/mocap4r2_ws/install/mocap4r2_robot_gt/share/mocap4r2_robot_gt/cmake/mocap4r2_robot_gtConfig-version.cmake
-- Symlinking: /home/sofia/mocap4r2_ws/install/mocap4r2_robot_gt/share/mocap4r2_robot_gt/package.xml
