[1.098s] Invoking command in '/home/sofia/mocap4r2_ws/build/mocap4r2_control_msgs': CMAKE_PREFIX_PATH=/home/sofia/bolt_hardware/workspace/install/reactive_planners:/home/sofia/bolt_hardware/workspace/install/mim_control:/home/sofia/bolt_hardware/workspace/install/bolt:/home/sofia/bolt_hardware/workspace/install/dynamic_graph_manager:/home/sofia/bolt_hardware/workspace/install/dg_tools:/home/sofia/bolt_hardware/workspace/install/yaml_utils:/home/sofia/bolt_hardware/workspace/install/dg_vicon_sdk:/home/sofia/bolt_hardware/workspace/install/vicon_sdk:/home/sofia/bolt_hardware/workspace/install/slider_box:/home/sofia/bolt_hardware/workspace/install/shared_memory:/home/sofia/bolt_hardware/workspace/install/serialization_utils:/home/sofia/bolt_hardware/workspace/install/real_time_tools:/home/sofia/bolt_hardware/workspace/install/robot_properties_solo:/home/sofia/bolt_hardware/workspace/install/robot_properties_bolt:/home/sofia/bolt_hardware/workspace/install/dg_demos:/opt/ros/foxy:/home/sofia/bolt_hardware/workspace/install/odri_control_interface:/home/sofia/bolt_hardware/workspace/install/pybind11:/home/sofia/bolt_hardware/workspace/install/mpi_cmake_modules:/home/sofia/bolt_hardware/workspace/install/mim_msgs:/home/sofia/bolt_hardware/workspace/install/master_board_sdk:/home/sofia/bolt_hardware/workspace/install/googletest-distribution:/opt/openrobots: /usr/bin/cmake /home/sofia/mocap4r2_ws/mocap4r2/mocap4r2_control/mocap4r2_control_msgs -DAMENT_CMAKE_SYMLINK_INSTALL=1 -DCMAKE_INSTALL_PREFIX=/home/sofia/mocap4r2_ws/install/mocap4r2_control_msgs
[1.144s] -- The C compiler identification is GNU 9.4.0
[1.191s] -- The CXX compiler identification is GNU 9.4.0
[1.197s] -- Check for working C compiler: /usr/bin/cc
[1.258s] -- Check for working C compiler: /usr/bin/cc -- works
[1.259s] -- Detecting C compiler ABI info
[1.314s] -- Detecting C compiler ABI info - done
[1.326s] -- Detecting C compile features
[1.326s] -- Detecting C compile features - done
[1.329s] -- Check for working CXX compiler: /usr/bin/c++
[1.396s] -- Check for working CXX compiler: /usr/bin/c++ -- works
[1.396s] -- Detecting CXX compiler ABI info
[1.463s] -- Detecting CXX compiler ABI info - done
[1.474s] -- Detecting CXX compile features
[1.474s] -- Detecting CXX compile features - done
[1.476s] -- Found ament_cmake: 0.9.12 (/opt/ros/foxy/share/ament_cmake/cmake)
[1.501s] -- Found PythonInterp: /usr/bin/python3 (found suitable version "3.8.10", minimum required is "3") 
[1.501s] -- Using PYTHON_EXECUTABLE: /usr/bin/python3
[1.631s] -- Override CMake install command with custom implementation using symlinks instead of copying resources
[1.659s] -- Found rosidl_default_generators: 1.0.1 (/opt/ros/foxy/share/rosidl_default_generators/cmake)
[1.664s] -- Using all available rosidl_typesupport_c: rosidl_typesupport_fastrtps_c;rosidl_typesupport_introspection_c
[1.672s] -- Found rosidl_adapter: 1.3.1 (/opt/ros/foxy/share/rosidl_adapter/cmake)
[1.763s] -- Found OpenSSL: /usr/lib/x86_64-linux-gnu/libcrypto.so (found version "1.1.1f")  
[1.789s] -- Found FastRTPS: /opt/ros/foxy/include  
[1.856s] -- Using all available rosidl_typesupport_cpp: rosidl_typesupport_fastrtps_cpp;rosidl_typesupport_introspection_cpp
[1.881s] -- Found builtin_interfaces: 1.0.0 (/opt/ros/foxy/share/builtin_interfaces/cmake)
[1.893s] -- Found std_msgs: 2.0.5 (/opt/ros/foxy/share/std_msgs/cmake)
[1.909s] -- Found geometry_msgs: 2.0.5 (/opt/ros/foxy/share/geometry_msgs/cmake)
[1.960s] -- Found PythonInterp: /usr/bin/python3 (found version "3.8.10") 
[2.142s] -- Found ament_cmake_ros: 0.9.2 (/opt/ros/foxy/share/ament_cmake_ros/cmake)
[2.351s] -- Using all available rosidl_typesupport_c: rosidl_typesupport_fastrtps_c;rosidl_typesupport_introspection_c
[2.448s] -- Using all available rosidl_typesupport_cpp: rosidl_typesupport_fastrtps_cpp;rosidl_typesupport_introspection_cpp
[2.474s] -- Found PythonInterp: /usr/bin/python3 (found suitable version "3.8.10", minimum required is "3.5") 
[2.476s] -- Found python_cmake_module: 0.8.1 (/opt/ros/foxy/share/python_cmake_module/cmake)
[2.503s] -- Found PythonLibs: /usr/lib/x86_64-linux-gnu/libpython3.8.so (found suitable version "3.8.10", minimum required is "3.5") 
[2.503s] -- Using PYTHON_EXECUTABLE: /usr/bin/python3
[2.503s] -- Using PYTHON_INCLUDE_DIRS: /usr/include/python3.8
[2.503s] -- Using PYTHON_LIBRARIES: /usr/lib/x86_64-linux-gnu/libpython3.8.so
[2.524s] -- Found PythonExtra: .so  
[2.612s] -- Configuring done
[2.653s] -- Generating done
[2.655s] -- Build files have been written to: /home/sofia/mocap4r2_ws/build/mocap4r2_control_msgs
[2.660s] Invoked command in '/home/sofia/mocap4r2_ws/build/mocap4r2_control_msgs' returned '0': CMAKE_PREFIX_PATH=/home/sofia/bolt_hardware/workspace/install/reactive_planners:/home/sofia/bolt_hardware/workspace/install/mim_control:/home/sofia/bolt_hardware/workspace/install/bolt:/home/sofia/bolt_hardware/workspace/install/dynamic_graph_manager:/home/sofia/bolt_hardware/workspace/install/dg_tools:/home/sofia/bolt_hardware/workspace/install/yaml_utils:/home/sofia/bolt_hardware/workspace/install/dg_vicon_sdk:/home/sofia/bolt_hardware/workspace/install/vicon_sdk:/home/sofia/bolt_hardware/workspace/install/slider_box:/home/sofia/bolt_hardware/workspace/install/shared_memory:/home/sofia/bolt_hardware/workspace/install/serialization_utils:/home/sofia/bolt_hardware/workspace/install/real_time_tools:/home/sofia/bolt_hardware/workspace/install/robot_properties_solo:/home/sofia/bolt_hardware/workspace/install/robot_properties_bolt:/home/sofia/bolt_hardware/workspace/install/dg_demos:/opt/ros/foxy:/home/sofia/bolt_hardware/workspace/install/odri_control_interface:/home/sofia/bolt_hardware/workspace/install/pybind11:/home/sofia/bolt_hardware/workspace/install/mpi_cmake_modules:/home/sofia/bolt_hardware/workspace/install/mim_msgs:/home/sofia/bolt_hardware/workspace/install/master_board_sdk:/home/sofia/bolt_hardware/workspace/install/googletest-distribution:/opt/openrobots: /usr/bin/cmake /home/sofia/mocap4r2_ws/mocap4r2/mocap4r2_control/mocap4r2_control_msgs -DAMENT_CMAKE_SYMLINK_INSTALL=1 -DCMAKE_INSTALL_PREFIX=/home/sofia/mocap4r2_ws/install/mocap4r2_control_msgs
[2.662s] Invoking command in '/home/sofia/mocap4r2_ws/build/mocap4r2_control_msgs': CMAKE_PREFIX_PATH=/home/sofia/bolt_hardware/workspace/install/reactive_planners:/home/sofia/bolt_hardware/workspace/install/mim_control:/home/sofia/bolt_hardware/workspace/install/bolt:/home/sofia/bolt_hardware/workspace/install/dynamic_graph_manager:/home/sofia/bolt_hardware/workspace/install/dg_tools:/home/sofia/bolt_hardware/workspace/install/yaml_utils:/home/sofia/bolt_hardware/workspace/install/dg_vicon_sdk:/home/sofia/bolt_hardware/workspace/install/vicon_sdk:/home/sofia/bolt_hardware/workspace/install/slider_box:/home/sofia/bolt_hardware/workspace/install/shared_memory:/home/sofia/bolt_hardware/workspace/install/serialization_utils:/home/sofia/bolt_hardware/workspace/install/real_time_tools:/home/sofia/bolt_hardware/workspace/install/robot_properties_solo:/home/sofia/bolt_hardware/workspace/install/robot_properties_bolt:/home/sofia/bolt_hardware/workspace/install/dg_demos:/opt/ros/foxy:/home/sofia/bolt_hardware/workspace/install/odri_control_interface:/home/sofia/bolt_hardware/workspace/install/pybind11:/home/sofia/bolt_hardware/workspace/install/mpi_cmake_modules:/home/sofia/bolt_hardware/workspace/install/mim_msgs:/home/sofia/bolt_hardware/workspace/install/master_board_sdk:/home/sofia/bolt_hardware/workspace/install/googletest-distribution:/opt/openrobots: /usr/bin/cmake --build /home/sofia/mocap4r2_ws/build/mocap4r2_control_msgs -- -j32 -l32
[2.700s] [35m[1mScanning dependencies of target mocap4r2_control_msgs__cpp[0m
[2.701s] [  2%] [34m[1mGenerating C code for ROS interfaces[0m
[2.710s] [  5%] [34m[1mGenerating C++ code for ROS interfaces[0m
[2.936s] [35m[1mScanning dependencies of target mocap4r2_control_msgs__rosidl_generator_c[0m
[2.939s] [  5%] Built target mocap4r2_control_msgs__cpp
[2.948s] [  7%] [34m[1mGenerating C++ introspection for ROS interfaces[0m
[2.948s] [ 10%] [32mBuilding C object CMakeFiles/mocap4r2_control_msgs__rosidl_generator_c.dir/rosidl_generator_c/mocap4r2_control_msgs/msg/detail/control__functions.c.o[0m
[2.949s] [ 12%] [32mBuilding C object CMakeFiles/mocap4r2_control_msgs__rosidl_generator_c.dir/rosidl_generator_c/mocap4r2_control_msgs/msg/detail/mocap_info__functions.c.o[0m
[2.950s] [ 15%] [34m[1mGenerating C++ type support for eProsima Fast-RTPS[0m
[2.950s] [ 17%] [34m[1mGenerating C++ type support dispatch for ROS interfaces[0m
[2.987s] [ 20%] [32m[1mLinking C shared library libmocap4r2_control_msgs__rosidl_generator_c.so[0m
[3.018s] [ 20%] Built target mocap4r2_control_msgs__rosidl_generator_c
[3.028s] [ 23%] [34m[1mGenerating C introspection for ROS interfaces[0m
[3.029s] [ 25%] [34m[1mGenerating C type support dispatch for ROS interfaces[0m
[3.207s] [35m[1mScanning dependencies of target mocap4r2_control_msgs__rosidl_typesupport_fastrtps_cpp[0m
[3.218s] [35m[1mScanning dependencies of target mocap4r2_control_msgs__rosidl_typesupport_cpp[0m
[3.223s] [35m[1mScanning dependencies of target mocap4r2_control_msgs__rosidl_typesupport_introspection_cpp[0m
[3.224s] [ 28%] [32mBuilding CXX object CMakeFiles/mocap4r2_control_msgs__rosidl_typesupport_fastrtps_cpp.dir/rosidl_typesupport_fastrtps_cpp/mocap4r2_control_msgs/msg/detail/dds_fastrtps/control__type_support.cpp.o[0m
[3.226s] [ 30%] [32mBuilding CXX object CMakeFiles/mocap4r2_control_msgs__rosidl_typesupport_fastrtps_cpp.dir/rosidl_typesupport_fastrtps_cpp/mocap4r2_control_msgs/msg/detail/dds_fastrtps/mocap_info__type_support.cpp.o[0m
[3.233s] [ 33%] [32mBuilding CXX object CMakeFiles/mocap4r2_control_msgs__rosidl_typesupport_cpp.dir/rosidl_typesupport_cpp/mocap4r2_control_msgs/msg/mocap_info__type_support.cpp.o[0m
[3.233s] [ 35%] [32mBuilding CXX object CMakeFiles/mocap4r2_control_msgs__rosidl_typesupport_cpp.dir/rosidl_typesupport_cpp/mocap4r2_control_msgs/msg/control__type_support.cpp.o[0m
[3.236s] [ 38%] [32mBuilding CXX object CMakeFiles/mocap4r2_control_msgs__rosidl_typesupport_introspection_cpp.dir/rosidl_typesupport_introspection_cpp/mocap4r2_control_msgs/msg/detail/control__type_support.cpp.o[0m
[3.240s] [ 41%] [32mBuilding CXX object CMakeFiles/mocap4r2_control_msgs__rosidl_typesupport_introspection_cpp.dir/rosidl_typesupport_introspection_cpp/mocap4r2_control_msgs/msg/detail/mocap_info__type_support.cpp.o[0m
[3.278s] [35m[1mScanning dependencies of target mocap4r2_control_msgs__rosidl_typesupport_c[0m
[3.293s] [ 46%] [32mBuilding CXX object CMakeFiles/mocap4r2_control_msgs__rosidl_typesupport_c.dir/rosidl_typesupport_c/mocap4r2_control_msgs/msg/mocap_info__type_support.cpp.o[0m
[3.293s] [ 46%] [32mBuilding CXX object CMakeFiles/mocap4r2_control_msgs__rosidl_typesupport_c.dir/rosidl_typesupport_c/mocap4r2_control_msgs/msg/control__type_support.cpp.o[0m
[3.312s] [35m[1mScanning dependencies of target mocap4r2_control_msgs__rosidl_typesupport_introspection_c[0m
[3.329s] [ 53%] [32mBuilding C object CMakeFiles/mocap4r2_control_msgs__rosidl_typesupport_introspection_c.dir/rosidl_typesupport_introspection_c/mocap4r2_control_msgs/msg/detail/mocap_info__type_support.c.o[0m
[3.330s] [ 53%] [32mBuilding C object CMakeFiles/mocap4r2_control_msgs__rosidl_typesupport_introspection_c.dir/rosidl_typesupport_introspection_c/mocap4r2_control_msgs/msg/detail/control__type_support.c.o[0m
[3.330s] [ 53%] [32m[1mLinking CXX shared library libmocap4r2_control_msgs__rosidl_typesupport_c.so[0m
[3.368s] [ 56%] [32m[1mLinking C shared library libmocap4r2_control_msgs__rosidl_typesupport_introspection_c.so[0m
[3.374s] [ 56%] Built target mocap4r2_control_msgs__rosidl_typesupport_c
[3.399s] [ 56%] Built target mocap4r2_control_msgs__rosidl_typesupport_introspection_c
[3.552s] [ 58%] [32m[1mLinking CXX shared library libmocap4r2_control_msgs__rosidl_typesupport_cpp.so[0m
[3.559s] [ 61%] [32m[1mLinking CXX shared library libmocap4r2_control_msgs__rosidl_typesupport_introspection_cpp.so[0m
[3.597s] [ 61%] Built target mocap4r2_control_msgs__rosidl_typesupport_cpp
[3.634s] [ 61%] Built target mocap4r2_control_msgs__rosidl_typesupport_introspection_cpp
[3.703s] [ 64%] [32m[1mLinking CXX shared library libmocap4r2_control_msgs__rosidl_typesupport_fastrtps_cpp.so[0m
[3.770s] [ 64%] Built target mocap4r2_control_msgs__rosidl_typesupport_fastrtps_cpp
[3.780s] [ 66%] [34m[1mGenerating C type support for eProsima Fast-RTPS[0m
[3.997s] [35m[1mScanning dependencies of target mocap4r2_control_msgs__rosidl_typesupport_fastrtps_c[0m
[4.012s] [ 71%] [32mBuilding CXX object CMakeFiles/mocap4r2_control_msgs__rosidl_typesupport_fastrtps_c.dir/rosidl_typesupport_fastrtps_c/mocap4r2_control_msgs/msg/detail/mocap_info__type_support_c.cpp.o[0m
[4.012s] [ 71%] [32mBuilding CXX object CMakeFiles/mocap4r2_control_msgs__rosidl_typesupport_fastrtps_c.dir/rosidl_typesupport_fastrtps_c/mocap4r2_control_msgs/msg/detail/control__type_support_c.cpp.o[0m
[4.286s] [ 74%] [32m[1mLinking CXX shared library libmocap4r2_control_msgs__rosidl_typesupport_fastrtps_c.so[0m
[4.350s] [ 74%] Built target mocap4r2_control_msgs__rosidl_typesupport_fastrtps_c
[4.360s] [35m[1mScanning dependencies of target mocap4r2_control_msgs[0m
[4.369s] [ 74%] Built target mocap4r2_control_msgs
[4.378s] [35m[1mScanning dependencies of target mocap4r2_control_msgs__py[0m
[4.388s] [ 76%] [34m[1mGenerating Python code for ROS interfaces[0m
[4.795s] [ 76%] Built target mocap4r2_control_msgs__py
[4.803s] [35m[1mScanning dependencies of target mocap4r2_control_msgs__python[0m
[4.824s] [ 79%] [32mBuilding C object CMakeFiles/mocap4r2_control_msgs__python.dir/rosidl_generator_py/mocap4r2_control_msgs/msg/_control_s.c.o[0m
[4.825s] [ 82%] [32mBuilding C object CMakeFiles/mocap4r2_control_msgs__python.dir/rosidl_generator_py/mocap4r2_control_msgs/msg/_mocap_info_s.c.o[0m
[4.916s] [ 84%] [32m[1mLinking C shared library rosidl_generator_py/mocap4r2_control_msgs/libmocap4r2_control_msgs__python.so[0m
[4.985s] [ 84%] Built target mocap4r2_control_msgs__python
[4.994s] [35m[1mScanning dependencies of target mocap4r2_control_msgs__rosidl_typesupport_c__pyext[0m
[4.994s] [35m[1mScanning dependencies of target mocap4r2_control_msgs__rosidl_typesupport_fastrtps_c__pyext[0m
[4.994s] [35m[1mScanning dependencies of target mocap4r2_control_msgs__rosidl_typesupport_introspection_c__pyext[0m
[5.009s] [ 87%] [32mBuilding C object CMakeFiles/mocap4r2_control_msgs__rosidl_typesupport_c__pyext.dir/rosidl_generator_py/mocap4r2_control_msgs/_mocap4r2_control_msgs_s.ep.rosidl_typesupport_c.c.o[0m
[5.010s] [ 89%] [32mBuilding C object CMakeFiles/mocap4r2_control_msgs__rosidl_typesupport_introspection_c__pyext.dir/rosidl_generator_py/mocap4r2_control_msgs/_mocap4r2_control_msgs_s.ep.rosidl_typesupport_introspection_c.c.o[0m
[5.011s] [ 92%] [32mBuilding C object CMakeFiles/mocap4r2_control_msgs__rosidl_typesupport_fastrtps_c__pyext.dir/rosidl_generator_py/mocap4r2_control_msgs/_mocap4r2_control_msgs_s.ep.rosidl_typesupport_fastrtps_c.c.o[0m
[5.078s] [ 94%] [32m[1mLinking C shared library rosidl_generator_py/mocap4r2_control_msgs/mocap4r2_control_msgs_s__rosidl_typesupport_c.cpython-38-x86_64-linux-gnu.so[0m
[5.080s] [100%] [32m[1mLinking C shared library rosidl_generator_py/mocap4r2_control_msgs/mocap4r2_control_msgs_s__rosidl_typesupport_introspection_c.cpython-38-x86_64-linux-gnu.so[0m
[5.080s] [100%] [32m[1mLinking CXX shared library rosidl_generator_py/mocap4r2_control_msgs/mocap4r2_control_msgs_s__rosidl_typesupport_fastrtps_c.cpython-38-x86_64-linux-gnu.so[0m
[5.112s] [100%] Built target mocap4r2_control_msgs__rosidl_typesupport_c__pyext
[5.112s] [100%] Built target mocap4r2_control_msgs__rosidl_typesupport_introspection_c__pyext
[5.134s] [100%] Built target mocap4r2_control_msgs__rosidl_typesupport_fastrtps_c__pyext
[5.143s] Invoked command in '/home/sofia/mocap4r2_ws/build/mocap4r2_control_msgs' returned '0': CMAKE_PREFIX_PATH=/home/sofia/bolt_hardware/workspace/install/reactive_planners:/home/sofia/bolt_hardware/workspace/install/mim_control:/home/sofia/bolt_hardware/workspace/install/bolt:/home/sofia/bolt_hardware/workspace/install/dynamic_graph_manager:/home/sofia/bolt_hardware/workspace/install/dg_tools:/home/sofia/bolt_hardware/workspace/install/yaml_utils:/home/sofia/bolt_hardware/workspace/install/dg_vicon_sdk:/home/sofia/bolt_hardware/workspace/install/vicon_sdk:/home/sofia/bolt_hardware/workspace/install/slider_box:/home/sofia/bolt_hardware/workspace/install/shared_memory:/home/sofia/bolt_hardware/workspace/install/serialization_utils:/home/sofia/bolt_hardware/workspace/install/real_time_tools:/home/sofia/bolt_hardware/workspace/install/robot_properties_solo:/home/sofia/bolt_hardware/workspace/install/robot_properties_bolt:/home/sofia/bolt_hardware/workspace/install/dg_demos:/opt/ros/foxy:/home/sofia/bolt_hardware/workspace/install/odri_control_interface:/home/sofia/bolt_hardware/workspace/install/pybind11:/home/sofia/bolt_hardware/workspace/install/mpi_cmake_modules:/home/sofia/bolt_hardware/workspace/install/mim_msgs:/home/sofia/bolt_hardware/workspace/install/master_board_sdk:/home/sofia/bolt_hardware/workspace/install/googletest-distribution:/opt/openrobots: /usr/bin/cmake --build /home/sofia/mocap4r2_ws/build/mocap4r2_control_msgs -- -j32 -l32
[5.205s] Invoking command in '/home/sofia/mocap4r2_ws/build/mocap4r2_control_msgs': CMAKE_PREFIX_PATH=/home/sofia/bolt_hardware/workspace/install/reactive_planners:/home/sofia/bolt_hardware/workspace/install/mim_control:/home/sofia/bolt_hardware/workspace/install/bolt:/home/sofia/bolt_hardware/workspace/install/dynamic_graph_manager:/home/sofia/bolt_hardware/workspace/install/dg_tools:/home/sofia/bolt_hardware/workspace/install/yaml_utils:/home/sofia/bolt_hardware/workspace/install/dg_vicon_sdk:/home/sofia/bolt_hardware/workspace/install/vicon_sdk:/home/sofia/bolt_hardware/workspace/install/slider_box:/home/sofia/bolt_hardware/workspace/install/shared_memory:/home/sofia/bolt_hardware/workspace/install/serialization_utils:/home/sofia/bolt_hardware/workspace/install/real_time_tools:/home/sofia/bolt_hardware/workspace/install/robot_properties_solo:/home/sofia/bolt_hardware/workspace/install/robot_properties_bolt:/home/sofia/bolt_hardware/workspace/install/dg_demos:/opt/ros/foxy:/home/sofia/bolt_hardware/workspace/install/odri_control_interface:/home/sofia/bolt_hardware/workspace/install/pybind11:/home/sofia/bolt_hardware/workspace/install/mpi_cmake_modules:/home/sofia/bolt_hardware/workspace/install/mim_msgs:/home/sofia/bolt_hardware/workspace/install/master_board_sdk:/home/sofia/bolt_hardware/workspace/install/googletest-distribution:/opt/openrobots: /usr/bin/cmake --install /home/sofia/mocap4r2_ws/build/mocap4r2_control_msgs
[5.213s] -- Install configuration: ""
[5.213s] -- Execute custom install script
[5.214s] -- Symlinking: /home/sofia/mocap4r2_ws/install/mocap4r2_control_msgs/share/ament_index/resource_index/rosidl_interfaces/mocap4r2_control_msgs
[5.222s] -- Symlinking: /home/sofia/mocap4r2_ws/install/mocap4r2_control_msgs/include/mocap4r2_control_msgs/msg/control.h
[5.229s] -- Symlinking: /home/sofia/mocap4r2_ws/install/mocap4r2_control_msgs/include/mocap4r2_control_msgs/msg/detail/control__functions.h
[5.237s] -- Symlinking: /home/sofia/mocap4r2_ws/install/mocap4r2_control_msgs/include/mocap4r2_control_msgs/msg/detail/control__struct.h
[5.244s] -- Symlinking: /home/sofia/mocap4r2_ws/install/mocap4r2_control_msgs/include/mocap4r2_control_msgs/msg/detail/control__type_support.h
[5.251s] -- Symlinking: /home/sofia/mocap4r2_ws/install/mocap4r2_control_msgs/include/mocap4r2_control_msgs/msg/detail/mocap_info__functions.h
[5.258s] -- Symlinking: /home/sofia/mocap4r2_ws/install/mocap4r2_control_msgs/include/mocap4r2_control_msgs/msg/detail/mocap_info__struct.h
[5.264s] -- Symlinking: /home/sofia/mocap4r2_ws/install/mocap4r2_control_msgs/include/mocap4r2_control_msgs/msg/detail/mocap_info__type_support.h
[5.273s] -- Symlinking: /home/sofia/mocap4r2_ws/install/mocap4r2_control_msgs/include/mocap4r2_control_msgs/msg/mocap_info.h
[5.280s] -- Symlinking: /home/sofia/mocap4r2_ws/install/mocap4r2_control_msgs/include/mocap4r2_control_msgs/msg/rosidl_generator_c__visibility_control.h
[5.287s] -- Symlinking: /home/sofia/mocap4r2_ws/install/mocap4r2_control_msgs/share/mocap4r2_control_msgs/environment/library_path.sh
[5.296s] -- Symlinking: /home/sofia/mocap4r2_ws/install/mocap4r2_control_msgs/share/mocap4r2_control_msgs/environment/library_path.dsv
[5.304s] -- Symlinking: /home/sofia/mocap4r2_ws/install/mocap4r2_control_msgs/include/mocap4r2_control_msgs/msg/detail/control__rosidl_typesupport_fastrtps_c.h
[5.311s] -- Symlinking: /home/sofia/mocap4r2_ws/install/mocap4r2_control_msgs/include/mocap4r2_control_msgs/msg/detail/mocap_info__rosidl_typesupport_fastrtps_c.h
[5.319s] -- Symlinking: /home/sofia/mocap4r2_ws/install/mocap4r2_control_msgs/include/mocap4r2_control_msgs/msg/rosidl_typesupport_fastrtps_c__visibility_control.h
[5.327s] -- Symlinking: /home/sofia/mocap4r2_ws/install/mocap4r2_control_msgs/lib/libmocap4r2_control_msgs__rosidl_typesupport_fastrtps_c.so
[5.335s] -- Symlinking: /home/sofia/mocap4r2_ws/install/mocap4r2_control_msgs/include/mocap4r2_control_msgs/msg/detail/control__rosidl_typesupport_fastrtps_cpp.hpp
[5.342s] -- Symlinking: /home/sofia/mocap4r2_ws/install/mocap4r2_control_msgs/include/mocap4r2_control_msgs/msg/detail/mocap_info__rosidl_typesupport_fastrtps_cpp.hpp
[5.350s] -- Symlinking: /home/sofia/mocap4r2_ws/install/mocap4r2_control_msgs/include/mocap4r2_control_msgs/msg/rosidl_typesupport_fastrtps_cpp__visibility_control.h
[5.358s] -- Symlinking: /home/sofia/mocap4r2_ws/install/mocap4r2_control_msgs/lib/libmocap4r2_control_msgs__rosidl_typesupport_fastrtps_cpp.so
[5.366s] -- Symlinking: /home/sofia/mocap4r2_ws/install/mocap4r2_control_msgs/include/mocap4r2_control_msgs/msg/detail/control__rosidl_typesupport_introspection_c.h
[5.373s] -- Symlinking: /home/sofia/mocap4r2_ws/install/mocap4r2_control_msgs/include/mocap4r2_control_msgs/msg/detail/mocap_info__rosidl_typesupport_introspection_c.h
[5.380s] -- Symlinking: /home/sofia/mocap4r2_ws/install/mocap4r2_control_msgs/include/mocap4r2_control_msgs/msg/rosidl_typesupport_introspection_c__visibility_control.h
[5.389s] -- Symlinking: /home/sofia/mocap4r2_ws/install/mocap4r2_control_msgs/include/mocap4r2_control_msgs/msg/control.hpp
[5.396s] -- Symlinking: /home/sofia/mocap4r2_ws/install/mocap4r2_control_msgs/include/mocap4r2_control_msgs/msg/detail/control__builder.hpp
[5.403s] -- Symlinking: /home/sofia/mocap4r2_ws/install/mocap4r2_control_msgs/include/mocap4r2_control_msgs/msg/detail/control__struct.hpp
[5.411s] -- Symlinking: /home/sofia/mocap4r2_ws/install/mocap4r2_control_msgs/include/mocap4r2_control_msgs/msg/detail/control__traits.hpp
[5.420s] -- Symlinking: /home/sofia/mocap4r2_ws/install/mocap4r2_control_msgs/include/mocap4r2_control_msgs/msg/detail/control__type_support.hpp
[5.427s] -- Symlinking: /home/sofia/mocap4r2_ws/install/mocap4r2_control_msgs/include/mocap4r2_control_msgs/msg/detail/mocap_info__builder.hpp
[5.435s] -- Symlinking: /home/sofia/mocap4r2_ws/install/mocap4r2_control_msgs/include/mocap4r2_control_msgs/msg/detail/mocap_info__struct.hpp
[5.442s] -- Symlinking: /home/sofia/mocap4r2_ws/install/mocap4r2_control_msgs/include/mocap4r2_control_msgs/msg/detail/mocap_info__traits.hpp
[5.448s] -- Symlinking: /home/sofia/mocap4r2_ws/install/mocap4r2_control_msgs/include/mocap4r2_control_msgs/msg/detail/mocap_info__type_support.hpp
[5.456s] -- Symlinking: /home/sofia/mocap4r2_ws/install/mocap4r2_control_msgs/include/mocap4r2_control_msgs/msg/mocap_info.hpp
[5.464s] -- Symlinking: /home/sofia/mocap4r2_ws/install/mocap4r2_control_msgs/include/mocap4r2_control_msgs/msg/rosidl_generator_cpp__visibility_control.hpp
[5.471s] -- Symlinking: /home/sofia/mocap4r2_ws/install/mocap4r2_control_msgs/include/mocap4r2_control_msgs/msg/detail/control__rosidl_typesupport_introspection_cpp.hpp
[5.480s] -- Symlinking: /home/sofia/mocap4r2_ws/install/mocap4r2_control_msgs/include/mocap4r2_control_msgs/msg/detail/mocap_info__rosidl_typesupport_introspection_cpp.hpp
[5.488s] -- Symlinking: /home/sofia/mocap4r2_ws/install/mocap4r2_control_msgs/share/mocap4r2_control_msgs/environment/pythonpath.sh
[5.497s] -- Symlinking: /home/sofia/mocap4r2_ws/install/mocap4r2_control_msgs/share/mocap4r2_control_msgs/environment/pythonpath.dsv
[5.505s] -- Symlinking: /home/sofia/mocap4r2_ws/install/mocap4r2_control_msgs/lib/python3.8/site-packages/mocap4r2_control_msgs/__init__.py
[5.513s] -- Symlinking: /home/sofia/mocap4r2_ws/install/mocap4r2_control_msgs/lib/python3.8/site-packages/mocap4r2_control_msgs/msg/__init__.py
[5.521s] -- Symlinking: /home/sofia/mocap4r2_ws/install/mocap4r2_control_msgs/lib/python3.8/site-packages/mocap4r2_control_msgs/msg/_control.py
[5.530s] -- Symlinking: /home/sofia/mocap4r2_ws/install/mocap4r2_control_msgs/lib/python3.8/site-packages/mocap4r2_control_msgs/msg/_mocap_info.py
[5.538s] -- Symlinking: /home/sofia/mocap4r2_ws/install/mocap4r2_control_msgs/lib/python3.8/site-packages/mocap4r2_control_msgs/mocap4r2_control_msgs_s__rosidl_typesupport_fastrtps_c.cpython-38-x86_64-linux-gnu.so
[5.547s] -- Symlinking: /home/sofia/mocap4r2_ws/install/mocap4r2_control_msgs/lib/python3.8/site-packages/mocap4r2_control_msgs/mocap4r2_control_msgs_s__rosidl_typesupport_introspection_c.cpython-38-x86_64-linux-gnu.so
[5.555s] -- Symlinking: /home/sofia/mocap4r2_ws/install/mocap4r2_control_msgs/lib/python3.8/site-packages/mocap4r2_control_msgs/mocap4r2_control_msgs_s__rosidl_typesupport_c.cpython-38-x86_64-linux-gnu.so
[5.562s] -- Symlinking: /home/sofia/mocap4r2_ws/install/mocap4r2_control_msgs/lib/libmocap4r2_control_msgs__python.so
[5.570s] -- Symlinking: /home/sofia/mocap4r2_ws/install/mocap4r2_control_msgs/share/mocap4r2_control_msgs/msg/Control.idl
[5.578s] -- Symlinking: /home/sofia/mocap4r2_ws/install/mocap4r2_control_msgs/share/mocap4r2_control_msgs/msg/MocapInfo.idl
[5.586s] -- Symlinking: /home/sofia/mocap4r2_ws/install/mocap4r2_control_msgs/share/mocap4r2_control_msgs/msg/Control.msg
[5.595s] -- Symlinking: /home/sofia/mocap4r2_ws/install/mocap4r2_control_msgs/share/mocap4r2_control_msgs/msg/MocapInfo.msg
[5.603s] -- Symlinking: /home/sofia/mocap4r2_ws/install/mocap4r2_control_msgs/share/mocap4r2_control_msgs/mocap4r2_control_bridge_mapping_rule.yaml
[5.612s] -- Symlinking: /home/sofia/mocap4r2_ws/install/mocap4r2_control_msgs/share/ament_index/resource_index/package_run_dependencies/mocap4r2_control_msgs
[5.619s] -- Symlinking: /home/sofia/mocap4r2_ws/install/mocap4r2_control_msgs/share/ament_index/resource_index/parent_prefix_path/mocap4r2_control_msgs
[5.627s] -- Symlinking: /home/sofia/mocap4r2_ws/install/mocap4r2_control_msgs/share/mocap4r2_control_msgs/environment/ament_prefix_path.sh
[5.636s] -- Symlinking: /home/sofia/mocap4r2_ws/install/mocap4r2_control_msgs/share/mocap4r2_control_msgs/environment/ament_prefix_path.dsv
[5.644s] -- Symlinking: /home/sofia/mocap4r2_ws/install/mocap4r2_control_msgs/share/mocap4r2_control_msgs/environment/path.sh
[5.655s] -- Symlinking: /home/sofia/mocap4r2_ws/install/mocap4r2_control_msgs/share/mocap4r2_control_msgs/environment/path.dsv
[5.662s] -- Symlinking: /home/sofia/mocap4r2_ws/install/mocap4r2_control_msgs/share/mocap4r2_control_msgs/local_setup.bash
[5.669s] -- Symlinking: /home/sofia/mocap4r2_ws/install/mocap4r2_control_msgs/share/mocap4r2_control_msgs/local_setup.sh
[5.677s] -- Symlinking: /home/sofia/mocap4r2_ws/install/mocap4r2_control_msgs/share/mocap4r2_control_msgs/local_setup.zsh
[5.685s] -- Symlinking: /home/sofia/mocap4r2_ws/install/mocap4r2_control_msgs/share/mocap4r2_control_msgs/local_setup.dsv
[5.692s] -- Symlinking: /home/sofia/mocap4r2_ws/install/mocap4r2_control_msgs/share/mocap4r2_control_msgs/package.dsv
[5.699s] -- Symlinking: /home/sofia/mocap4r2_ws/install/mocap4r2_control_msgs/share/ament_index/resource_index/packages/mocap4r2_control_msgs
[5.707s] -- Symlinking: /home/sofia/mocap4r2_ws/install/mocap4r2_control_msgs/share/mocap4r2_control_msgs/cmake/rosidl_cmake-extras.cmake
[5.714s] -- Symlinking: /home/sofia/mocap4r2_ws/install/mocap4r2_control_msgs/share/mocap4r2_control_msgs/cmake/ament_cmake_export_dependencies-extras.cmake
[5.721s] -- Symlinking: /home/sofia/mocap4r2_ws/install/mocap4r2_control_msgs/share/mocap4r2_control_msgs/cmake/ament_cmake_export_libraries-extras.cmake
[5.729s] -- Symlinking: /home/sofia/mocap4r2_ws/install/mocap4r2_control_msgs/share/mocap4r2_control_msgs/cmake/ament_cmake_export_targets-extras.cmake
[5.737s] -- Symlinking: /home/sofia/mocap4r2_ws/install/mocap4r2_control_msgs/share/mocap4r2_control_msgs/cmake/ament_cmake_export_include_directories-extras.cmake
[5.744s] -- Symlinking: /home/sofia/mocap4r2_ws/install/mocap4r2_control_msgs/share/mocap4r2_control_msgs/cmake/rosidl_cmake_export_typesupport_libraries-extras.cmake
[5.754s] -- Symlinking: /home/sofia/mocap4r2_ws/install/mocap4r2_control_msgs/share/mocap4r2_control_msgs/cmake/rosidl_cmake_export_typesupport_targets-extras.cmake
[5.761s] -- Symlinking: /home/sofia/mocap4r2_ws/install/mocap4r2_control_msgs/share/mocap4r2_control_msgs/cmake/mocap4r2_control_msgsConfig.cmake
[5.767s] -- Symlinking: /home/sofia/mocap4r2_ws/install/mocap4r2_control_msgs/share/mocap4r2_control_msgs/cmake/mocap4r2_control_msgsConfig-version.cmake
[5.779s] -- Symlinking: /home/sofia/mocap4r2_ws/install/mocap4r2_control_msgs/share/mocap4r2_control_msgs/package.xml
[5.786s] -- Installing: /home/sofia/mocap4r2_ws/install/mocap4r2_control_msgs/lib/libmocap4r2_control_msgs__rosidl_generator_c.so
[5.786s] -- Set runtime path of "/home/sofia/mocap4r2_ws/install/mocap4r2_control_msgs/lib/libmocap4r2_control_msgs__rosidl_generator_c.so" to ""
[5.786s] -- Installing: /home/sofia/mocap4r2_ws/install/mocap4r2_control_msgs/lib/libmocap4r2_control_msgs__rosidl_typesupport_introspection_c.so
[5.786s] -- Set runtime path of "/home/sofia/mocap4r2_ws/install/mocap4r2_control_msgs/lib/libmocap4r2_control_msgs__rosidl_typesupport_introspection_c.so" to ""
[5.787s] -- Installing: /home/sofia/mocap4r2_ws/install/mocap4r2_control_msgs/lib/libmocap4r2_control_msgs__rosidl_typesupport_c.so
[5.787s] -- Set runtime path of "/home/sofia/mocap4r2_ws/install/mocap4r2_control_msgs/lib/libmocap4r2_control_msgs__rosidl_typesupport_c.so" to ""
[5.787s] -- Installing: /home/sofia/mocap4r2_ws/install/mocap4r2_control_msgs/lib/libmocap4r2_control_msgs__rosidl_typesupport_introspection_cpp.so
[5.787s] -- Set runtime path of "/home/sofia/mocap4r2_ws/install/mocap4r2_control_msgs/lib/libmocap4r2_control_msgs__rosidl_typesupport_introspection_cpp.so" to ""
[5.787s] -- Installing: /home/sofia/mocap4r2_ws/install/mocap4r2_control_msgs/lib/libmocap4r2_control_msgs__rosidl_typesupport_cpp.so
[5.788s] -- Set runtime path of "/home/sofia/mocap4r2_ws/install/mocap4r2_control_msgs/lib/libmocap4r2_control_msgs__rosidl_typesupport_cpp.so" to ""
[5.815s] Compiling '/home/sofia/mocap4r2_ws/install/mocap4r2_control_msgs/lib/python3.8/site-packages/mocap4r2_control_msgs/__init__.py'...
[5.818s] -- Installing: /home/sofia/mocap4r2_ws/install/mocap4r2_control_msgs/share/mocap4r2_control_msgs/cmake/mocap4r2_control_msgs__rosidl_generator_cExport.cmake
[5.818s] -- Installing: /home/sofia/mocap4r2_ws/install/mocap4r2_control_msgs/share/mocap4r2_control_msgs/cmake/mocap4r2_control_msgs__rosidl_generator_cExport-noconfig.cmake
[5.818s] -- Installing: /home/sofia/mocap4r2_ws/install/mocap4r2_control_msgs/share/mocap4r2_control_msgs/cmake/mocap4r2_control_msgs__rosidl_typesupport_introspection_cExport.cmake
[5.819s] -- Installing: /home/sofia/mocap4r2_ws/install/mocap4r2_control_msgs/share/mocap4r2_control_msgs/cmake/mocap4r2_control_msgs__rosidl_typesupport_introspection_cExport-noconfig.cmake
[5.819s] -- Installing: /home/sofia/mocap4r2_ws/install/mocap4r2_control_msgs/share/mocap4r2_control_msgs/cmake/mocap4r2_control_msgs__rosidl_typesupport_cExport.cmake
[5.819s] -- Installing: /home/sofia/mocap4r2_ws/install/mocap4r2_control_msgs/share/mocap4r2_control_msgs/cmake/mocap4r2_control_msgs__rosidl_typesupport_cExport-noconfig.cmake
[5.819s] -- Installing: /home/sofia/mocap4r2_ws/install/mocap4r2_control_msgs/share/mocap4r2_control_msgs/cmake/mocap4r2_control_msgs__rosidl_generator_cppExport.cmake
[5.819s] -- Installing: /home/sofia/mocap4r2_ws/install/mocap4r2_control_msgs/share/mocap4r2_control_msgs/cmake/mocap4r2_control_msgs__rosidl_typesupport_introspection_cppExport.cmake
[5.820s] -- Installing: /home/sofia/mocap4r2_ws/install/mocap4r2_control_msgs/share/mocap4r2_control_msgs/cmake/mocap4r2_control_msgs__rosidl_typesupport_introspection_cppExport-noconfig.cmake
[5.820s] -- Installing: /home/sofia/mocap4r2_ws/install/mocap4r2_control_msgs/share/mocap4r2_control_msgs/cmake/mocap4r2_control_msgs__rosidl_typesupport_cppExport.cmake
[5.820s] -- Installing: /home/sofia/mocap4r2_ws/install/mocap4r2_control_msgs/share/mocap4r2_control_msgs/cmake/mocap4r2_control_msgs__rosidl_typesupport_cppExport-noconfig.cmake
[5.961s] Invoked command in '/home/sofia/mocap4r2_ws/build/mocap4r2_control_msgs' returned '0': CMAKE_PREFIX_PATH=/home/sofia/bolt_hardware/workspace/install/reactive_planners:/home/sofia/bolt_hardware/workspace/install/mim_control:/home/sofia/bolt_hardware/workspace/install/bolt:/home/sofia/bolt_hardware/workspace/install/dynamic_graph_manager:/home/sofia/bolt_hardware/workspace/install/dg_tools:/home/sofia/bolt_hardware/workspace/install/yaml_utils:/home/sofia/bolt_hardware/workspace/install/dg_vicon_sdk:/home/sofia/bolt_hardware/workspace/install/vicon_sdk:/home/sofia/bolt_hardware/workspace/install/slider_box:/home/sofia/bolt_hardware/workspace/install/shared_memory:/home/sofia/bolt_hardware/workspace/install/serialization_utils:/home/sofia/bolt_hardware/workspace/install/real_time_tools:/home/sofia/bolt_hardware/workspace/install/robot_properties_solo:/home/sofia/bolt_hardware/workspace/install/robot_properties_bolt:/home/sofia/bolt_hardware/workspace/install/dg_demos:/opt/ros/foxy:/home/sofia/bolt_hardware/workspace/install/odri_control_interface:/home/sofia/bolt_hardware/workspace/install/pybind11:/home/sofia/bolt_hardware/workspace/install/mpi_cmake_modules:/home/sofia/bolt_hardware/workspace/install/mim_msgs:/home/sofia/bolt_hardware/workspace/install/master_board_sdk:/home/sofia/bolt_hardware/workspace/install/googletest-distribution:/opt/openrobots: /usr/bin/cmake --install /home/sofia/mocap4r2_ws/build/mocap4r2_control_msgs
